#
# There is insufficient memory for the Java Runtime Environment to continue.
# Native memory allocation (malloc) failed to allocate 8793424 bytes. Error detail: Chunk::new
# Possible reasons:
#   The system is out of physical RAM or swap space
#   This process is running with CompressedOops enabled, and the Java Heap may be blocking the growth of the native heap
# Possible solutions:
#   Reduce memory load on the system
#   Increase physical memory or swap space
#   Check if swap backing store is full
#   Decrease Java heap size (-Xmx/-Xms)
#   Decrease number of Java threads
#   Decrease Java thread stack sizes (-Xss)
#   Set larger code cache with -XX:ReservedCodeCacheSize=
#   JVM is running with Zero Based Compressed Oops mode in which the Java heap is
#     placed in the first 32GB address space. The Java Heap base address is the
#     maximum limit for the native heap growth. Please use -XX:HeapBaseMinAddress
#     to set the Java Heap base and to place the Java Heap above 32GB virtual address.
# This output file may be truncated or incomplete.
#
#  Out of Memory Error (arena.cpp:162), pid=13624, tid=20524
#
# JRE version: Java(TM) SE Runtime Environment (24.0.1+9) (build 24.0.1+9-30)
# Java VM: Java HotSpot(TM) 64-Bit Server VM (24.0.1+9-30, mixed mode, sharing, tiered, compressed oops, compressed class ptrs, g1 gc, windows-amd64)
# No core dump will be written. Minidumps are not enabled by default on client versions of Windows
#

---------------  S U M M A R Y ------------

Command Line: -agentlib:jdwp=transport=dt_socket,address=127.0.0.1:52146,suspend=y,server=n --enable-preview -javaagent:C:\Users\saibe\AppData\Local\JetBrains\IdeaIC2024.3\captureAgent\debugger-agent.jar -Dkotlinx.coroutines.debug.enable.creation.stack.trace=false -Ddebugger.agent.enable.coroutines=true -Dkotlinx.coroutines.debug.enable.flows.stack.trace=true -Dkotlinx.coroutines.debug.enable.mutable.state.flows.stack.trace=true -Dfile.encoding=UTF-8 -Dsun.stdout.encoding=UTF-8 -Dsun.stderr.encoding=UTF-8 com.infobyte.task.project.TaskProjectApplication

Host: 13th Gen Intel(R) Core(TM) i7-1355U, 12 cores, 13G,  Windows 11 , 64 bit Build 26100 (10.0.26100.4484)
Time: Tue Jul 29 16:59:37 2025 India Standard Time elapsed time: 15.685366 seconds (0d 0h 0m 15s)

---------------  T H R E A D  ---------------

Current thread (0x000001f145f516f0):  JavaThread "C2 CompilerThread2" daemon [_thread_in_native, id=20524, stack(0x000000bdbb500000,0x000000bdbb600000) (1024K)]


Current CompileTask:
C2:15685 7800       4       org.springframework.core.ResolvableType::resolveType (143 bytes)

Stack: [0x000000bdbb500000,0x000000bdbb600000]
Native frames: (J=compiled Java code, j=interpreted, Vv=VM code, C=native code)
V  [jvm.dll+0x730739]  (no source info available)
V  [jvm.dll+0x8d9b23]  (no source info available)
V  [jvm.dll+0x8dc00d]  (no source info available)
V  [jvm.dll+0x8dc683]  (no source info available)
V  [jvm.dll+0x2aa086]  (no source info available)
V  [jvm.dll+0xcedef]  (no source info available)
V  [jvm.dll+0xcf04f]  (no source info available)
V  [jvm.dll+0x154d83]  (no source info available)
V  [jvm.dll+0x735f5f]  (no source info available)
V  [jvm.dll+0x26fa1c]  (no source info available)
V  [jvm.dll+0x26ea3f]  (no source info available)
V  [jvm.dll+0x1e9d60]  (no source info available)
V  [jvm.dll+0x27e1fb]  (no source info available)
V  [jvm.dll+0x27c49a]  (no source info available)
V  [jvm.dll+0x42f456]  (no source info available)
V  [jvm.dll+0x87d76b]  (no source info available)
V  [jvm.dll+0x72ee55]  (no source info available)
C  [ucrtbase.dll+0x37b0]  (no source info available)
C  [KERNEL32.DLL+0x2e8d7]  (no source info available)
C  [ntdll.dll+0x3c34c]  (no source info available)

Lock stack of current Java thread (top to bottom):


---------------  P R O C E S S  ---------------

Threads class SMR info:
_java_thread_list=0x000001f149427020, length=23, elements={
0x000001f14e171890, 0x000001f16cc017a0, 0x000001f16cc040f0, 0x000001f16cc08410,
0x000001f145030090, 0x000001f16cc0a080, 0x000001f16cc188a0, 0x000001f16cc1a5e0,
0x000001f16cc1b8e0, 0x000001f1451e90b0, 0x000001f1451e9800, 0x000001f1451e9f50,
0x000001f145393240, 0x000001f145392af0, 0x000001f145391500, 0x000001f145391c50,
0x000001f16ec45200, 0x000001f16ec460a0, 0x000001f1483475f0, 0x000001f1483442c0,
0x000001f1483458b0, 0x000001f1451b5120, 0x000001f145f516f0
}

Java Threads: ( => current thread )
  0x000001f14e171890 JavaThread "main"                              [_thread_blocked, id=22696, stack(0x000000bdb9400000,0x000000bdb9500000) (1024K)]
  0x000001f16cc017a0 JavaThread "Reference Handler"          daemon [_thread_blocked, id=22892, stack(0x000000bdb9c00000,0x000000bdb9d00000) (1024K)]
  0x000001f16cc040f0 JavaThread "Finalizer"                  daemon [_thread_blocked, id=16852, stack(0x000000bdb9d00000,0x000000bdb9e00000) (1024K)]
  0x000001f16cc08410 JavaThread "Signal Dispatcher"          daemon [_thread_blocked, id=1916, stack(0x000000bdb9e00000,0x000000bdb9f00000) (1024K)]
  0x000001f145030090 JavaThread "Attach Listener"            daemon [_thread_blocked, id=21796, stack(0x000000bdb9f00000,0x000000bdba000000) (1024K)]
  0x000001f16cc0a080 JavaThread "Service Thread"             daemon [_thread_blocked, id=4452, stack(0x000000bdba000000,0x000000bdba100000) (1024K)]
  0x000001f16cc188a0 JavaThread "Monitor Deflation Thread"   daemon [_thread_blocked, id=12712, stack(0x000000bdba100000,0x000000bdba200000) (1024K)]
  0x000001f16cc1a5e0 JavaThread "C2 CompilerThread0"         daemon [_thread_in_native, id=5332, stack(0x000000bdba200000,0x000000bdba300000) (1024K)]
  0x000001f16cc1b8e0 JavaThread "C1 CompilerThread0"         daemon [_thread_blocked, id=20396, stack(0x000000bdba300000,0x000000bdba400000) (1024K)]
  0x000001f1451e90b0 JavaThread "JDWP Transport Listener: dt_socket" daemon [_thread_blocked, id=10712, stack(0x000000bdba400000,0x000000bdba500000) (1024K)]
  0x000001f1451e9800 JavaThread "JDWP Event Helper Thread"   daemon [_thread_blocked, id=23064, stack(0x000000bdba500000,0x000000bdba600000) (1024K)]
  0x000001f1451e9f50 JavaThread "JDWP Command Reader"        daemon [_thread_in_native, id=20452, stack(0x000000bdba600000,0x000000bdba700000) (1024K)]
  0x000001f145393240 JavaThread "Notification Thread"        daemon [_thread_blocked, id=5716, stack(0x000000bdba700000,0x000000bdba800000) (1024K)]
  0x000001f145392af0 JavaThread "Common-Cleaner"             daemon [_thread_blocked, id=13924, stack(0x000000bdba800000,0x000000bdba900000) (1024K)]
  0x000001f145391500 JavaThread "Thread-0"                          [_thread_blocked, id=21548, stack(0x000000bdbaa00000,0x000000bdbab00000) (1024K)]
  0x000001f145391c50 JavaThread "restartedMain"                     [_thread_in_Java, id=4748, stack(0x000000bdbab00000,0x000000bdbac00000) (1024K)]
  0x000001f16ec45200 JavaThread "PostgreSQL-JDBC-Cleaner"    daemon [_thread_blocked, id=13780, stack(0x000000bdbb900000,0x000000bdbba00000) (1024K)]
  0x000001f16ec460a0 JavaThread "HikariPool-1:housekeeper"   daemon [_thread_blocked, id=20468, stack(0x000000bdbba00000,0x000000bdbbb00000) (1024K)]
  0x000001f1483475f0 JavaThread "Catalina-utility-1"                [_thread_blocked, id=9220, stack(0x000000bdbbc00000,0x000000bdbbd00000) (1024K)]
  0x000001f1483442c0 JavaThread "Catalina-utility-2"                [_thread_blocked, id=9460, stack(0x000000bdbbd00000,0x000000bdbbe00000) (1024K)]
  0x000001f1483458b0 JavaThread "container-0"                       [_thread_blocked, id=20948, stack(0x000000bdbbe00000,0x000000bdbbf00000) (1024K)]
  0x000001f1451b5120 JavaThread "C2 CompilerThread1"         daemon [_thread_in_native, id=15636, stack(0x000000bdba900000,0x000000bdbaa00000) (1024K)]
=>0x000001f145f516f0 JavaThread "C2 CompilerThread2"         daemon [_thread_in_native, id=20524, stack(0x000000bdbb500000,0x000000bdbb600000) (1024K)]
Total: 23

Other Threads:
  0x000001f16cbee520 VMThread "VM Thread"                           [id=21732, stack(0x000000bdb9b00000,0x000000bdb9c00000) (1024K)]
  0x000001f16cab8da0 WatcherThread "VM Periodic Task Thread"        [id=22888, stack(0x000000bdb9a00000,0x000000bdb9b00000) (1024K)]
  0x000001f14e1d1000 WorkerThread "GC Thread#0"                     [id=408, stack(0x000000bdb9500000,0x000000bdb9600000) (1024K)]
  0x000001f1468e27d0 WorkerThread "GC Thread#1"                     [id=12840, stack(0x000000bdbac00000,0x000000bdbad00000) (1024K)]
  0x000001f1468e2b80 WorkerThread "GC Thread#2"                     [id=5848, stack(0x000000bdbad00000,0x000000bdbae00000) (1024K)]
  0x000001f1468e32e0 WorkerThread "GC Thread#3"                     [id=19312, stack(0x000000bdbae00000,0x000000bdbaf00000) (1024K)]
  0x000001f1468e3690 WorkerThread "GC Thread#4"                     [id=20804, stack(0x000000bdbaf00000,0x000000bdbb000000) (1024K)]
  0x000001f1468e3a40 WorkerThread "GC Thread#5"                     [id=12044, stack(0x000000bdbb000000,0x000000bdbb100000) (1024K)]
  0x000001f1468e3df0 WorkerThread "GC Thread#6"                     [id=9340, stack(0x000000bdbb100000,0x000000bdbb200000) (1024K)]
  0x000001f1468e41a0 WorkerThread "GC Thread#7"                     [id=3868, stack(0x000000bdbb200000,0x000000bdbb300000) (1024K)]
  0x000001f1469499e0 WorkerThread "GC Thread#8"                     [id=11484, stack(0x000000bdbb300000,0x000000bdbb400000) (1024K)]
  0x000001f146947c60 WorkerThread "GC Thread#9"                     [id=20676, stack(0x000000bdbb400000,0x000000bdbb500000) (1024K)]
  0x000001f14e1e2e60 ConcurrentGCThread "G1 Main Marker"            [id=8888, stack(0x000000bdb9600000,0x000000bdb9700000) (1024K)]
  0x000001f14e1e4770 WorkerThread "G1 Conc#0"                       [id=13064, stack(0x000000bdb9700000,0x000000bdb9800000) (1024K)]
  0x000001f146946da0 WorkerThread "G1 Conc#1"                       [id=10120, stack(0x000000bdbb600000,0x000000bdbb700000) (1024K)]
  0x000001f146949d90 WorkerThread "G1 Conc#2"                       [id=20496, stack(0x000000bdbb700000,0x000000bdbb800000) (1024K)]
  0x000001f16caae460 ConcurrentGCThread "G1 Refine#0"               [id=13292, stack(0x000000bdb9800000,0x000000bdb9900000) (1024K)]
  0x000001f16caaed90 ConcurrentGCThread "G1 Service"                [id=9240, stack(0x000000bdb9900000,0x000000bdb9a00000) (1024K)]
Total: 18

Threads with active compile tasks:
C2 CompilerThread0  15855 7803       4       org.springframework.core.ResolvableType::forType (112 bytes)
C2 CompilerThread1  15855 7799       4       org.springframework.core.ResolvableType::isArray (59 bytes)
C2 CompilerThread2  15855 7800       4       org.springframework.core.ResolvableType::resolveType (143 bytes)
Total: 3

VM state: not at safepoint (normal execution)

VM Mutex/Monitor currently owned by a thread: None

Heap address: 0x0000000727200000, size: 3470 MB, Compressed Oops mode: Zero based, Oop shift amount: 3

CDS archive(s) mapped at: [0x000001f100000000-0x000001f100d40000-0x000001f100d40000), size 13893632, SharedBaseAddress: 0x000001f100000000, ArchiveRelocationMode: 1.
Compressed class space mapped at: 0x000001f101000000-0x000001f141000000, reserved size: 1073741824
UseCompressedClassPointers 1, UseCompactObjectHeaders 0
Narrow klass pointer bits 32, Max shift 3
Narrow klass base: 0x000001f100000000, Narrow klass shift: 0
Encoding Range: [0x000001f100000000 - 0x000001f200000000), (4294967296 bytes)
Klass Range:    [0x000001f100000000 - 0x000001f141000000), (1090519040 bytes)
Klass ID Range:  [8 - 1090519033) (1090519025)

GC Precious Log:
 CardTable entry size: 512
 Card Set container configuration: InlinePtr #cards 4 size 8 Array Of Cards #cards 16 size 48 Howl #buckets 8 coarsen threshold 3686 Howl Bitmap #cards 512 size 80 coarsen threshold 460 Card regions per heap region 1 cards per card region 4096
 CPUs: 12 total, 12 available
 Memory: 13879M
 Large Page Support: Disabled
 NUMA Support: Disabled
 Compressed Oops: Enabled (Zero based)
 Heap Region Size: 2M
 Heap Min Capacity: 8M
 Heap Initial Capacity: 218M
 Heap Max Capacity: 3470M
 Pre-touch: Disabled
 Parallel Workers: 10
 Concurrent Workers: 3
 Concurrent Refinement Workers: 10
 Periodic GC: Disabled

Heap:
 garbage-first heap   total reserved 3553280K, committed 69632K, used 46966K [0x0000000727200000, 0x0000000800000000)
  region size 2048K, 7 young (14336K), 2 survivors (4096K)
 Metaspace       used 83516K, committed 84224K, reserved 1179648K
  class space    used 9204K, committed 9536K, reserved 1048576K

Heap Regions: E=young(eden), S=young(survivor), O=old, HS=humongous(starts), HC=humongous(continues), CS=collection set, F=free, TAMS=top-at-mark-start, PB=parsable bottom
|   0|0x0000000727200000, 0x0000000727400000, 0x0000000727400000|100%| O|  |TAMS 0x0000000727200000| PB 0x0000000727200000| Untracked |  0
|   1|0x0000000727400000, 0x0000000727600000, 0x0000000727600000|100%| O|Cm|TAMS 0x0000000727400000| PB 0x0000000727400000| Complete |  0
|   2|0x0000000727600000, 0x0000000727800000, 0x0000000727800000|100%| O|  |TAMS 0x0000000727600000| PB 0x0000000727600000| Untracked |  0
|   3|0x0000000727800000, 0x0000000727a00000, 0x0000000727a00000|100%| O|  |TAMS 0x0000000727800000| PB 0x0000000727800000| Untracked |  0
|   4|0x0000000727a00000, 0x0000000727c00000, 0x0000000727c00000|100%| O|  |TAMS 0x0000000727a00000| PB 0x0000000727a00000| Untracked |  0
|   5|0x0000000727c00000, 0x0000000727e00000, 0x0000000727e00000|100%| O|  |TAMS 0x0000000727c00000| PB 0x0000000727c00000| Untracked |  0
|   6|0x0000000727e00000, 0x0000000728000000, 0x0000000728000000|100%| O|  |TAMS 0x0000000727e00000| PB 0x0000000727e00000| Untracked |  0
|   7|0x0000000728000000, 0x0000000728200000, 0x0000000728200000|100%| O|  |TAMS 0x0000000728000000| PB 0x0000000728000000| Untracked |  0
|   8|0x0000000728200000, 0x0000000728400000, 0x0000000728400000|100%| O|  |TAMS 0x0000000728200000| PB 0x0000000728200000| Untracked |  0
|   9|0x0000000728400000, 0x0000000728600000, 0x0000000728600000|100%| O|  |TAMS 0x0000000728400000| PB 0x0000000728400000| Untracked |  0
|  10|0x0000000728600000, 0x0000000728800000, 0x0000000728800000|100%| O|  |TAMS 0x0000000728600000| PB 0x0000000728600000| Untracked |  0
|  11|0x0000000728800000, 0x0000000728a00000, 0x0000000728a00000|100%| O|  |TAMS 0x0000000728800000| PB 0x0000000728800000| Untracked |  0
|  12|0x0000000728a00000, 0x0000000728c00000, 0x0000000728c00000|100%| O|  |TAMS 0x0000000728a00000| PB 0x0000000728a00000| Untracked |  0
|  13|0x0000000728c00000, 0x0000000728e00000, 0x0000000728e00000|100%| O|  |TAMS 0x0000000728c00000| PB 0x0000000728c00000| Untracked |  0
|  14|0x0000000728e00000, 0x0000000729000000, 0x0000000729000000|100%| O|  |TAMS 0x0000000728e00000| PB 0x0000000728e00000| Untracked |  0
|  15|0x0000000729000000, 0x0000000729200000, 0x0000000729200000|100%| O|  |TAMS 0x0000000729000000| PB 0x0000000729000000| Untracked |  0
|  16|0x0000000729200000, 0x0000000729400000, 0x0000000729400000|100%| O|  |TAMS 0x0000000729200000| PB 0x0000000729200000| Untracked |  0
|  17|0x0000000729400000, 0x00000007294504f8, 0x0000000729600000| 15%| O|  |TAMS 0x0000000729400000| PB 0x0000000729400000| Untracked |  0
|  18|0x0000000729600000, 0x0000000729600000, 0x0000000729800000|  0%| F|  |TAMS 0x0000000729600000| PB 0x0000000729600000| Untracked |  0
|  19|0x0000000729800000, 0x0000000729800000, 0x0000000729a00000|  0%| F|  |TAMS 0x0000000729800000| PB 0x0000000729800000| Untracked |  0
|  20|0x0000000729a00000, 0x0000000729b8d558, 0x0000000729c00000| 77%| S|CS|TAMS 0x0000000729a00000| PB 0x0000000729a00000| Complete |  0
|  21|0x0000000729c00000, 0x0000000729c00000, 0x0000000729e00000|  0%| F|  |TAMS 0x0000000729c00000| PB 0x0000000729c00000| Untracked |  0
|  22|0x0000000729e00000, 0x0000000729e00000, 0x000000072a000000|  0%| F|  |TAMS 0x0000000729e00000| PB 0x0000000729e00000| Untracked |  0
|  23|0x000000072a000000, 0x000000072a200000, 0x000000072a200000|100%| S|CS|TAMS 0x000000072a000000| PB 0x000000072a000000| Complete |  0
|  24|0x000000072a200000, 0x000000072a200000, 0x000000072a400000|  0%| F|  |TAMS 0x000000072a200000| PB 0x000000072a200000| Untracked |  0
|  25|0x000000072a400000, 0x000000072a400000, 0x000000072a600000|  0%| F|  |TAMS 0x000000072a400000| PB 0x000000072a400000| Untracked |  0
|  26|0x000000072a600000, 0x000000072a600000, 0x000000072a800000|  0%| F|  |TAMS 0x000000072a600000| PB 0x000000072a600000| Untracked |  0
|  87|0x0000000732000000, 0x0000000732000000, 0x0000000732200000|  0%| F|  |TAMS 0x0000000732000000| PB 0x0000000732000000| Untracked |  0
|  88|0x0000000732200000, 0x0000000732200000, 0x0000000732400000|  0%| F|  |TAMS 0x0000000732200000| PB 0x0000000732200000| Untracked |  0
|  89|0x0000000732400000, 0x0000000732467fe0, 0x0000000732600000| 20%| E|  |TAMS 0x0000000732400000| PB 0x0000000732400000| Complete |  0
|  90|0x0000000732600000, 0x0000000732800000, 0x0000000732800000|100%| E|CS|TAMS 0x0000000732600000| PB 0x0000000732600000| Complete |  0
|  91|0x0000000732800000, 0x0000000732a00000, 0x0000000732a00000|100%| E|CS|TAMS 0x0000000732800000| PB 0x0000000732800000| Complete |  0
| 108|0x0000000734a00000, 0x0000000734c00000, 0x0000000734c00000|100%| E|CS|TAMS 0x0000000734a00000| PB 0x0000000734a00000| Complete |  0
|1734|0x00000007ffe00000, 0x0000000800000000, 0x0000000800000000|100%| E|CS|TAMS 0x00000007ffe00000| PB 0x00000007ffe00000| Complete |  0

Card table byte_map: [0x000001f166730000,0x000001f166e00000] _byte_map_base: 0x000001f162df7000

Marking Bits: (CMBitMap*) 0x000001f14e1d1620
 Bits: [0x000001f166e00000, 0x000001f16a438000)

Polling page: 0x000001f14d900000

Metaspace:

Usage:
  Non-class:     72.58 MB used.
      Class:      8.99 MB used.
       Both:     81.57 MB used.

Virtual space:
  Non-class space:      128.00 MB reserved,      72.94 MB ( 57%) committed,  2 nodes.
      Class space:        1.00 GB reserved,       9.31 MB ( <1%) committed,  1 nodes.
             Both:        1.12 GB reserved,      82.25 MB (  7%) committed. 

Chunk freelists:
   Non-Class:  6.23 MB
       Class:  6.75 MB
        Both:  12.98 MB

MaxMetaspaceSize: unlimited
CompressedClassSpaceSize: 1.00 GB
Initial GC threshold: 21.00 MB
Current GC threshold: 131.81 MB
CDS: on
 - commit_granule_bytes: 65536.
 - commit_granule_words: 8192.
 - virtual_space_node_default_size: 8388608.
 - enlarge_chunks_in_place: 1.
UseCompressedClassPointers 1, UseCompactObjectHeaders 0
Narrow klass pointer bits 32, Max shift 3
Narrow klass base: 0x000001f100000000, Narrow klass shift: 0
Encoding Range: [0x000001f100000000 - 0x000001f200000000), (4294967296 bytes)
Klass Range:    [0x000001f100000000 - 0x000001f141000000), (1090519040 bytes)
Klass ID Range:  [8 - 1090519033) (1090519025)


Internal statistics:

num_allocs_failed_limit: 9.
num_arena_births: 812.
num_arena_deaths: 0.
num_vsnodes_births: 3.
num_vsnodes_deaths: 0.
num_space_committed: 1316.
num_space_uncommitted: 0.
num_chunks_returned_to_freelist: 9.
num_chunks_taken_from_freelist: 3634.
num_chunk_merges: 9.
num_chunk_splits: 2673.
num_chunks_enlarged: 2186.
num_inconsistent_stats: 0.

CodeHeap 'non-profiled nmethods': size=120064Kb used=4042Kb max_used=4177Kb free=116021Kb
 bounds [0x000001f15e4a0000, 0x000001f15e8c0000, 0x000001f1659e0000]
CodeHeap 'profiled nmethods': size=120000Kb used=10616Kb max_used=10616Kb free=109383Kb
 bounds [0x000001f1569e0000, 0x000001f157450000, 0x000001f15df10000]
CodeHeap 'non-nmethods': size=5696Kb used=1617Kb max_used=1785Kb free=4079Kb
 bounds [0x000001f15df10000, 0x000001f15e180000, 0x000001f15e4a0000]
CodeCache: size=245760Kb, used=16275Kb, max_used=16578Kb, free=229483Kb
 total_blobs=7313, nmethods=6600, adapters=617, full_count=0
Compilation: enabled, stopped_count=0, restarted_count=0

Compilation events (20 events):
Event: 14.659 Thread 0x000001f16cc1b8e0 7873       3       org.springframework.beans.factory.annotation.AutowiredAnnotationBeanPostProcessor::buildAutowiringMetadata (114 bytes)
Event: 14.661 Thread 0x000001f16cc1b8e0 nmethod 7873 0x000001f157268888 code [0x000001f157268bc0, 0x000001f15726a908]
Event: 14.661 Thread 0x000001f16cc1b8e0 7875       3       ch.qos.logback.core.pattern.CompositeConverter::convert (43 bytes)
Event: 14.661 Thread 0x000001f16cc1b8e0 nmethod 7875 0x000001f157267f88 code [0x000001f157268100, 0x000001f157268850]
Event: 14.661 Thread 0x000001f16cc1b8e0 7874       3       ch.qos.logback.core.pattern.DynamicConverter::getFirstOption (35 bytes)
Event: 14.662 Thread 0x000001f16cc1b8e0 nmethod 7874 0x000001f157267988 code [0x000001f157267ae0, 0x000001f157267ef8]
Event: 14.662 Thread 0x000001f16cc1b8e0 7876       3       org.springframework.beans.factory.support.AbstractBeanFactory::checkMergedBeanDefinition (17 bytes)
Event: 14.662 Thread 0x000001f16cc1b8e0 nmethod 7876 0x000001f157267508 code [0x000001f157267640, 0x000001f157267910]
Event: 14.663 Thread 0x000001f16cc1b8e0 7877       3       org.springframework.beans.factory.support.DisposableBeanAdapter::hasDestroyMethod (24 bytes)
Event: 14.663 Thread 0x000001f16cc1b8e0 nmethod 7877 0x000001f157267008 code [0x000001f157267140, 0x000001f157267480]
Event: 14.663 Thread 0x000001f16cc1b8e0 7878   !   3       org.springframework.beans.factory.support.AbstractBeanFactory::markBeanAsCreated (55 bytes)
Event: 14.664 Thread 0x000001f16cc1b8e0 nmethod 7878 0x000001f157266308 code [0x000001f1572664c0, 0x000001f157266f48]
Event: 14.664 Thread 0x000001f16cc1b8e0 7879       3       org.springframework.aop.framework.autoproxy.AbstractAutoProxyCreator::postProcessBeforeInstantiation (149 bytes)
Event: 14.667 Thread 0x000001f16cc1b8e0 nmethod 7879 0x000001f157263108 code [0x000001f157263520, 0x000001f1572661b8]
Event: 14.667 Thread 0x000001f16cc1b8e0 7880       3       org.springframework.beans.factory.support.DefaultListableBeanFactory::checkMergedBeanDefinition (75 bytes)
Event: 14.668 Thread 0x000001f16cc1b8e0 nmethod 7880 0x000001f157262488 code [0x000001f157262660, 0x000001f157263030]
Event: 14.668 Thread 0x000001f16cc1b8e0 7881       3       org.springframework.beans.factory.support.AbstractBeanFactory$$Lambda/0x000001f1011b1ad0::getObject (20 bytes)
Event: 14.668 Thread 0x000001f16cc1b8e0 nmethod 7881 0x000001f15720f208 code [0x000001f15720f320, 0x000001f15720f488]
Event: 14.668 Thread 0x000001f16cc1b8e0 7882       1       org.springframework.beans.factory.support.ConstructorResolver$ConstructorDependencyDescriptor::setShortcut (6 bytes)
Event: 14.668 Thread 0x000001f16cc1b8e0 nmethod 7882 0x000001f15e6ff008 code [0x000001f15e6ff120, 0x000001f15e6ff240]

GC Heap History (20 events):
Event: 9.731 GC heap before
{Heap before GC invocations=10 (full 0):
 garbage-first heap   total reserved 3553280K, committed 69632K, used 52233K [0x0000000727200000, 0x0000000800000000)
  region size 2048K, 17 young (34816K), 3 survivors (6144K)
 Metaspace       used 54711K, committed 55168K, reserved 1114112K
  class space    used 5375K, committed 5568K, reserved 1048576K
}
Event: 9.737 GC heap after
{Heap after GC invocations=11 (full 0):
 garbage-first heap   total reserved 3553280K, committed 69632K, used 27657K [0x0000000727200000, 0x0000000800000000)
  region size 2048K, 2 young (4096K), 2 survivors (4096K)
 Metaspace       used 54711K, committed 55168K, reserved 1114112K
  class space    used 5375K, committed 5568K, reserved 1048576K
}
Event: 10.212 GC heap before
{Heap before GC invocations=11 (full 0):
 garbage-first heap   total reserved 3553280K, committed 69632K, used 41993K [0x0000000727200000, 0x0000000800000000)
  region size 2048K, 11 young (22528K), 2 survivors (4096K)
 Metaspace       used 59947K, committed 60416K, reserved 1114112K
  class space    used 6038K, committed 6272K, reserved 1048576K
}
Event: 10.217 GC heap after
{Heap after GC invocations=12 (full 0):
 garbage-first heap   total reserved 3553280K, committed 69632K, used 28376K [0x0000000727200000, 0x0000000800000000)
  region size 2048K, 2 young (4096K), 2 survivors (4096K)
 Metaspace       used 59947K, committed 60416K, reserved 1114112K
  class space    used 6038K, committed 6272K, reserved 1048576K
}
Event: 11.124 GC heap before
{Heap before GC invocations=13 (full 0):
 garbage-first heap   total reserved 3553280K, committed 69632K, used 57048K [0x0000000727200000, 0x0000000800000000)
  region size 2048K, 16 young (32768K), 2 survivors (4096K)
 Metaspace       used 64621K, committed 65152K, reserved 1114112K
  class space    used 6570K, committed 6784K, reserved 1048576K
}
Event: 11.128 GC heap after
{Heap after GC invocations=14 (full 0):
 garbage-first heap   total reserved 3553280K, committed 69632K, used 29392K [0x0000000727200000, 0x0000000800000000)
  region size 2048K, 1 young (2048K), 1 survivors (2048K)
 Metaspace       used 64621K, committed 65152K, reserved 1114112K
  class space    used 6570K, committed 6784K, reserved 1048576K
}
Event: 11.814 GC heap before
{Heap before GC invocations=14 (full 0):
 garbage-first heap   total reserved 3553280K, committed 69632K, used 60112K [0x0000000727200000, 0x0000000800000000)
  region size 2048K, 16 young (32768K), 1 survivors (2048K)
 Metaspace       used 68856K, committed 69376K, reserved 1114112K
  class space    used 7062K, committed 7296K, reserved 1048576K
}
Event: 11.819 GC heap after
{Heap after GC invocations=15 (full 0):
 garbage-first heap   total reserved 3553280K, committed 69632K, used 31180K [0x0000000727200000, 0x0000000800000000)
  region size 2048K, 2 young (4096K), 2 survivors (4096K)
 Metaspace       used 68856K, committed 69376K, reserved 1114112K
  class space    used 7062K, committed 7296K, reserved 1048576K
}
Event: 12.337 GC heap before
{Heap before GC invocations=15 (full 0):
 garbage-first heap   total reserved 3553280K, committed 69632K, used 57804K [0x0000000727200000, 0x0000000800000000)
  region size 2048K, 15 young (30720K), 2 survivors (4096K)
 Metaspace       used 71357K, committed 71872K, reserved 1114112K
  class space    used 7533K, committed 7744K, reserved 1048576K
}
Event: 12.342 GC heap after
{Heap after GC invocations=16 (full 0):
 garbage-first heap   total reserved 3553280K, committed 69632K, used 33128K [0x0000000727200000, 0x0000000800000000)
  region size 2048K, 1 young (2048K), 1 survivors (2048K)
 Metaspace       used 71357K, committed 71872K, reserved 1114112K
  class space    used 7533K, committed 7744K, reserved 1048576K
}
Event: 12.655 GC heap before
{Heap before GC invocations=16 (full 0):
 garbage-first heap   total reserved 3553280K, committed 69632K, used 57704K [0x0000000727200000, 0x0000000800000000)
  region size 2048K, 14 young (28672K), 1 survivors (2048K)
 Metaspace       used 73185K, committed 73664K, reserved 1179648K
  class space    used 7915K, committed 8128K, reserved 1048576K
}
Event: 12.658 GC heap after
{Heap after GC invocations=17 (full 0):
 garbage-first heap   total reserved 3553280K, committed 69632K, used 34131K [0x0000000727200000, 0x0000000800000000)
  region size 2048K, 2 young (4096K), 2 survivors (4096K)
 Metaspace       used 73185K, committed 73664K, reserved 1179648K
  class space    used 7915K, committed 8128K, reserved 1048576K
}
Event: 12.726 GC heap before
{Heap before GC invocations=18 (full 0):
 garbage-first heap   total reserved 3553280K, committed 69632K, used 56659K [0x0000000727200000, 0x0000000800000000)
  region size 2048K, 13 young (26624K), 2 survivors (4096K)
 Metaspace       used 73186K, committed 73664K, reserved 1179648K
  class space    used 7915K, committed 8128K, reserved 1048576K
}
Event: 12.729 GC heap after
{Heap after GC invocations=19 (full 0):
 garbage-first heap   total reserved 3553280K, committed 69632K, used 34437K [0x0000000727200000, 0x0000000800000000)
  region size 2048K, 1 young (2048K), 1 survivors (2048K)
 Metaspace       used 73186K, committed 73664K, reserved 1179648K
  class space    used 7915K, committed 8128K, reserved 1048576K
}
Event: 13.337 GC heap before
{Heap before GC invocations=19 (full 0):
 garbage-first heap   total reserved 3553280K, committed 69632K, used 59013K [0x0000000727200000, 0x0000000800000000)
  region size 2048K, 14 young (28672K), 1 survivors (2048K)
 Metaspace       used 77489K, committed 78016K, reserved 1179648K
  class space    used 8461K, committed 8704K, reserved 1048576K
}
Event: 13.342 GC heap after
{Heap after GC invocations=20 (full 0):
 garbage-first heap   total reserved 3553280K, committed 69632K, used 35138K [0x0000000727200000, 0x0000000800000000)
  region size 2048K, 2 young (4096K), 2 survivors (4096K)
 Metaspace       used 77489K, committed 78016K, reserved 1179648K
  class space    used 8461K, committed 8704K, reserved 1048576K
}
Event: 13.852 GC heap before
{Heap before GC invocations=20 (full 0):
 garbage-first heap   total reserved 3553280K, committed 69632K, used 57666K [0x0000000727200000, 0x0000000800000000)
  region size 2048K, 13 young (26624K), 2 survivors (4096K)
 Metaspace       used 80272K, committed 80832K, reserved 1179648K
  class space    used 8813K, committed 9024K, reserved 1048576K
}
Event: 13.855 GC heap after
{Heap after GC invocations=21 (full 0):
 garbage-first heap   total reserved 3553280K, committed 69632K, used 37201K [0x0000000727200000, 0x0000000800000000)
  region size 2048K, 2 young (4096K), 2 survivors (4096K)
 Metaspace       used 80272K, committed 80832K, reserved 1179648K
  class space    used 8813K, committed 9024K, reserved 1048576K
}
Event: 14.504 GC heap before
{Heap before GC invocations=22 (full 0):
 garbage-first heap   total reserved 3553280K, committed 69632K, used 57681K [0x0000000727200000, 0x0000000800000000)
  region size 2048K, 12 young (24576K), 2 survivors (4096K)
 Metaspace       used 82404K, committed 83072K, reserved 1179648K
  class space    used 9079K, committed 9408K, reserved 1048576K
}
Event: 14.508 GC heap after
{Heap after GC invocations=23 (full 0):
 garbage-first heap   total reserved 3553280K, committed 69632K, used 38774K [0x0000000727200000, 0x0000000800000000)
  region size 2048K, 2 young (4096K), 2 survivors (4096K)
 Metaspace       used 82404K, committed 83072K, reserved 1179648K
  class space    used 9079K, committed 9408K, reserved 1048576K
}

Dll operation events (13 events):
Event: 0.014 Loaded shared library C:\Program Files\Java\jdk-24\bin\java.dll
Event: 0.016 Loaded shared library C:\Program Files\Java\jdk-24\bin\zip.dll
Event: 0.042 Loaded shared library C:\Program Files\Java\jdk-24\bin\jsvml.dll
Event: 0.183 Loaded shared library C:\Program Files\Java\jdk-24\bin\instrument.dll
Event: 0.243 Loaded shared library C:\Program Files\Java\jdk-24\bin\net.dll
Event: 0.244 Loaded shared library C:\Program Files\Java\jdk-24\bin\nio.dll
Event: 0.254 Loaded shared library C:\Program Files\Java\jdk-24\bin\zip.dll
Event: 0.529 Loaded shared library C:\Program Files\Java\jdk-24\bin\jimage.dll
Event: 1.015 Loaded shared library C:\Program Files\Java\jdk-24\bin\management.dll
Event: 1.019 Loaded shared library C:\Program Files\Java\jdk-24\bin\management_ext.dll
Event: 2.863 Loaded shared library C:\Program Files\Java\jdk-24\bin\sunmscapi.dll
Event: 7.683 Loaded shared library C:\Program Files\Java\jdk-24\bin\verify.dll
Event: 8.262 Loaded shared library C:\Program Files\Java\jdk-24\bin\extnet.dll

Deoptimization events (20 events):
Event: 14.680 Thread 0x000001f145391c50 DEOPT PACKING pc=0x000001f15e71e8c4 sp=0x000000bdbabfc2c0
Event: 14.680 Thread 0x000001f145391c50 DEOPT UNPACKING pc=0x000001f15df65722 sp=0x000000bdbabfb748 mode 1
Event: 14.680 Thread 0x000001f145391c50 DEOPT PACKING pc=0x000001f156e6c80c sp=0x000000bdbabfcc10
Event: 14.680 Thread 0x000001f145391c50 DEOPT UNPACKING pc=0x000001f15df65722 sp=0x000000bdbabfc140 mode 1
Event: 14.680 Thread 0x000001f145391c50 DEOPT PACKING pc=0x000001f15e71e8c4 sp=0x000000bdbabfc2c0
Event: 14.680 Thread 0x000001f145391c50 DEOPT UNPACKING pc=0x000001f15df65722 sp=0x000000bdbabfb748 mode 1
Event: 14.681 Thread 0x000001f145391c50 DEOPT PACKING pc=0x000001f156e6c80c sp=0x000000bdbabfcc10
Event: 14.681 Thread 0x000001f145391c50 DEOPT UNPACKING pc=0x000001f15df65722 sp=0x000000bdbabfc140 mode 1
Event: 14.681 Thread 0x000001f145391c50 DEOPT PACKING pc=0x000001f15e71e8c4 sp=0x000000bdbabfc2c0
Event: 14.681 Thread 0x000001f145391c50 DEOPT UNPACKING pc=0x000001f15df65722 sp=0x000000bdbabfb748 mode 1
Event: 14.681 Thread 0x000001f145391c50 DEOPT PACKING pc=0x000001f156e6c80c sp=0x000000bdbabfcc10
Event: 14.681 Thread 0x000001f145391c50 DEOPT UNPACKING pc=0x000001f15df65722 sp=0x000000bdbabfc140 mode 1
Event: 14.681 Thread 0x000001f145391c50 DEOPT PACKING pc=0x000001f15e71e8c4 sp=0x000000bdbabfc2c0
Event: 14.681 Thread 0x000001f145391c50 DEOPT UNPACKING pc=0x000001f15df65722 sp=0x000000bdbabfb748 mode 1
Event: 14.681 Thread 0x000001f145391c50 DEOPT PACKING pc=0x000001f156e6c80c sp=0x000000bdbabfcc10
Event: 14.681 Thread 0x000001f145391c50 DEOPT UNPACKING pc=0x000001f15df65722 sp=0x000000bdbabfc140 mode 1
Event: 14.681 Thread 0x000001f145391c50 DEOPT PACKING pc=0x000001f15e71e8c4 sp=0x000000bdbabfc2c0
Event: 14.681 Thread 0x000001f145391c50 DEOPT UNPACKING pc=0x000001f15df65722 sp=0x000000bdbabfb748 mode 1
Event: 14.681 Thread 0x000001f145391c50 DEOPT PACKING pc=0x000001f156e6c80c sp=0x000000bdbabfcc10
Event: 14.681 Thread 0x000001f145391c50 DEOPT UNPACKING pc=0x000001f15df65722 sp=0x000000bdbabfc140 mode 1

Classes loaded (20 events):
Event: 14.676 Loading class org/springframework/util/ConcurrencyThrottleSupport
Event: 14.676 Loading class org/springframework/util/ConcurrencyThrottleSupport done
Event: 14.678 Loading class org/springframework/core/ReactiveAdapter
Event: 14.678 Loading class org/springframework/core/ReactiveAdapter done
Event: 14.679 Loading class org/springframework/core/ReactiveAdapterRegistry$ReactorAdapter
Event: 14.679 Loading class org/springframework/core/ReactiveAdapterRegistry$ReactorAdapter done
Event: 14.680 Loading class org/reactivestreams/Publisher
Event: 14.680 Loading class org/reactivestreams/Publisher done
Event: 14.680 Loading class reactor/core/publisher/Flux
Event: 14.680 Loading class reactor/core/publisher/Flux done
Event: 14.681 Loading class io/reactivex/rxjava3/core/Flowable
Event: 14.681 Loading class io/reactivex/rxjava3/core/Flowable done
Event: 14.681 Loading class kotlinx/coroutines/reactor/MonoKt
Event: 14.681 Loading class kotlinx/coroutines/reactor/MonoKt done
Event: 14.681 Loading class io/smallrye/mutiny/Multi
Event: 14.681 Loading class io/smallrye/mutiny/Multi done
Event: 14.681 Loading class org/springframework/web/bind/support/DefaultSessionAttributeStore
Event: 14.681 Loading class org/springframework/web/bind/support/DefaultSessionAttributeStore done
Event: 14.683 Loading class org/springframework/security/web/method/annotation/AuthenticationPrincipalArgumentResolver
Event: 14.683 Loading class org/springframework/security/web/method/annotation/AuthenticationPrincipalArgumentResolver done

Classes unloaded (0 events):
No events

Classes redefined (1 events):
Event: 0.215 Thread 0x000001f16cbee520 redefined class name=java.lang.Throwable, count=1

Internal exceptions (20 events):
Event: 11.669 Thread 0x000001f145391c50 Exception <a 'java/io/FileNotFoundException'{0x0000000729c6d028}> (0x0000000729c6d028) 
thrown [s\open\src\hotspot\share\prims\jni.cpp, line 518]
Event: 11.825 Thread 0x000001f145391c50 Exception <a 'java/io/FileNotFoundException'{0x00000007ffe19110}> (0x00000007ffe19110) 
thrown [s\open\src\hotspot\share\prims\jni.cpp, line 518]
Event: 11.826 Thread 0x000001f145391c50 Exception <a 'java/io/FileNotFoundException'{0x00000007ffe22ce8}> (0x00000007ffe22ce8) 
thrown [s\open\src\hotspot\share\prims\jni.cpp, line 518]
Event: 11.853 Thread 0x000001f145391c50 Exception <a 'java/lang/NoSuchMethodError'{0x00000007fff51548}: 'int java.lang.invoke.DirectMethodHandle$Holder.invokeStaticInit(java.lang.Object, int, java.lang.Object, java.lang.Object, java.lang.Object, java.lang.Object)'> (0x00000007fff51548) 
thrown [s\open\src\hotspot\share\interpreter\linkResolver.cpp, line 805]
Event: 12.788 Thread 0x000001f145391c50 Implicit null exception at 0x000001f15e833c41 to 0x000001f15e833da0
Event: 12.978 Thread 0x000001f145391c50 Exception <a 'java/lang/NoSuchMethodError'{0x000000072a795440}: 'java.lang.Object java.lang.invoke.Invokers$Holder.invoker(java.lang.Object, java.lang.Object, java.lang.Object, java.lang.Object)'> (0x000000072a795440) 
thrown [s\open\src\hotspot\share\interpreter\linkResolver.cpp, line 805]
Event: 13.427 Thread 0x000001f145391c50 Exception <a 'java/lang/NoSuchMethodError'{0x0000000734b5bc68}: 'void java.lang.invoke.Invokers$Holder.invokeExact_MT(java.lang.Object, java.lang.Object, java.lang.Object)'> (0x0000000734b5bc68) 
thrown [s\open\src\hotspot\share\interpreter\linkResolver.cpp, line 805]
Event: 13.439 Thread 0x000001f145391c50 Exception <a 'java/lang/NoSuchMethodError'{0x00000007328005c0}: 'java.lang.Object java.lang.invoke.DirectMethodHandle$Holder.invokeVirtual(java.lang.Object, java.lang.Object, int)'> (0x00000007328005c0) 
thrown [s\open\src\hotspot\share\interpreter\linkResolver.cpp, line 805]
Event: 13.440 Thread 0x000001f145391c50 Exception <a 'java/lang/IllegalArgumentException'{0x00000007328194c8}: Wrong type at constant pool index> (0x00000007328194c8) 
thrown [s\open\src\hotspot\share\prims\jvm.cpp, line 2048]
Event: 13.440 Thread 0x000001f145391c50 Exception <a 'java/lang/IllegalArgumentException'{0x000000073281a5e0}: Wrong type at constant pool index> (0x000000073281a5e0) 
thrown [s\open\src\hotspot\share\prims\jvm.cpp, line 2048]
Event: 13.440 Thread 0x000001f145391c50 Exception <a 'java/lang/IllegalArgumentException'{0x000000073281b6f8}: Wrong type at constant pool index> (0x000000073281b6f8) 
thrown [s\open\src\hotspot\share\prims\jvm.cpp, line 2048]
Event: 13.440 Thread 0x000001f145391c50 Exception <a 'java/lang/IllegalArgumentException'{0x000000073281c810}: Wrong type at constant pool index> (0x000000073281c810) 
thrown [s\open\src\hotspot\share\prims\jvm.cpp, line 2048]
Event: 13.459 Thread 0x000001f145391c50 Exception <a 'java/lang/IllegalArgumentException'{0x0000000732923d08}: Wrong type at constant pool index> (0x0000000732923d08) 
thrown [s\open\src\hotspot\share\prims\jvm.cpp, line 2048]
Event: 13.460 Thread 0x000001f145391c50 Exception <a 'java/lang/IllegalArgumentException'{0x0000000732924e20}: Wrong type at constant pool index> (0x0000000732924e20) 
thrown [s\open\src\hotspot\share\prims\jvm.cpp, line 2048]
Event: 13.460 Thread 0x000001f145391c50 Exception <a 'java/lang/IllegalArgumentException'{0x0000000732925f38}: Wrong type at constant pool index> (0x0000000732925f38) 
thrown [s\open\src\hotspot\share\prims\jvm.cpp, line 2048]
Event: 13.460 Thread 0x000001f145391c50 Exception <a 'java/lang/IllegalArgumentException'{0x0000000732927050}: Wrong type at constant pool index> (0x0000000732927050) 
thrown [s\open\src\hotspot\share\prims\jvm.cpp, line 2048]
Event: 13.626 Thread 0x000001f145391c50 Exception <a 'java/lang/NoSuchMethodError'{0x00000007323fca38}: 'java.lang.Object java.lang.invoke.DirectMethodHandle$Holder.newInvokeSpecial(java.lang.Object, java.lang.Object, java.lang.Object, java.lang.Object, java.lang.Object, java.lang.Object, java.lang.Object, java.lang.Object)'> (0x00000007323fca38) 
thrown [s\open\src\hotspot\share\interpreter\linkResolver.cpp, line 805]
Event: 13.745 Thread 0x000001f145391c50 Exception <a 'java/lang/NoSuchMethodError'{0x000000072a551348}: 'java.lang.Object java.lang.invoke.DirectMethodHandle$Holder.invokeVirtual(java.lang.Object, java.lang.Object, java.lang.Object, java.lang.Object, java.lang.Object, java.lang.Object, java.lang.Object)'> (0x000000072a551348) 
thrown [s\open\src\hotspot\share\interpreter\linkResolver.cpp, line 805]
Event: 13.788 Thread 0x000001f145391c50 Exception <a 'java/io/IOException'{0x000000072a3ffb20}> (0x000000072a3ffb20) 
thrown [s\open\src\hotspot\share\prims\jni.cpp, line 518]
Event: 14.198 Thread 0x000001f145391c50 Exception <a 'java/lang/IncompatibleClassChangeError'{0x0000000732227070}: Found class java.lang.Object, but interface was expected> (0x0000000732227070) 
thrown [s\open\src\hotspot\share\interpreter\linkResolver.cpp, line 872]

VM Operations (20 events):
Event: 13.337 Executing VM operation: G1CollectForAllocation (G1 Evacuation Pause)
Event: 13.342 Executing VM operation: G1CollectForAllocation (G1 Evacuation Pause) done
Event: 13.846 Executing VM operation: HandshakeAllThreads (Deoptimize)
Event: 13.847 Executing VM operation: HandshakeAllThreads (Deoptimize) done
Event: 13.851 Executing VM operation: G1CollectForAllocation (G1 Evacuation Pause)
Event: 13.855 Executing VM operation: G1CollectForAllocation (G1 Evacuation Pause) done
Event: 13.863 Executing VM operation: HandshakeAllThreads (Deoptimize)
Event: 13.863 Executing VM operation: HandshakeAllThreads (Deoptimize) done
Event: 13.879 Executing VM operation: G1PauseRemark
Event: 13.883 Executing VM operation: G1PauseRemark done
Event: 13.891 Executing VM operation: G1PauseCleanup
Event: 13.891 Executing VM operation: G1PauseCleanup done
Event: 13.901 Executing VM operation: HandshakeAllThreads (Deoptimize)
Event: 13.901 Executing VM operation: HandshakeAllThreads (Deoptimize) done
Event: 13.903 Executing VM operation: HandshakeAllThreads (Deoptimize)
Event: 13.903 Executing VM operation: HandshakeAllThreads (Deoptimize) done
Event: 14.244 Executing VM operation: HandshakeAllThreads (Deoptimize)
Event: 14.244 Executing VM operation: HandshakeAllThreads (Deoptimize) done
Event: 14.504 Executing VM operation: G1CollectForAllocation (G1 Evacuation Pause)
Event: 14.508 Executing VM operation: G1CollectForAllocation (G1 Evacuation Pause) done

Memory protections (0 events):
No events

Nmethod flushes (20 events):
Event: 13.881 Thread 0x000001f16cbee520 flushing  nmethod 0x000001f1573d8088
Event: 13.881 Thread 0x000001f16cbee520 flushing  nmethod 0x000001f1573d8588
Event: 13.881 Thread 0x000001f16cbee520 flushing  nmethod 0x000001f1573d8b88
Event: 13.881 Thread 0x000001f16cbee520 flushing  nmethod 0x000001f1573d9588
Event: 13.881 Thread 0x000001f16cbee520 flushing  nmethod 0x000001f15e53a108
Event: 13.881 Thread 0x000001f16cbee520 flushing  nmethod 0x000001f15e63c988
Event: 13.881 Thread 0x000001f16cbee520 flushing  nmethod 0x000001f156a0f588
Event: 13.881 Thread 0x000001f16cbee520 flushing  nmethod 0x000001f156a10e88
Event: 13.881 Thread 0x000001f16cbee520 flushing  nmethod 0x000001f156abbb88
Event: 13.881 Thread 0x000001f16cbee520 flushing  nmethod 0x000001f156b4b808
Event: 13.881 Thread 0x000001f16cbee520 flushing  nmethod 0x000001f156be4908
Event: 13.881 Thread 0x000001f16cbee520 flushing  nmethod 0x000001f156be6708
Event: 13.881 Thread 0x000001f16cbee520 flushing  nmethod 0x000001f156c7f808
Event: 13.881 Thread 0x000001f16cbee520 flushing  nmethod 0x000001f156d07c88
Event: 13.881 Thread 0x000001f16cbee520 flushing  nmethod 0x000001f156ec5488
Event: 13.881 Thread 0x000001f16cbee520 flushing  nmethod 0x000001f157029408
Event: 13.881 Thread 0x000001f16cbee520 flushing  nmethod 0x000001f157112008
Event: 13.881 Thread 0x000001f16cbee520 flushing  nmethod 0x000001f157217508
Event: 13.881 Thread 0x000001f16cbee520 flushing  nmethod 0x000001f1573a0e08
Event: 13.881 Thread 0x000001f16cbee520 flushing  nmethod 0x000001f1573a2f88

Events (20 events):
Event: 2.880 Thread 0x000001f146567640 Thread exited: 0x000001f146567640
Event: 2.914 Thread 0x000001f16cc1b8e0 Thread added: 0x000001f1474af0e0
Event: 2.962 Thread 0x000001f145391c50 Thread added: 0x000001f146567640
Event: 3.091 Thread 0x000001f146567640 Thread exited: 0x000001f146567640
Event: 8.569 Thread 0x000001f145391c50 Thread added: 0x000001f16ec45200
Event: 8.594 Thread 0x000001f145391c50 Thread added: 0x000001f16ec460a0
Event: 8.699 Thread 0x000001f16ec460a0 Thread added: 0x000001f16ec47690
Event: 9.798 Thread 0x000001f1474af0e0 Thread exited: 0x000001f1474af0e0
Event: 10.375 Thread 0x000001f16cc1b8e0 Thread added: 0x000001f1714cc050
Event: 10.814 Thread 0x000001f1714cc050 Thread exited: 0x000001f1714cc050
Event: 10.959 Thread 0x000001f145652f10 Thread exited: 0x000001f145652f10
Event: 11.146 Thread 0x000001f16cc1b8e0 Thread added: 0x000001f1451b6040
Event: 11.148 Thread 0x000001f16cc1b8e0 Thread added: 0x000001f1451b5120
Event: 11.681 Thread 0x000001f145391c50 Thread added: 0x000001f1483475f0
Event: 11.683 Thread 0x000001f1483475f0 Thread added: 0x000001f1483442c0
Event: 11.688 Thread 0x000001f145391c50 Thread added: 0x000001f1483458b0
Event: 13.280 Thread 0x000001f1451b5120 Thread exited: 0x000001f1451b5120
Event: 13.280 Thread 0x000001f1451b6040 Thread exited: 0x000001f1451b6040
Event: 13.499 Thread 0x000001f16cc1b8e0 Thread added: 0x000001f1451b5120
Event: 13.991 Thread 0x000001f16cc1b8e0 Thread added: 0x000001f145f516f0


Dynamic libraries:
0x00007ff60f7c0000 - 0x00007ff60f7d0000 	C:\Program Files\Java\jdk-24\bin\java.exe
0x00007ffd920c0000 - 0x00007ffd92328000 	C:\WINDOWS\SYSTEM32\ntdll.dll
0x00007ffd90e10000 - 0x00007ffd90ed9000 	C:\WINDOWS\System32\KERNEL32.DLL
0x00007ffd8f210000 - 0x00007ffd8f5fd000 	C:\WINDOWS\System32\KERNELBASE.dll
0x00007ffd8f9b0000 - 0x00007ffd8fafb000 	C:\WINDOWS\System32\ucrtbase.dll
0x00007ffd8b8f0000 - 0x00007ffd8b90b000 	C:\Program Files\Java\jdk-24\bin\VCRUNTIME140.dll
0x00007ffd8bb60000 - 0x00007ffd8bb76000 	C:\Program Files\Java\jdk-24\bin\jli.dll
0x00007ffd90700000 - 0x00007ffd908cc000 	C:\WINDOWS\System32\USER32.dll
0x00007ffd8f800000 - 0x00007ffd8f827000 	C:\WINDOWS\System32\win32u.dll
0x00007ffd8fe60000 - 0x00007ffd8fe8b000 	C:\WINDOWS\System32\GDI32.dll
0x00007ffd79630000 - 0x00007ffd798ca000 	C:\WINDOWS\WinSxS\amd64_microsoft.windows.common-controls_6595b64144ccf1df_6.0.26100.4484_none_3e0e6d4ce32ef3b3\COMCTL32.dll
0x00007ffd8fd20000 - 0x00007ffd8fe57000 	C:\WINDOWS\System32\gdi32full.dll
0x00007ffd8f6c0000 - 0x00007ffd8f763000 	C:\WINDOWS\System32\msvcp_win.dll
0x00007ffd91190000 - 0x00007ffd91239000 	C:\WINDOWS\System32\msvcrt.dll
0x00007ffd90f00000 - 0x00007ffd90f2f000 	C:\WINDOWS\System32\IMM32.DLL
0x00000000554a0000 - 0x00000000554ac000 	C:\Program Files (x86)\360\Total Security\safemon\SafeWrapper.dll
0x00007ffd91240000 - 0x00007ffd912f4000 	C:\WINDOWS\System32\ADVAPI32.dll
0x00007ffd90af0000 - 0x00007ffd90b96000 	C:\WINDOWS\System32\sechost.dll
0x00007ffd91f60000 - 0x00007ffd92078000 	C:\WINDOWS\System32\RPCRT4.dll
0x00007ffcedba0000 - 0x00007ffcedc4c000 	C:\Program Files (x86)\360\Total Security\safemon\libzdtp64.dll
0x00007ffd8fe90000 - 0x00007ffd905da000 	C:\WINDOWS\System32\SHELL32.dll
0x00007ffd8fba0000 - 0x00007ffd8fd14000 	C:\WINDOWS\System32\wintypes.dll
0x00007ffd915a0000 - 0x00007ffd91926000 	C:\WINDOWS\System32\combase.dll
0x00007ffd91120000 - 0x00007ffd9118a000 	C:\WINDOWS\System32\SHLWAPI.dll
0x00007ffd8ecf0000 - 0x00007ffd8ecfb000 	C:\WINDOWS\SYSTEM32\VERSION.dll
0x00007ffd8bb50000 - 0x00007ffd8bb5c000 	C:\Program Files\Java\jdk-24\bin\vcruntime140_1.dll
0x00007ffd73b30000 - 0x00007ffd73bbe000 	C:\Program Files\Java\jdk-24\bin\msvcp140.dll
0x00007ffd15710000 - 0x00007ffd164b2000 	C:\Program Files\Java\jdk-24\bin\server\jvm.dll
0x00007ffd908d0000 - 0x00007ffd90944000 	C:\WINDOWS\System32\WS2_32.dll
0x00007ffd890c0000 - 0x00007ffd890f5000 	C:\WINDOWS\SYSTEM32\WINMM.dll
0x00007ffd8f060000 - 0x00007ffd8f0be000 	C:\WINDOWS\SYSTEM32\POWRPROF.dll
0x00007ffd8f040000 - 0x00007ffd8f054000 	C:\WINDOWS\SYSTEM32\UMPDC.dll
0x00007ffd8df40000 - 0x00007ffd8df5b000 	C:\WINDOWS\SYSTEM32\kernel.appcore.dll
0x00007ffd8b8a0000 - 0x00007ffd8b8aa000 	C:\Program Files\Java\jdk-24\bin\jimage.dll
0x00007ffd8ca50000 - 0x00007ffd8cc91000 	C:\WINDOWS\SYSTEM32\DBGHELP.DLL
0x00007ffd905e0000 - 0x00007ffd906c0000 	C:\WINDOWS\System32\OLEAUT32.dll
0x00007ffd68fd0000 - 0x00007ffd69013000 	C:\WINDOWS\SYSTEM32\dbgcore.DLL
0x00007ffd8fb00000 - 0x00007ffd8fb99000 	C:\WINDOWS\System32\bcryptPrimitives.dll
0x00007ffd75170000 - 0x00007ffd751ac000 	C:\Program Files\Java\jdk-24\bin\jdwp.dll
0x00007ffd89980000 - 0x00007ffd8998f000 	C:\Program Files\Java\jdk-24\bin\instrument.dll
0x00007ffd7efc0000 - 0x00007ffd7efde000 	C:\Program Files\Java\jdk-24\bin\java.dll
0x00007ffd91360000 - 0x00007ffd914fe000 	C:\WINDOWS\System32\ole32.dll
0x00007ffd7d010000 - 0x00007ffd7d027000 	C:\Program Files\Java\jdk-24\bin\zip.dll
0x00007ffd8cdc0000 - 0x00007ffd8d61b000 	C:\WINDOWS\SYSTEM32\windows.storage.dll
0x00007ffd91e50000 - 0x00007ffd91f45000 	C:\WINDOWS\System32\SHCORE.dll
0x00007ffd8f120000 - 0x00007ffd8f14f000 	C:\WINDOWS\SYSTEM32\profapi.dll
0x00007ffd66d40000 - 0x00007ffd66e17000 	C:\Program Files\Java\jdk-24\bin\jsvml.dll
0x00007ffd74ea0000 - 0x00007ffd74eac000 	C:\Program Files\Java\jdk-24\bin\dt_socket.dll
0x00007ffd8d9a0000 - 0x00007ffd8d9d3000 	C:\WINDOWS\SYSTEM32\IPHLPAPI.DLL
0x00007ffd8e4d0000 - 0x00007ffd8e53a000 	C:\WINDOWS\system32\mswsock.dll
0x00007ffd7d000000 - 0x00007ffd7d010000 	C:\Program Files\Java\jdk-24\bin\net.dll
0x00007ffd74ec0000 - 0x00007ffd74ed6000 	C:\Program Files\Java\jdk-24\bin\nio.dll
0x00007ffd73dc0000 - 0x00007ffd73dca000 	C:\Program Files\Java\jdk-24\bin\management.dll
0x00007ffd73db0000 - 0x00007ffd73dbb000 	C:\Program Files\Java\jdk-24\bin\management_ext.dll
0x00007ffd90a50000 - 0x00007ffd90a58000 	C:\WINDOWS\System32\PSAPI.DLL
0x00007ffd74e90000 - 0x00007ffd74e9e000 	C:\Program Files\Java\jdk-24\bin\sunmscapi.dll
0x00007ffd8f830000 - 0x00007ffd8f9a7000 	C:\WINDOWS\System32\CRYPT32.dll
0x00007ffd8e9a0000 - 0x00007ffd8e9d0000 	C:\WINDOWS\SYSTEM32\ncrypt.dll
0x00007ffd8e950000 - 0x00007ffd8e98f000 	C:\WINDOWS\SYSTEM32\NTASN1.dll
0x00007ffd8e790000 - 0x00007ffd8e7ab000 	C:\WINDOWS\SYSTEM32\CRYPTSP.dll
0x00007ffd8dea0000 - 0x00007ffd8dedb000 	C:\WINDOWS\system32\rsaenh.dll
0x00007ffd8e570000 - 0x00007ffd8e59b000 	C:\WINDOWS\SYSTEM32\USERENV.dll
0x00007ffd8f0f0000 - 0x00007ffd8f116000 	C:\WINDOWS\SYSTEM32\bcrypt.dll
0x00007ffd8e780000 - 0x00007ffd8e78c000 	C:\WINDOWS\SYSTEM32\CRYPTBASE.dll
0x00007ffd91f50000 - 0x00007ffd91f5a000 	C:\WINDOWS\System32\NSI.dll
0x00007ffd73da0000 - 0x00007ffd73db0000 	C:\Program Files\Java\jdk-24\bin\verify.dll
0x00007ffd8da40000 - 0x00007ffd8db66000 	C:\WINDOWS\SYSTEM32\DNSAPI.dll
0x00007ffd88d50000 - 0x00007ffd88d5b000 	C:\Windows\System32\rasadhlp.dll
0x00007ffd88d90000 - 0x00007ffd88e16000 	C:\WINDOWS\System32\fwpuclnt.dll
0x00007ffd74e80000 - 0x00007ffd74e89000 	C:\Program Files\Java\jdk-24\bin\extnet.dll

JVMTI agents:
jdwp path:C:\Program Files\Java\jdk-24\bin\jdwp.dll, loaded, initialized, options:transport=dt_socket,address=127.0.0.1:52146,suspend=y,server=n
C:\Users\saibe\AppData\Local\JetBrains\IdeaIC2024.3\captureAgent\debugger-agent.jar path:C:\Program Files\Java\jdk-24\bin\instrument.dll, loaded, initialized, instrumentlib options:none

dbghelp: loaded successfully - version: 4.0.5 - missing functions: none
symbol engine: initialized successfully - sym options: 0x614 - pdb path: .;C:\Program Files\Java\jdk-24\bin;C:\WINDOWS\SYSTEM32;C:\WINDOWS\WinSxS\amd64_microsoft.windows.common-controls_6595b64144ccf1df_6.0.26100.4484_none_3e0e6d4ce32ef3b3;C:\Program Files (x86)\360\Total Security\safemon;C:\Program Files\Java\jdk-24\bin\server

VM Arguments:
jvm_args: -agentlib:jdwp=transport=dt_socket,address=127.0.0.1:52146,suspend=y,server=n --enable-preview -javaagent:C:\Users\saibe\AppData\Local\JetBrains\IdeaIC2024.3\captureAgent\debugger-agent.jar -Dkotlinx.coroutines.debug.enable.creation.stack.trace=false -Ddebugger.agent.enable.coroutines=true -Dkotlinx.coroutines.debug.enable.flows.stack.trace=true -Dkotlinx.coroutines.debug.enable.mutable.state.flows.stack.trace=true -Dfile.encoding=UTF-8 -Dsun.stdout.encoding=UTF-8 -Dsun.stderr.encoding=UTF-8 
java_command: com.infobyte.task.project.TaskProjectApplication
java_class_path (initial): C:\Users\saibe\Downloads\task project\task-project\target\classes;C:\Users\saibe\.m2\repository\org\springframework\boot\spring-boot-starter-data-jpa\3.5.3\spring-boot-starter-data-jpa-3.5.3.jar;C:\Users\saibe\.m2\repository\org\springframework\boot\spring-boot-starter\3.5.3\spring-boot-starter-3.5.3.jar;C:\Users\saibe\.m2\repository\org\springframework\boot\spring-boot-starter-logging\3.5.3\spring-boot-starter-logging-3.5.3.jar;C:\Users\saibe\.m2\repository\ch\qos\logback\logback-classic\1.5.18\logback-classic-1.5.18.jar;C:\Users\saibe\.m2\repository\ch\qos\logback\logback-core\1.5.18\logback-core-1.5.18.jar;C:\Users\saibe\.m2\repository\org\apache\logging\log4j\log4j-to-slf4j\2.24.3\log4j-to-slf4j-2.24.3.jar;C:\Users\saibe\.m2\repository\org\apache\logging\log4j\log4j-api\2.24.3\log4j-api-2.24.3.jar;C:\Users\saibe\.m2\repository\org\slf4j\jul-to-slf4j\2.0.17\jul-to-slf4j-2.0.17.jar;C:\Users\saibe\.m2\repository\jakarta\annotation\jakarta.annotation-api\2.1.1\jakarta.annotation-api-2.1.1.jar;C:\Users\saibe\.m2\repository\org\yaml\snakeyaml\2.4\snakeyaml-2.4.jar;C:\Users\saibe\.m2\repository\org\springframework\boot\spring-boot-starter-jdbc\3.5.3\spring-boot-starter-jdbc-3.5.3.jar;C:\Users\saibe\.m2\repository\com\zaxxer\HikariCP\6.3.0\HikariCP-6.3.0.jar;C:\Users\saibe\.m2\repository\org\springframework\spring-jdbc\6.2.8\spring-jdbc-6.2.8.jar;C:\Users\saibe\.m2\repository\org\hibernate\orm\hibernate-core\6.6.18.Final\hibernate-core-6.6.18.Final.jar;C:\Users\saibe\.m2\repository\jakarta\persistence\jakarta.persistence-api\3.1.0\jakarta.persistence-api-3.1.0.jar;C:\Users\saibe\.m2\repository\jakarta\transaction\jakarta.transaction-api\2.0.1\jakarta.transaction-api-2.0.1.jar;C:\Users\saibe\.m2\repository\org\jboss\logging\jboss-logging\3.6.1.Final\jboss-logging-3.6.1.Final.jar;C:\Users\saibe\.m2\repository\org\hibernate\common\hibernate-commons-annotations\7.0.3.Final\hibernate-commons-annotations-7.0.3.Final.jar;C:\Users\saibe\.m2\repository\io\smallrye\jandex\3.2.0\jandex-3.2.0.jar;C:\Users\saibe\.m2\repository\com\fasterxml\classmate\1.7.0\classmate-1.7.0.jar;C:\Users\saibe\.m2\repository\net\bytebuddy\byte-buddy\1.17.6\byte-buddy-1.17.6.jar;C:\Users\saibe\.m2\repository\org\glassfish\jaxb\jaxb-runtime\4.0.5\jaxb-runtime-4.0.5.jar;C:\Users\saibe\.m2\repository\org\glassfish\jaxb\jaxb-core\4.0.5\jaxb-core-4.0.5.jar;C:\Users\saibe\.m2\repository\org\glassfish\jaxb\txw2\4.0.5\txw2-4.0.5.jar;C:\Users\saibe\.m2\repository\com\sun\istack\istack-commons-runtime\4.1.2\istack-commons-runtime-4.1.2.jar;C:\Users\saibe\.m2\repository\jakarta\inject\jakarta.inject-api\2.0.1\jakarta.inject-api-2.0.1.jar;C:\Users\saibe\.m2\repository\org\antlr\antlr4-runtime\4.13.0\antlr4-runtime-4.13.0.jar;C:\Users\saibe\.m2\repository\org\springframework\data\spring-data-jpa\3.5.1\spring-data-jpa-3.5.1.jar;C:\Users\saibe\.m2\repository\org\springframework\data\spring-data-commons\3.5.1\spring-data-commons-3.5.1.jar;C:\Users\saibe\.m2\repository\org\springframework\spring-orm\6.2.8\spring-orm-6.2.8.jar;C:\Users\saibe\.m2\repository\org\springframework\spring-context\6.2.8\spring-context-6.2.8.jar;C:\Users\saibe\.m2\repository\org\springframework\spring-tx\6.2.8\spring-tx-6.2.8.jar;C:\Users\saibe\.m2\repository\org\springframework\spring-beans\6.2.8\spring-beans-6.2.8.jar;C:\Users\saibe\.m2\repository\org\springframework\spring-aspects\6.2.8\spring-aspects-6.2.8.jar;C:\Users\saibe\.m2\repository\org\aspectj\aspectjweaver\1.9.24\aspectjweaver-1.9.24.jar;C:\Users\saibe\.m2\repository\org\springframework\boot\spring-boot-starter-thymeleaf\3.5.3\spring-boot-starter-thymeleaf-3.5.3.jar;C:\Users\saibe\.m2\repository\org\thymeleaf\thymeleaf-spring6\3.1.3.RELEASE\thymeleaf-spring6-3.1.3.RELEASE.jar;C:\Users\saibe\.m2\repository\org\thymeleaf\thymeleaf\3.1.3.RELEASE\thymeleaf-3.1.3.RELEASE.jar;C:\Users\saibe\.m2\repository\org\attoparser\attoparser\2.0.7.RELEASE\attoparser-2.0.7.RELEASE.jar;C:\Users\saibe\.m2\repository\org\unbescape\unbescape\1.1.6.RELEASE\unbescape-1.1.6.RELEASE.jar;C:\Users\saibe\.m2\repository\org\springframework\boot\spring-boot-starter-web\3.5.3\spring-boot-starter-web-3.5.3.jar;C:\Users\saibe\.m2\repository\org\springframework\boot\spring-boot-starter-json\3.5.3\spring-boot-starter-json-3.5.3.jar;C:\Users\saibe\.m2\repository\com\fasterxml\jackson\datatype\jackson-datatype-jdk8\2.19.1\jackson-datatype-jdk8-2.19.1.jar;C:\Users\saibe\.m2\repository\com\fasterxml\jackson\datatype\jackson-datatype-jsr310\2.19.1\jackson-datatype-jsr310-2.19.1.jar;C:\Users\saibe\.m2\repository\com\fasterxml\jackson\module\jackson-module-parameter-names\2.19.1\jackson-module-parameter-names-2.19.1.jar;C:\Users\saibe\.m2\repository\org\springframework\boot\spring-boot-starter-tomcat\3.5.3\spring-boot-starter-tomcat-3.5.3.jar;C:\Users\saibe\.m2\repository\org\apache\tomcat\embed\tomcat-embed-core\10.1.42\tomcat-embed-core-10.1.42.jar;C:\Users\saibe\.m2\repository\org\apache\tomcat\embed\tomcat-embed-el\10.1.42\tomcat-embed-el-10.1.42.jar;C:\Users\saibe\.m2\repository\org\apache\tomcat\embed\tomcat-embed-websocket\10.1.42\tomcat-embed-websocket-10.1.42.jar;C:\Users\saibe\.m2\repository\org\springframework\spring-web\6.2.8\spring-web-6.2.8.jar;C:\Users\saibe\.m2\repository\io\micrometer\micrometer-observation\1.15.1\micrometer-observation-1.15.1.jar;C:\Users\saibe\.m2\repository\io\micrometer\micrometer-commons\1.15.1\micrometer-commons-1.15.1.jar;C:\Users\saibe\.m2\repository\org\springframework\spring-webmvc\6.2.8\spring-webmvc-6.2.8.jar;C:\Users\saibe\.m2\repository\org\springframework\spring-expression\6.2.8\spring-expression-6.2.8.jar;C:\Users\saibe\.m2\repository\org\thymeleaf\extras\thymeleaf-extras-springsecurity6\3.1.2.RELEASE\thymeleaf-extras-springsecurity6-3.1.2.RELEASE.jar;C:\Users\saibe\.m2\repository\org\slf4j\slf4j-api\2.0.17\slf4j-api-2.0.17.jar;C:\Users\saibe\.m2\repository\org\springframework\boot\spring-boot-starter-mail\3.5.3\spring-boot-starter-mail-3.5.3.jar;C:\Users\saibe\.m2\repository\org\springframework\spring-context-support\6.2.8\spring-context-support-6.2.8.jar;C:\Users\saibe\.m2\repository\org\eclipse\angus\jakarta.mail\2.0.3\jakarta.mail-2.0.3.jar;C:\Users\saibe\.m2\repository\jakarta\activation\jakarta.activation-api\2.1.3\jakarta.activation-api-2.1.3.jar;C:\Users\saibe\.m2\repository\org\eclipse\angus\angus-activation\2.0.2\angus-activation-2.0.2.jar;C:\Users\saibe\.m2\repository\org\apache\commons\commons-lang3\3.12.0\commons-lang3-3.12.0.jar;C:\Users\saibe\.m2\repository\org\springframework\boot\spring-boot-starter-security\3.5.3\spring-boot-starter-security-3.5.3.jar;C:\Users\saibe\.m2\repository\org\springframework\spring-aop\6.2.8\spring-aop-6.2.8.jar;C:\Users\saibe\.m2\repository\org\springframework\security\spring-security-config\6.5.1\spring-security-config-6.5.1.jar;C:\Users\saibe\.m2\repository\org\springframework\security\spring-security-core\6.5.1\spring-security-core-6.5.1.jar;C:\Users\saibe\.m2\repository\org\springframework\security\spring-security-crypto\6.5.1\spring-security-crypto-6.5.1.jar;C:\Users\saibe\.m2\repository\org\springframework\security\spring-security-web\6.5.1\spring-security-web-6.5.1.jar;C:\Users\saibe\.m2\repository\io\jsonwebtoken\jjwt-api\0.11.5\jjwt-api-0.11.5.jar;C:\Users\saibe\.m2\repository\io\jsonwebtoken\jjwt-impl\0.11.5\jjwt-impl-0.11.5.jar;C:\Users\saibe\.m2\repository\io\jsonwebtoken\jjwt-jackson\0.11.5\jjwt-jackson-0.11.5.jar;C:\Users\saibe\.m2\repository\com\fasterxml\jackson\core\jackson-databind\2.19.1\jackson-databind-2.19.1.jar;C:\Users\saibe\.m2\repository\com\fasterxml\jackson\core\jackson-annotations\2.19.1\jackson-annotations-2.19.1.jar;C:\Users\saibe\.m2\repository\com\fasterxml\jackson\core\jackson-core\2.19.1\jackson-core-2.19.1.jar;C:\Users\saibe\.m2\repository\org\springdoc\springdoc-openapi-starter-webmvc-ui\2.2.0\springdoc-openapi-starter-webmvc-ui-2.2.0.jar;C:\Users\saibe\.m2\repository\org\springdoc\springdoc-openapi-starter-webmvc-api\2.2.0\springdoc-openapi-starter-webmvc-api-2.2.0.jar;C:\Users\saibe\.m2\repository\org\springdoc\springdoc-openapi-starter-common\2.2.0\springdoc-openapi-starter-common-2.2.0.jar;C:\Users\saibe\.m2\repository\io\swagger\core\v3\swagger-core-jakarta\2.2.15\swagger-core-jakarta-2.2.15.jar;C:\Users\saibe\.m2\repository\io\swagger\core\v3\swagger-annotations-jakarta\2.2.15\swagger-annotations-jakarta-2.2.15.jar;C:\Users\saibe\.m2\repository\io\swagger\core\v3\swagger-models-jakarta\2.2.15\swagger-models-jakarta-2.2.15.jar;C:\Users\saibe\.m2\repository\jakarta\validation\jakarta.validation-api\3.0.2\jakarta.validation-api-3.0.2.jar;C:\Users\saibe\.m2\repository\com\fasterxml\jackson\dataformat\jackson-dataformat-yaml\2.19.1\jackson-dataformat-yaml-2.19.1.jar;C:\Users\saibe\.m2\repository\org\webjars\swagger-ui\5.2.0\swagger-ui-5.2.0.jar;C:\Users\saibe\.m2\repository\org\modelmapper\modelmapper\3.1.1\modelmapper-3.1.1.jar;C:\Users\saibe\.m2\repository\org\springframework\boot\spring-boot-devtools\3.5.3\spring-boot-devtools-3.5.3.jar;C:\Users\saibe\.m2\repository\org\springframework\boot\spring-boot\3.5.3\spring-boot-3.5.3.jar;C:\Users\saibe\.m2\repository\org\springframework\boot\spring-boot-autoconfigure\3.5.3\spring-boot-autoconfigure-3.5.3.jar;C:\Users\saibe\.m2\repository\org\postgresql\postgresql\42.7.7\postgresql-42.7.7.jar;C:\Users\saibe\.m2\repository\org\checkerframework\checker-qual\3.49.3\checker-qual-3.49.3.jar;C:\Users\saibe\.m2\repository\org\projectlombok\lombok\1.18.38\lombok-1.18.38.jar;C:\Users\saibe\.m2\repository\jakarta\xml\bind\jakarta.xml.bind-api\4.0.2\jakarta.xml.bind-api-4.0.2.jar;C:\Users\saibe\.m2\repository\org\springframework\spring-core\6.2.8\spring-core-6.2.8.jar;C:\Users\saibe\.m2\repository\org\springframework\spring-jcl\6.2.8\spring-jcl-6.2.8.jar;C:\Program Files\JetBrains\IntelliJ IDEA Community Edition 2024.3.2.2\lib\idea_rt.jar
Launcher Type: SUN_STANDARD

[Global flags]
     intx CICompilerCount                          = 4                                         {product} {ergonomic}
     uint ConcGCThreads                            = 3                                         {product} {ergonomic}
     uint G1ConcRefinementThreads                  = 10                                        {product} {ergonomic}
   size_t G1HeapRegionSize                         = 2097152                                   {product} {ergonomic}
   size_t InitialHeapSize                          = 228589568                                 {product} {ergonomic}
   size_t MarkStackSize                            = 4194304                                   {product} {ergonomic}
   size_t MarkStackSizeMax                         = 536870912                                 {product} {ergonomic}
   size_t MaxHeapSize                              = 3638558720                                {product} {ergonomic}
   size_t MaxNewSize                               = 2183135232                                {product} {ergonomic}
   size_t MinHeapDeltaBytes                        = 2097152                                   {product} {ergonomic}
   size_t MinHeapSize                              = 8388608                                   {product} {ergonomic}
    uintx NonNMethodCodeHeapSize                   = 5832704                                {pd product} {ergonomic}
    uintx NonProfiledCodeHeapSize                  = 122945536                              {pd product} {ergonomic}
    uintx ProfiledCodeHeapSize                     = 122880000                              {pd product} {ergonomic}
    uintx ReservedCodeCacheSize                    = 251658240                              {pd product} {ergonomic}
     bool SegmentedCodeCache                       = true                                      {product} {ergonomic}
   size_t SoftMaxHeapSize                          = 3638558720                             {manageable} {ergonomic}
     bool UseCompressedOops                        = true                           {product lp64_product} {ergonomic}
     bool UseG1GC                                  = true                                      {product} {ergonomic}
     bool UseLargePagesIndividualAllocation        = false                                  {pd product} {ergonomic}

Logging:
Log output configuration:
 #0: stdout all=warning uptime,level,tags foldmultilines=false
 #1: stderr all=off uptime,level,tags foldmultilines=false

Environment Variables:
PATH=C:\Program Files\Common Files\Oracle\Java\javapath;C:\WINDOWS\system32;C:\WINDOWS;C:\WINDOWS\System32\Wbem;C:\WINDOWS\System32\WindowsPowerShell\v1.0\;C:\WINDOWS\System32\OpenSSH\;C:\Program Files\Git\cmd;C:\Users\saibe\AppData\Local\Microsoft\WindowsApps;C:\Users\saibe\AppData\Local\Programs\Microsoft VS Code\bin;
USERNAME=saibe
OS=Windows_NT
PROCESSOR_IDENTIFIER=Intel64 Family 6 Model 186 Stepping 3, GenuineIntel
TMP=C:\Users\saibe\AppData\Local\Temp
TEMP=C:\Users\saibe\AppData\Local\Temp




Periodic native trim disabled

---------------  S Y S T E M  ---------------

OS:
 Windows 11 , 64 bit Build 26100 (10.0.26100.4484)
OS uptime: 0 days 1:34 hours
Hyper-V role detected

CPU: total 12 (initial active 12) (6 cores per cpu, 2 threads per core) family 6 model 186 stepping 3 microcode 0x5105, cx8, cmov, fxsr, ht, mmx, 3dnowpref, sse, sse2, sse3, ssse3, sse4.1, sse4.2, popcnt, lzcnt, tsc, tscinvbit, avx, avx2, aes, erms, clmul, bmi1, bmi2, adx, sha, fma, vzeroupper, clflush, clflushopt, clwb, hv, serialize, rdtscp, rdpid, fsrm, gfni, f16c, cet_ibt, cet_ss
Processor Information for processor 0
  Max Mhz: 1700, Current Mhz: 1700, Mhz Limit: 1700
Processor Information for processor 1
  Max Mhz: 1700, Current Mhz: 1700, Mhz Limit: 1700
Processor Information for processor 2
  Max Mhz: 1700, Current Mhz: 1700, Mhz Limit: 1700
Processor Information for processor 3
  Max Mhz: 1700, Current Mhz: 1700, Mhz Limit: 1700
Processor Information for processor 4
  Max Mhz: 1700, Current Mhz: 1700, Mhz Limit: 1700
Processor Information for processor 5
  Max Mhz: 1700, Current Mhz: 1558, Mhz Limit: 1700
Processor Information for processor 6
  Max Mhz: 1700, Current Mhz: 1558, Mhz Limit: 1700
Processor Information for processor 7
  Max Mhz: 1700, Current Mhz: 1558, Mhz Limit: 1700
Processor Information for processor 8
  Max Mhz: 1700, Current Mhz: 1700, Mhz Limit: 1700
Processor Information for processor 9
  Max Mhz: 1700, Current Mhz: 1700, Mhz Limit: 1700
Processor Information for processor 10
  Max Mhz: 1700, Current Mhz: 1700, Mhz Limit: 1700
Processor Information for processor 11
  Max Mhz: 1700, Current Mhz: 1700, Mhz Limit: 1700

Memory: 4k page, system-wide physical 13879M (3585M free)
TotalPageFile size 13879M (AvailPageFile size 31M)
current process WorkingSet (physical memory assigned to process): 378M, peak: 393M
current process commit charge ("private bytes"): 416M, peak: 437M

vm_info: Java HotSpot(TM) 64-Bit Server VM (24.0.1+9-30) for windows-amd64 JRE (24.0.1+9-30), built on 2025-03-05T07:23:45Z with MS VC++ 17.6 (VS2022)

END.
