#
# There is insufficient memory for the Java Runtime Environment to continue.
# Native memory allocation (malloc) failed to allocate 1579152 bytes. Error detail: Chunk::new
# Possible reasons:
#   The system is out of physical RAM or swap space
#   This process is running with CompressedOops enabled, and the Java Heap may be blocking the growth of the native heap
# Possible solutions:
#   Reduce memory load on the system
#   Increase physical memory or swap space
#   Check if swap backing store is full
#   Decrease Java heap size (-Xmx/-Xms)
#   Decrease number of Java threads
#   Decrease Java thread stack sizes (-Xss)
#   Set larger code cache with -XX:ReservedCodeCacheSize=
#   JVM is running with Zero Based Compressed Oops mode in which the Java heap is
#     placed in the first 32GB address space. The Java Heap base address is the
#     maximum limit for the native heap growth. Please use -XX:HeapBaseMinAddress
#     to set the Java Heap base and to place the Java Heap above 32GB virtual address.
# This output file may be truncated or incomplete.
#
#  Out of Memory Error (arena.cpp:162), pid=17624, tid=21712
#
# JRE version: Java(TM) SE Runtime Environment (24.0.1+9) (build 24.0.1+9-30)
# Java VM: Java HotSpot(TM) 64-Bit Server VM (24.0.1+9-30, mixed mode, sharing, tiered, compressed oops, compressed class ptrs, g1 gc, windows-amd64)
# No core dump will be written. Minidumps are not enabled by default on client versions of Windows
#

---------------  S U M M A R Y ------------

Command Line: -agentlib:jdwp=transport=dt_socket,address=127.0.0.1:52480,suspend=y,server=n --enable-preview -javaagent:C:\Users\saibe\AppData\Local\JetBrains\IdeaIC2024.3\captureAgent\debugger-agent.jar -Dkotlinx.coroutines.debug.enable.creation.stack.trace=false -Ddebugger.agent.enable.coroutines=true -Dkotlinx.coroutines.debug.enable.flows.stack.trace=true -Dkotlinx.coroutines.debug.enable.mutable.state.flows.stack.trace=true -Dfile.encoding=UTF-8 -Dsun.stdout.encoding=UTF-8 -Dsun.stderr.encoding=UTF-8 com.infobyte.task.project.TaskProjectApplication

Host: 13th Gen Intel(R) Core(TM) i7-1355U, 12 cores, 13G,  Windows 11 , 64 bit Build 26100 (10.0.26100.4484)
Time: Sun Jul 27 08:20:09 2025 India Standard Time elapsed time: 42.137866 seconds (0d 0h 0m 42s)

---------------  T H R E A D  ---------------

Current thread (0x00000163a65e4b40):  JavaThread "C2 CompilerThread1" daemon [_thread_in_native, id=21712, stack(0x000000152b100000,0x000000152b200000) (1024K)]


Current CompileTask:
C2:42138 8894       4       org.springframework.boot.devtools.filewatch.FileSnapshot::equals (110 bytes)

Stack: [0x000000152b100000,0x000000152b200000]
Native frames: (J=compiled Java code, j=interpreted, Vv=VM code, C=native code)
V  [jvm.dll+0x730739]  (no source info available)
V  [jvm.dll+0x8d9b23]  (no source info available)
V  [jvm.dll+0x8dc00d]  (no source info available)
V  [jvm.dll+0x8dc683]  (no source info available)
V  [jvm.dll+0x2aa086]  (no source info available)
V  [jvm.dll+0xcedef]  (no source info available)
V  [jvm.dll+0xcf04f]  (no source info available)
V  [jvm.dll+0x154d83]  (no source info available)
V  [jvm.dll+0x735f5f]  (no source info available)
V  [jvm.dll+0x26fa1c]  (no source info available)
V  [jvm.dll+0x26ea3f]  (no source info available)
V  [jvm.dll+0x1e9d60]  (no source info available)
V  [jvm.dll+0x27e1fb]  (no source info available)
V  [jvm.dll+0x27c49a]  (no source info available)
V  [jvm.dll+0x42f456]  (no source info available)
V  [jvm.dll+0x87d76b]  (no source info available)
V  [jvm.dll+0x72ee55]  (no source info available)
C  [ucrtbase.dll+0x37b0]  (no source info available)
C  [KERNEL32.DLL+0x2e8d7]  (no source info available)
C  [ntdll.dll+0x3c34c]  (no source info available)

Lock stack of current Java thread (top to bottom):


---------------  P R O C E S S  ---------------

Threads class SMR info:
_java_thread_list=0x00000163aabb8390, length=35, elements={
0x000001635957d3c0, 0x000001635957fd10, 0x0000016359580dd0, 0x0000016359582b10,
0x0000016359585750, 0x0000016359588290, 0x00000163595890f0, 0x0000016359589c70,
0x000001635c2f7da0, 0x000001635c2c6540, 0x000001635c29af60, 0x000001635c34a210,
0x000001635c431460, 0x00000163a829d9a0, 0x00000163a829e0f0, 0x00000163ac5c7e80,
0x00000163ac5cb900, 0x00000163ac5cc050, 0x00000163a94e2a40, 0x00000163a94e3190,
0x00000163a94e38e0, 0x00000163a94e05b0, 0x00000163a94e4030, 0x00000163a94e4780,
0x00000163a94e4ed0, 0x00000163a94e5620, 0x00000163a94e64c0, 0x00000163a94e5d70,
0x00000163a2eb61e0, 0x00000163ac5cc7a0, 0x00000163a829bc60, 0x00000163aa6d6280,
0x00000163aa6d69d0, 0x00000163aa6d3df0, 0x00000163a65e4b40
}

Java Threads: ( => current thread )
  0x000001635957d3c0 JavaThread "Reference Handler"          daemon [_thread_blocked, id=10608, stack(0x000000152a200000,0x000000152a300000) (1024K)]
  0x000001635957fd10 JavaThread "Finalizer"                  daemon [_thread_blocked, id=17100, stack(0x000000152a300000,0x000000152a400000) (1024K)]
  0x0000016359580dd0 JavaThread "Signal Dispatcher"          daemon [_thread_blocked, id=14916, stack(0x000000152a400000,0x000000152a500000) (1024K)]
  0x0000016359582b10 JavaThread "Attach Listener"            daemon [_thread_blocked, id=23128, stack(0x000000152a500000,0x000000152a600000) (1024K)]
  0x0000016359585750 JavaThread "Service Thread"             daemon [_thread_blocked, id=7456, stack(0x000000152a600000,0x000000152a700000) (1024K)]
  0x0000016359588290 JavaThread "Monitor Deflation Thread"   daemon [_thread_blocked, id=4400, stack(0x000000152a700000,0x000000152a800000) (1024K)]
  0x00000163595890f0 JavaThread "C2 CompilerThread0"         daemon [_thread_blocked, id=6260, stack(0x000000152a800000,0x000000152a900000) (1024K)]
  0x0000016359589c70 JavaThread "C1 CompilerThread0"         daemon [_thread_blocked, id=4348, stack(0x000000152a900000,0x000000152aa00000) (1024K)]
  0x000001635c2f7da0 JavaThread "JDWP Transport Listener: dt_socket" daemon [_thread_blocked, id=15960, stack(0x000000152aa00000,0x000000152ab00000) (1024K)]
  0x000001635c2c6540 JavaThread "JDWP Event Helper Thread"   daemon [_thread_blocked, id=13788, stack(0x000000152ab00000,0x000000152ac00000) (1024K)]
  0x000001635c29af60 JavaThread "JDWP Command Reader"        daemon [_thread_in_native, id=13468, stack(0x000000152ac00000,0x000000152ad00000) (1024K)]
  0x000001635c34a210 JavaThread "Notification Thread"        daemon [_thread_blocked, id=23376, stack(0x000000152ad00000,0x000000152ae00000) (1024K)]
  0x000001635c431460 JavaThread "Common-Cleaner"             daemon [_thread_blocked, id=18552, stack(0x000000152ae00000,0x000000152af00000) (1024K)]
  0x00000163a829d9a0 JavaThread "PostgreSQL-JDBC-Cleaner"    daemon [_thread_blocked, id=9636, stack(0x000000152bf00000,0x000000152c000000) (1024K)]
  0x00000163a829e0f0 JavaThread "HikariPool-1:housekeeper"   daemon [_thread_blocked, id=2652, stack(0x000000152c000000,0x000000152c100000) (1024K)]
  0x00000163ac5c7e80 JavaThread "Catalina-utility-1"                [_thread_blocked, id=13600, stack(0x000000152c200000,0x000000152c300000) (1024K)]
  0x00000163ac5cb900 JavaThread "Catalina-utility-2"                [_thread_blocked, id=12180, stack(0x000000152c300000,0x000000152c400000) (1024K)]
  0x00000163ac5cc050 JavaThread "container-0"                       [_thread_blocked, id=13852, stack(0x000000152c400000,0x000000152c500000) (1024K)]
  0x00000163a94e2a40 JavaThread "File Watcher"               daemon [_thread_blocked, id=5724, stack(0x000000152c100000,0x000000152c200000) (1024K)]
  0x00000163a94e3190 JavaThread "Live Reload Server"         daemon [_thread_in_native, id=15596, stack(0x000000152c600000,0x000000152c700000) (1024K)]
  0x00000163a94e38e0 JavaThread "http-nio-8081-exec-1"       daemon [_thread_blocked, id=8756, stack(0x000000152c500000,0x000000152c600000) (1024K)]
  0x00000163a94e05b0 JavaThread "http-nio-8081-exec-2"       daemon [_thread_blocked, id=13620, stack(0x000000152c700000,0x000000152c800000) (1024K)]
  0x00000163a94e4030 JavaThread "http-nio-8081-exec-3"       daemon [_thread_blocked, id=12632, stack(0x000000152c800000,0x000000152c900000) (1024K)]
  0x00000163a94e4780 JavaThread "http-nio-8081-exec-4"       daemon [_thread_blocked, id=16372, stack(0x000000152c900000,0x000000152ca00000) (1024K)]
  0x00000163a94e4ed0 JavaThread "http-nio-8081-exec-5"       daemon [_thread_blocked, id=21256, stack(0x000000152ca00000,0x000000152cb00000) (1024K)]
  0x00000163a94e5620 JavaThread "http-nio-8081-exec-6"       daemon [_thread_blocked, id=20264, stack(0x000000152cb00000,0x000000152cc00000) (1024K)]
  0x00000163a94e64c0 JavaThread "http-nio-8081-exec-7"       daemon [_thread_blocked, id=5948, stack(0x000000152cc00000,0x000000152cd00000) (1024K)]
  0x00000163a94e5d70 JavaThread "http-nio-8081-exec-8"       daemon [_thread_blocked, id=11688, stack(0x000000152cd00000,0x000000152ce00000) (1024K)]
  0x00000163a2eb61e0 JavaThread "http-nio-8081-exec-9"       daemon [_thread_blocked, id=22728, stack(0x000000152ce00000,0x000000152cf00000) (1024K)]
  0x00000163ac5cc7a0 JavaThread "http-nio-8081-exec-10"      daemon [_thread_blocked, id=5496, stack(0x000000152cf00000,0x000000152d000000) (1024K)]
  0x00000163a829bc60 JavaThread "http-nio-8081-Poller"       daemon [_thread_in_native, id=16756, stack(0x000000152d000000,0x000000152d100000) (1024K)]
  0x00000163aa6d6280 JavaThread "http-nio-8081-Acceptor"     daemon [_thread_in_native, id=22920, stack(0x000000152d100000,0x000000152d200000) (1024K)]
  0x00000163aa6d69d0 JavaThread "scheduling-1"                      [_thread_blocked, id=15612, stack(0x000000152d200000,0x000000152d300000) (1024K)]
  0x00000163aa6d3df0 JavaThread "DestroyJavaVM"                     [_thread_blocked, id=14456, stack(0x0000001529a00000,0x0000001529b00000) (1024K)]
=>0x00000163a65e4b40 JavaThread "C2 CompilerThread1"         daemon [_thread_in_native, id=21712, stack(0x000000152b100000,0x000000152b200000) (1024K)]
Total: 35

Other Threads:
  0x000001633ab5d7c0 VMThread "VM Thread"                           [id=5792, stack(0x000000152a100000,0x000000152a200000) (1024K)]
  0x000001635955b070 WatcherThread "VM Periodic Task Thread"        [id=16632, stack(0x000000152a000000,0x000000152a100000) (1024K)]
  0x000001633ab5ea30 WorkerThread "GC Thread#0"                     [id=21792, stack(0x0000001529b00000,0x0000001529c00000) (1024K)]
  0x00000163a2e08e60 WorkerThread "GC Thread#1"                     [id=5212, stack(0x000000152b200000,0x000000152b300000) (1024K)]
  0x00000163a2e08700 WorkerThread "GC Thread#2"                     [id=10348, stack(0x000000152b300000,0x000000152b400000) (1024K)]
  0x00000163a2e09210 WorkerThread "GC Thread#3"                     [id=11536, stack(0x000000152b400000,0x000000152b500000) (1024K)]
  0x00000163a2e08ab0 WorkerThread "GC Thread#4"                     [id=3296, stack(0x000000152b500000,0x000000152b600000) (1024K)]
  0x00000163a2e095c0 WorkerThread "GC Thread#5"                     [id=23408, stack(0x000000152b600000,0x000000152b700000) (1024K)]
  0x00000163a2e09970 WorkerThread "GC Thread#6"                     [id=19424, stack(0x000000152b700000,0x000000152b800000) (1024K)]
  0x00000163a2e08350 WorkerThread "GC Thread#7"                     [id=23108, stack(0x000000152b800000,0x000000152b900000) (1024K)]
  0x000001635c9bb7e0 WorkerThread "GC Thread#8"                     [id=22468, stack(0x000000152b900000,0x000000152ba00000) (1024K)]
  0x000001633ab5df20 WorkerThread "GC Thread#9"                     [id=5936, stack(0x000000152ba00000,0x000000152bb00000) (1024K)]
  0x000001633d1922b0 ConcurrentGCThread "G1 Main Marker"            [id=5784, stack(0x0000001529c00000,0x0000001529d00000) (1024K)]
  0x000001633ab5d410 WorkerThread "G1 Conc#0"                       [id=1444, stack(0x0000001529d00000,0x0000001529e00000) (1024K)]
  0x00000163a2e943c0 WorkerThread "G1 Conc#1"                       [id=23304, stack(0x000000152bc00000,0x000000152bd00000) (1024K)]
  0x00000163a2e94b20 WorkerThread "G1 Conc#2"                       [id=11284, stack(0x000000152bd00000,0x000000152be00000) (1024K)]
  0x00000163594ac500 ConcurrentGCThread "G1 Refine#0"               [id=4420, stack(0x0000001529e00000,0x0000001529f00000) (1024K)]
  0x00000163594adf30 ConcurrentGCThread "G1 Service"                [id=4676, stack(0x0000001529f00000,0x000000152a000000) (1024K)]
Total: 18

Threads with active compile tasks:
C2 CompilerThread1  42241 8894       4       org.springframework.boot.devtools.filewatch.FileSnapshot::equals (110 bytes)
Total: 1

VM state: not at safepoint (normal execution)

VM Mutex/Monitor currently owned by a thread: None

Heap address: 0x0000000727200000, size: 3470 MB, Compressed Oops mode: Zero based, Oop shift amount: 3

CDS archive(s) mapped at: [0x000001635d000000-0x000001635dd40000-0x000001635dd40000), size 13893632, SharedBaseAddress: 0x000001635d000000, ArchiveRelocationMode: 1.
Compressed class space mapped at: 0x000001635e000000-0x000001639e000000, reserved size: 1073741824
UseCompressedClassPointers 1, UseCompactObjectHeaders 0
Narrow klass pointer bits 32, Max shift 3
Narrow klass base: 0x000001635d000000, Narrow klass shift: 0
Encoding Range: [0x000001635d000000 - 0x000001645d000000), (4294967296 bytes)
Klass Range:    [0x000001635d000000 - 0x000001639e000000), (1090519040 bytes)
Klass ID Range:  [8 - 1090519033) (1090519025)

GC Precious Log:
 CardTable entry size: 512
 Card Set container configuration: InlinePtr #cards 4 size 8 Array Of Cards #cards 16 size 48 Howl #buckets 8 coarsen threshold 3686 Howl Bitmap #cards 512 size 80 coarsen threshold 460 Card regions per heap region 1 cards per card region 4096
 CPUs: 12 total, 12 available
 Memory: 13879M
 Large Page Support: Disabled
 NUMA Support: Disabled
 Compressed Oops: Enabled (Zero based)
 Heap Region Size: 2M
 Heap Min Capacity: 8M
 Heap Initial Capacity: 218M
 Heap Max Capacity: 3470M
 Pre-touch: Disabled
 Parallel Workers: 10
 Concurrent Workers: 3
 Concurrent Refinement Workers: 10
 Periodic GC: Disabled

Heap:
 garbage-first heap   total reserved 3553280K, committed 81920K, used 48077K [0x0000000727200000, 0x0000000800000000)
  region size 2048K, 6 young (12288K), 3 survivors (6144K)
 Metaspace       used 93235K, committed 94016K, reserved 1179648K
  class space    used 10313K, committed 10624K, reserved 1048576K

Heap Regions: E=young(eden), S=young(survivor), O=old, HS=humongous(starts), HC=humongous(continues), CS=collection set, F=free, TAMS=top-at-mark-start, PB=parsable bottom
|   0|0x0000000727200000, 0x0000000727400000, 0x0000000727400000|100%| O|  |TAMS 0x0000000727200000| PB 0x0000000727200000| Untracked |  0
|   1|0x0000000727400000, 0x0000000727600000, 0x0000000727600000|100%| O|  |TAMS 0x0000000727400000| PB 0x0000000727400000| Untracked |  0
|   2|0x0000000727600000, 0x00000007277567b0, 0x0000000727800000| 66%| O|  |TAMS 0x0000000727600000| PB 0x0000000727600000| Untracked |  0
|   3|0x0000000727800000, 0x0000000727a00000, 0x0000000727a00000|100%| O|  |TAMS 0x0000000727800000| PB 0x0000000727800000| Untracked |  0
|   4|0x0000000727a00000, 0x0000000727c00000, 0x0000000727c00000|100%| O|  |TAMS 0x0000000727a00000| PB 0x0000000727a00000| Untracked |  0
|   5|0x0000000727c00000, 0x0000000727e00000, 0x0000000727e00000|100%| O|  |TAMS 0x0000000727c00000| PB 0x0000000727c00000| Untracked |  0
|   6|0x0000000727e00000, 0x0000000728000000, 0x0000000728000000|100%| O|  |TAMS 0x0000000727e00000| PB 0x0000000727e00000| Untracked |  0
|   7|0x0000000728000000, 0x0000000728200000, 0x0000000728200000|100%| O|  |TAMS 0x0000000728000000| PB 0x0000000728000000| Untracked |  0
|   8|0x0000000728200000, 0x0000000728400000, 0x0000000728400000|100%| O|  |TAMS 0x0000000728200000| PB 0x0000000728200000| Untracked |  0
|   9|0x0000000728400000, 0x0000000728600000, 0x0000000728600000|100%| O|  |TAMS 0x0000000728400000| PB 0x0000000728400000| Untracked |  0
|  10|0x0000000728600000, 0x0000000728800000, 0x0000000728800000|100%| O|Cm|TAMS 0x0000000728600000| PB 0x0000000728600000| Complete |  0
|  11|0x0000000728800000, 0x0000000728a00000, 0x0000000728a00000|100%| O|  |TAMS 0x0000000728800000| PB 0x0000000728800000| Untracked |  0
|  12|0x0000000728a00000, 0x0000000728c00000, 0x0000000728c00000|100%| O|  |TAMS 0x0000000728a00000| PB 0x0000000728a00000| Untracked |  0
|  13|0x0000000728c00000, 0x0000000728e00000, 0x0000000728e00000|100%| O|  |TAMS 0x0000000728c00000| PB 0x0000000728c00000| Untracked |  0
|  14|0x0000000728e00000, 0x0000000729000000, 0x0000000729000000|100%| O|  |TAMS 0x0000000728e00000| PB 0x0000000728e00000| Untracked |  0
|  15|0x0000000729000000, 0x0000000729200000, 0x0000000729200000|100%| O|  |TAMS 0x0000000729000000| PB 0x0000000729000000| Untracked |  0
|  16|0x0000000729200000, 0x0000000729400000, 0x0000000729400000|100%| O|  |TAMS 0x0000000729200000| PB 0x0000000729200000| Untracked |  0
|  17|0x0000000729400000, 0x0000000729600000, 0x0000000729600000|100%| O|  |TAMS 0x0000000729400000| PB 0x0000000729400000| Untracked |  0
|  18|0x0000000729600000, 0x0000000729800000, 0x0000000729800000|100%| O|  |TAMS 0x0000000729600000| PB 0x0000000729600000| Untracked |  0
|  19|0x0000000729800000, 0x0000000729800000, 0x0000000729a00000|  0%| F|  |TAMS 0x0000000729800000| PB 0x0000000729800000| Untracked |  0
|  20|0x0000000729a00000, 0x0000000729a00000, 0x0000000729c00000|  0%| F|  |TAMS 0x0000000729a00000| PB 0x0000000729a00000| Untracked |  0
|  21|0x0000000729c00000, 0x0000000729d9cd20, 0x0000000729e00000| 80%| S|CS|TAMS 0x0000000729c00000| PB 0x0000000729c00000| Complete |  0
|  22|0x0000000729e00000, 0x0000000729e00000, 0x000000072a000000|  0%| F|  |TAMS 0x0000000729e00000| PB 0x0000000729e00000| Untracked |  0
|  23|0x000000072a000000, 0x000000072a000000, 0x000000072a200000|  0%| F|  |TAMS 0x000000072a000000| PB 0x000000072a000000| Untracked |  0
|  24|0x000000072a200000, 0x000000072a400000, 0x000000072a400000|100%| S|CS|TAMS 0x000000072a200000| PB 0x000000072a200000| Complete |  0
|  25|0x000000072a400000, 0x000000072a600000, 0x000000072a600000|100%| S|CS|TAMS 0x000000072a400000| PB 0x000000072a400000| Complete |  0
|  26|0x000000072a600000, 0x000000072a600000, 0x000000072a800000|  0%| F|  |TAMS 0x000000072a600000| PB 0x000000072a600000| Untracked |  0
|  27|0x000000072a800000, 0x000000072a800000, 0x000000072aa00000|  0%| F|  |TAMS 0x000000072a800000| PB 0x000000072a800000| Untracked |  0
|  28|0x000000072aa00000, 0x000000072aa00000, 0x000000072ac00000|  0%| F|  |TAMS 0x000000072aa00000| PB 0x000000072aa00000| Untracked |  0
|  29|0x000000072ac00000, 0x000000072ac00000, 0x000000072ae00000|  0%| F|  |TAMS 0x000000072ac00000| PB 0x000000072ac00000| Untracked |  0
|  30|0x000000072ae00000, 0x000000072ae00000, 0x000000072b000000|  0%| F|  |TAMS 0x000000072ae00000| PB 0x000000072ae00000| Untracked |  0
|  31|0x000000072b000000, 0x000000072b000000, 0x000000072b200000|  0%| F|  |TAMS 0x000000072b000000| PB 0x000000072b000000| Untracked |  0
|  32|0x000000072b200000, 0x000000072b200000, 0x000000072b400000|  0%| F|  |TAMS 0x000000072b200000| PB 0x000000072b200000| Untracked |  0
|  33|0x000000072b400000, 0x000000072b400000, 0x000000072b600000|  0%| F|  |TAMS 0x000000072b400000| PB 0x000000072b400000| Untracked |  0
|  88|0x0000000732200000, 0x0000000732200000, 0x0000000732400000|  0%| F|  |TAMS 0x0000000732200000| PB 0x0000000732200000| Untracked |  0
|  89|0x0000000732400000, 0x0000000732400000, 0x0000000732600000|  0%| F|  |TAMS 0x0000000732400000| PB 0x0000000732400000| Untracked |  0
|  90|0x0000000732600000, 0x0000000732600000, 0x0000000732800000|  0%| F|  |TAMS 0x0000000732600000| PB 0x0000000732600000| Untracked |  0
|  91|0x0000000732800000, 0x00000007328e1178, 0x0000000732a00000| 43%| E|  |TAMS 0x0000000732800000| PB 0x0000000732800000| Complete |  0
| 108|0x0000000734a00000, 0x0000000734c00000, 0x0000000734c00000|100%| E|CS|TAMS 0x0000000734a00000| PB 0x0000000734a00000| Complete |  0
|1734|0x00000007ffe00000, 0x0000000800000000, 0x0000000800000000|100%| E|CS|TAMS 0x00000007ffe00000| PB 0x00000007ffe00000| Complete |  0

Card table byte_map: [0x00000163556c0000,0x0000016355d90000] _byte_map_base: 0x0000016351d87000

Marking Bits: (CMBitMap*) 0x000001633d182bb0
 Bits: [0x0000016355d90000, 0x00000163593c8000)

Polling page: 0x000001633aee0000

Metaspace:

Usage:
  Non-class:     80.98 MB used.
      Class:     10.07 MB used.
       Both:     91.05 MB used.

Virtual space:
  Non-class space:      128.00 MB reserved,      81.44 MB ( 64%) committed,  2 nodes.
      Class space:        1.00 GB reserved,      10.38 MB (  1%) committed,  1 nodes.
             Both:        1.12 GB reserved,      91.81 MB (  8%) committed. 

Chunk freelists:
   Non-Class:  14.62 MB
       Class:  5.45 MB
        Both:  20.08 MB

MaxMetaspaceSize: unlimited
CompressedClassSpaceSize: 1.00 GB
Initial GC threshold: 21.00 MB
Current GC threshold: 143.75 MB
CDS: on
 - commit_granule_bytes: 65536.
 - commit_granule_words: 8192.
 - virtual_space_node_default_size: 8388608.
 - enlarge_chunks_in_place: 1.
UseCompressedClassPointers 1, UseCompactObjectHeaders 0
Narrow klass pointer bits 32, Max shift 3
Narrow klass base: 0x000001635d000000, Narrow klass shift: 0
Encoding Range: [0x000001635d000000 - 0x000001645d000000), (4294967296 bytes)
Klass Range:    [0x000001635d000000 - 0x000001639e000000), (1090519040 bytes)
Klass ID Range:  [8 - 1090519033) (1090519025)


Internal statistics:

num_allocs_failed_limit: 9.
num_arena_births: 986.
num_arena_deaths: 0.
num_vsnodes_births: 3.
num_vsnodes_deaths: 0.
num_space_committed: 1469.
num_space_uncommitted: 0.
num_chunks_returned_to_freelist: 9.
num_chunks_taken_from_freelist: 4157.
num_chunk_merges: 9.
num_chunk_splits: 3084.
num_chunks_enlarged: 2526.
num_inconsistent_stats: 0.

CodeHeap 'non-profiled nmethods': size=120064Kb used=4562Kb max_used=4562Kb free=115501Kb
 bounds [0x000001634d450000, 0x000001634d8d0000, 0x0000016354990000]
CodeHeap 'profiled nmethods': size=120000Kb used=12055Kb max_used=12055Kb free=107944Kb
 bounds [0x0000016345990000, 0x0000016346560000, 0x000001634cec0000]
CodeHeap 'non-nmethods': size=5696Kb used=1677Kb max_used=1799Kb free=4018Kb
 bounds [0x000001634cec0000, 0x000001634d130000, 0x000001634d450000]
CodeCache: size=245760Kb, used=18294Kb, max_used=18416Kb, free=227463Kb
 total_blobs=8210, nmethods=7444, adapters=669, full_count=0
Compilation: enabled, stopped_count=0, restarted_count=0

Compilation events (20 events):
Event: 40.662 Thread 0x0000016359589c70 8886       3       java.lang.System::lineSeparator (4 bytes)
Event: 40.662 Thread 0x0000016359589c70 nmethod 8886 0x0000016346551b08 code [0x0000016346551c20, 0x0000016346551d20]
Event: 40.662 Thread 0x0000016359589c70 8889       3       org.springframework.util.Assert::isInstanceOf (8 bytes)
Event: 40.662 Thread 0x0000016359589c70 nmethod 8889 0x0000016346551e08 code [0x0000016346551f60, 0x0000016346552338]
Event: 40.662 Thread 0x0000016359589c70 8887  s    3       java.lang.StringBuffer::append (15 bytes)
Event: 40.662 Thread 0x0000016359589c70 nmethod 8887 0x0000016346552388 code [0x00000163465524a0, 0x0000016346552788]
Event: 40.662 Thread 0x0000016359589c70 8888  s    3       java.lang.StringBuffer::append (13 bytes)
Event: 40.662 Thread 0x0000016359589c70 nmethod 8888 0x0000016346552808 code [0x0000016346552920, 0x0000016346552bf0]
Event: 40.662 Thread 0x0000016359589c70 8883       1       org.apache.catalina.core.ApplicationHttpRequest::getContextPath (5 bytes)
Event: 40.662 Thread 0x0000016359589c70 nmethod 8883 0x000001634d8c3d88 code [0x000001634d8c3e80, 0x000001634d8c3f48]
Event: 40.662 Thread 0x0000016359589c70 8890       3       org.springframework.http.MediaType::isMoreSpecific (53 bytes)
Event: 40.663 Thread 0x0000016359589c70 nmethod 8890 0x0000016346552c08 code [0x0000016346552ee0, 0x0000016346554718]
Event: 40.663 Thread 0x0000016359589c70 8892       3       jdk.internal.math.FloatingDecimal$ASCIIToBinaryBuffer::<init> (26 bytes)
Event: 40.664 Thread 0x0000016359589c70 nmethod 8892 0x0000016346554788 code [0x00000163465548a0, 0x0000016346554a78]
Event: 40.664 Thread 0x0000016359589c70 8891       1       java.util.Collections$EmptyMap::hashCode (2 bytes)
Event: 40.664 Thread 0x0000016359589c70 nmethod 8891 0x000001634d8c4088 code [0x000001634d8c4180, 0x000001634d8c4248]
Event: 40.664 Thread 0x0000016359589c70 8893       3       org.apache.tomcat.util.buf.MessageBytes::toBytesSimple (105 bytes)
Event: 40.665 Thread 0x0000016359589c70 nmethod 8893 0x0000016346554b08 code [0x0000016346554ce0, 0x0000016346555930]
Event: 40.667 Thread 0x00000163a65e4b40 nmethod 8884 0x000001634d8c4388 code [0x000001634d8c44c0, 0x000001634d8c49f8]
Event: 41.119 Thread 0x00000163a65e4b40 8894       4       org.springframework.boot.devtools.filewatch.FileSnapshot::equals (110 bytes)

GC Heap History (20 events):
Event: 10.332 GC heap before
{Heap before GC invocations=18 (full 0):
 garbage-first heap   total reserved 3553280K, committed 63488K, used 51811K [0x0000000727200000, 0x0000000800000000)
  region size 2048K, 12 young (24576K), 2 survivors (4096K)
 Metaspace       used 71520K, committed 72000K, reserved 1114112K
  class space    used 7561K, committed 7744K, reserved 1048576K
}
Event: 10.340 GC heap after
{Heap after GC invocations=19 (full 0):
 garbage-first heap   total reserved 3553280K, committed 63488K, used 32450K [0x0000000727200000, 0x0000000800000000)
  region size 2048K, 2 young (4096K), 2 survivors (4096K)
 Metaspace       used 71520K, committed 72000K, reserved 1114112K
  class space    used 7561K, committed 7744K, reserved 1048576K
}
Event: 10.628 GC heap before
{Heap before GC invocations=19 (full 0):
 garbage-first heap   total reserved 3553280K, committed 63488K, used 48834K [0x0000000727200000, 0x0000000800000000)
  region size 2048K, 11 young (22528K), 2 survivors (4096K)
 Metaspace       used 73339K, committed 73856K, reserved 1179648K
  class space    used 7942K, committed 8128K, reserved 1048576K
}
Event: 10.636 GC heap after
{Heap after GC invocations=20 (full 0):
 garbage-first heap   total reserved 3553280K, committed 63488K, used 35123K [0x0000000727200000, 0x0000000800000000)
  region size 2048K, 2 young (4096K), 2 survivors (4096K)
 Metaspace       used 73339K, committed 73856K, reserved 1179648K
  class space    used 7942K, committed 8128K, reserved 1048576K
}
Event: 10.673 GC heap before
{Heap before GC invocations=20 (full 0):
 garbage-first heap   total reserved 3553280K, committed 63488K, used 51507K [0x0000000727200000, 0x0000000800000000)
  region size 2048K, 10 young (20480K), 2 survivors (4096K)
 Metaspace       used 73347K, committed 73856K, reserved 1179648K
  class space    used 7942K, committed 8128K, reserved 1048576K
}
Event: 10.676 GC heap after
{Heap after GC invocations=21 (full 0):
 garbage-first heap   total reserved 3553280K, committed 63488K, used 34058K [0x0000000727200000, 0x0000000800000000)
  region size 2048K, 1 young (2048K), 1 survivors (2048K)
 Metaspace       used 73347K, committed 73856K, reserved 1179648K
  class space    used 7942K, committed 8128K, reserved 1048576K
}
Event: 10.753 GC heap before
{Heap before GC invocations=22 (full 0):
 garbage-first heap   total reserved 3553280K, committed 63488K, used 50442K [0x0000000727200000, 0x0000000800000000)
  region size 2048K, 10 young (20480K), 1 survivors (2048K)
 Metaspace       used 73361K, committed 73856K, reserved 1179648K
  class space    used 7942K, committed 8128K, reserved 1048576K
}
Event: 10.755 GC heap after
{Heap after GC invocations=23 (full 0):
 garbage-first heap   total reserved 3553280K, committed 63488K, used 34307K [0x0000000727200000, 0x0000000800000000)
  region size 2048K, 1 young (2048K), 1 survivors (2048K)
 Metaspace       used 73361K, committed 73856K, reserved 1179648K
  class space    used 7942K, committed 8128K, reserved 1048576K
}
Event: 11.241 GC heap before
{Heap before GC invocations=23 (full 0):
 garbage-first heap   total reserved 3553280K, committed 63488K, used 52739K [0x0000000727200000, 0x0000000800000000)
  region size 2048K, 10 young (20480K), 1 survivors (2048K)
 Metaspace       used 77765K, committed 78400K, reserved 1179648K
  class space    used 8484K, committed 8768K, reserved 1048576K
}
Event: 11.245 GC heap after
{Heap after GC invocations=24 (full 0):
 garbage-first heap   total reserved 3553280K, committed 63488K, used 34521K [0x0000000727200000, 0x0000000800000000)
  region size 2048K, 1 young (2048K), 1 survivors (2048K)
 Metaspace       used 77765K, committed 78400K, reserved 1179648K
  class space    used 8484K, committed 8768K, reserved 1048576K
}
Event: 11.649 GC heap before
{Heap before GC invocations=24 (full 0):
 garbage-first heap   total reserved 3553280K, committed 63488K, used 52953K [0x0000000727200000, 0x0000000800000000)
  region size 2048K, 10 young (20480K), 1 survivors (2048K)
 Metaspace       used 80092K, committed 80704K, reserved 1179648K
  class space    used 8790K, committed 9088K, reserved 1048576K
}
Event: 11.652 GC heap after
{Heap after GC invocations=25 (full 0):
 garbage-first heap   total reserved 3553280K, committed 63488K, used 36247K [0x0000000727200000, 0x0000000800000000)
  region size 2048K, 2 young (4096K), 2 survivors (4096K)
 Metaspace       used 80092K, committed 80704K, reserved 1179648K
  class space    used 8790K, committed 9088K, reserved 1048576K
}
Event: 12.070 GC heap before
{Heap before GC invocations=26 (full 0):
 garbage-first heap   total reserved 3553280K, committed 65536K, used 50583K [0x0000000727200000, 0x0000000800000000)
  region size 2048K, 9 young (18432K), 2 survivors (4096K)
 Metaspace       used 81482K, committed 82112K, reserved 1179648K
  class space    used 8949K, committed 9216K, reserved 1048576K
}
Event: 12.075 GC heap after
{Heap after GC invocations=27 (full 0):
 garbage-first heap   total reserved 3553280K, committed 65536K, used 37635K [0x0000000727200000, 0x0000000800000000)
  region size 2048K, 2 young (4096K), 2 survivors (4096K)
 Metaspace       used 81482K, committed 82112K, reserved 1179648K
  class space    used 8949K, committed 9216K, reserved 1048576K
}
Event: 12.589 GC heap before
{Heap before GC invocations=27 (full 0):
 garbage-first heap   total reserved 3553280K, committed 65536K, used 54019K [0x0000000727200000, 0x0000000800000000)
  region size 2048K, 10 young (20480K), 2 survivors (4096K)
 Metaspace       used 83359K, committed 83968K, reserved 1179648K
  class space    used 9187K, committed 9472K, reserved 1048576K
}
Event: 12.607 GC heap after
{Heap after GC invocations=28 (full 0):
 garbage-first heap   total reserved 3553280K, committed 81920K, used 38711K [0x0000000727200000, 0x0000000800000000)
  region size 2048K, 2 young (4096K), 2 survivors (4096K)
 Metaspace       used 83359K, committed 83968K, reserved 1179648K
  class space    used 9187K, committed 9472K, reserved 1048576K
}
Event: 26.652 GC heap before
{Heap before GC invocations=28 (full 0):
 garbage-first heap   total reserved 3553280K, committed 81920K, used 71479K [0x0000000727200000, 0x0000000800000000)
  region size 2048K, 18 young (36864K), 2 survivors (4096K)
 Metaspace       used 87611K, committed 88320K, reserved 1179648K
  class space    used 9680K, committed 9984K, reserved 1048576K
}
Event: 26.663 GC heap after
{Heap after GC invocations=29 (full 0):
 garbage-first heap   total reserved 3553280K, committed 81920K, used 40647K [0x0000000727200000, 0x0000000800000000)
  region size 2048K, 3 young (6144K), 3 survivors (6144K)
 Metaspace       used 87611K, committed 88320K, reserved 1179648K
  class space    used 9680K, committed 9984K, reserved 1048576K
}
Event: 29.851 GC heap before
{Heap before GC invocations=30 (full 0):
 garbage-first heap   total reserved 3553280K, committed 81920K, used 67271K [0x0000000727200000, 0x0000000800000000)
  region size 2048K, 17 young (34816K), 3 survivors (6144K)
 Metaspace       used 93047K, committed 93760K, reserved 1179648K
  class space    used 10303K, committed 10624K, reserved 1048576K
}
Event: 29.871 GC heap after
{Heap after GC invocations=31 (full 0):
 garbage-first heap   total reserved 3553280K, committed 81920K, used 43981K [0x0000000727200000, 0x0000000800000000)
  region size 2048K, 3 young (6144K), 3 survivors (6144K)
 Metaspace       used 93047K, committed 93760K, reserved 1179648K
  class space    used 10303K, committed 10624K, reserved 1048576K
}

Dll operation events (13 events):
Event: 0.021 Loaded shared library C:\Program Files\Java\jdk-24\bin\java.dll
Event: 0.022 Loaded shared library C:\Program Files\Java\jdk-24\bin\zip.dll
Event: 0.065 Loaded shared library C:\Program Files\Java\jdk-24\bin\jsvml.dll
Event: 0.225 Loaded shared library C:\Program Files\Java\jdk-24\bin\instrument.dll
Event: 0.297 Loaded shared library C:\Program Files\Java\jdk-24\bin\net.dll
Event: 0.300 Loaded shared library C:\Program Files\Java\jdk-24\bin\nio.dll
Event: 0.309 Loaded shared library C:\Program Files\Java\jdk-24\bin\zip.dll
Event: 0.482 Loaded shared library C:\Program Files\Java\jdk-24\bin\jimage.dll
Event: 0.886 Loaded shared library C:\Program Files\Java\jdk-24\bin\management.dll
Event: 0.889 Loaded shared library C:\Program Files\Java\jdk-24\bin\management_ext.dll
Event: 2.301 Loaded shared library C:\Program Files\Java\jdk-24\bin\sunmscapi.dll
Event: 6.076 Loaded shared library C:\Program Files\Java\jdk-24\bin\verify.dll
Event: 6.503 Loaded shared library C:\Program Files\Java\jdk-24\bin\extnet.dll

Deoptimization events (20 events):
Event: 40.559 Thread 0x00000163a94e64c0 Uncommon trap: trap_request=0xffffff4d fr.pc=0x000001634d64de60 relative=0x0000000000000060
Event: 40.559 Thread 0x00000163a94e64c0 Uncommon trap: reason=unstable_if action=reinterpret pc=0x000001634d64de60 method=java.util.concurrent.ConcurrentHashMap.sumCount()J @ 11 c2
Event: 40.559 Thread 0x00000163a94e64c0 DEOPT PACKING pc=0x000001634d64de60 sp=0x000000152ccf9490
Event: 40.559 Thread 0x00000163a94e64c0 DEOPT UNPACKING pc=0x000001634cfe6282 sp=0x000000152ccf93f8 mode 2
Event: 40.560 Thread 0x00000163a94e64c0 Uncommon trap: trap_request=0xffffff4d fr.pc=0x000001634d5a31e8 relative=0x0000000000000068
Event: 40.560 Thread 0x00000163a94e64c0 Uncommon trap: reason=unstable_if action=reinterpret pc=0x000001634d5a31e8 method=org.springframework.util.StringUtils.deleteAny(Ljava/lang/String;Ljava/lang/String;)Ljava/lang/String; @ 11 c2
Event: 40.560 Thread 0x00000163a94e64c0 DEOPT PACKING pc=0x000001634d5a31e8 sp=0x000000152ccfac30
Event: 40.560 Thread 0x00000163a94e64c0 DEOPT UNPACKING pc=0x000001634cfe6282 sp=0x000000152ccfabc0 mode 2
Event: 40.563 Thread 0x00000163a94e64c0 Uncommon trap: trap_request=0xffffff4d fr.pc=0x000001634d68bb80 relative=0x00000000000005e0
Event: 40.563 Thread 0x00000163a94e64c0 Uncommon trap: reason=unstable_if action=reinterpret pc=0x000001634d68bb80 method=java.util.Properties.load0(Ljava/util/Properties$LineReader;)V @ 79 c2
Event: 40.563 Thread 0x00000163a94e64c0 DEOPT PACKING pc=0x000001634d68bb80 sp=0x000000152ccf9f20
Event: 40.563 Thread 0x00000163a94e64c0 DEOPT UNPACKING pc=0x000001634cfe6282 sp=0x000000152ccf9ef8 mode 2
Event: 40.566 Thread 0x00000163a94e64c0 DEOPT PACKING pc=0x000001634d6f0844 sp=0x000000152ccfa900
Event: 40.566 Thread 0x00000163a94e64c0 DEOPT UNPACKING pc=0x000001634cf15722 sp=0x000000152ccf9d98 mode 1
Event: 40.583 Thread 0x00000163a94e64c0 Uncommon trap: trap_request=0xffffff4d fr.pc=0x000001634d576448 relative=0x0000000000000aa8
Event: 40.583 Thread 0x00000163a94e64c0 Uncommon trap: reason=unstable_if action=reinterpret pc=0x000001634d576448 method=jdk.internal.loader.BuiltinClassLoader.findLoadedModule(Ljava/lang/String;)Ljdk/internal/loader/BuiltinClassLoader$LoadedModule; @ 8 c2
Event: 40.583 Thread 0x00000163a94e64c0 DEOPT PACKING pc=0x000001634d576448 sp=0x000000152ccfa290
Event: 40.583 Thread 0x00000163a94e64c0 DEOPT UNPACKING pc=0x000001634cfe6282 sp=0x000000152ccfa290 mode 2
Event: 40.583 Thread 0x00000163a94e64c0 DEOPT PACKING pc=0x000001634d6f0844 sp=0x000000152ccfa630
Event: 40.583 Thread 0x00000163a94e64c0 DEOPT UNPACKING pc=0x000001634cf15722 sp=0x000000152ccf9ac8 mode 1

Classes loaded (20 events):
Event: 40.560 Loading class org/springframework/web/util/HtmlUtils
Event: 40.560 Loading class org/springframework/web/util/HtmlUtils done
Event: 40.561 Loading class org/springframework/web/util/HtmlCharacterEntityReferences
Event: 40.561 Loading class org/springframework/web/util/HtmlCharacterEntityReferences done
Event: 40.566 Loading class java/lang/StringEditor
Event: 40.566 Loading class java/lang/StringEditor done
Event: 40.568 Loading class org/thymeleaf/spring6/expression/Fields
Event: 40.568 Loading class org/thymeleaf/spring6/expression/Fields done
Event: 40.583 Loading class booleanEditor
Event: 40.583 Loading class booleanEditor done
Event: 40.584 Loading class org/thymeleaf/engine/StandardModelFactory
Event: 40.584 Loading class org/thymeleaf/engine/StandardModelFactory done
Event: 40.585 Loading class org/thymeleaf/model/IModelFactory
Event: 40.585 Loading class org/thymeleaf/model/IModelFactory done
Event: 40.587 Loading class org/thymeleaf/engine/TemplateModel
Event: 40.587 Loading class org/thymeleaf/engine/TemplateModel done
Event: 40.653 Loading class org/apache/catalina/webresources/WarResourceSet
Event: 40.653 Loading class org/apache/catalina/webresources/WarResourceSet done
Event: 40.655 Loading class org/springframework/web/method/annotation/ExceptionHandlerMethodResolver$ExceptionMapping
Event: 40.655 Loading class org/springframework/web/method/annotation/ExceptionHandlerMethodResolver$ExceptionMapping done

Classes unloaded (0 events):
No events

Classes redefined (1 events):
Event: 0.262 Thread 0x000001633ab5d7c0 redefined class name=java.lang.Throwable, count=1

Internal exceptions (20 events):
Event: 26.427 Thread 0x00000163a94e38e0 Exception <a 'java/lang/NoSuchMethodError'{0x000000072a71cab8}: 'java.lang.Object java.lang.invoke.DirectMethodHandle$Holder.invokeSpecial(java.lang.Object, java.lang.Object, java.lang.Object, java.lang.Object, java.lang.Object, java.lang.Object, long)'> (0x000000072a71cab8) 
thrown [s\open\src\hotspot\share\interpreter\linkResolver.cpp, line 805]
Event: 26.428 Thread 0x00000163a94e38e0 Exception <a 'java/lang/NoSuchMethodError'{0x000000072a724e40}: 'java.lang.Object java.lang.invoke.DelegatingMethodHandle$Holder.reinvoke_L(java.lang.Object, java.lang.Object, java.lang.Object, java.lang.Object, java.lang.Object, long)'> (0x000000072a724e40) 
thrown [s\open\src\hotspot\share\interpreter\linkResolver.cpp, line 805]
Event: 26.428 Thread 0x00000163a94e38e0 Exception <a 'java/lang/NoSuchMethodError'{0x000000072a735160}: 'java.lang.Object java.lang.invoke.Invokers$Holder.linkToTargetMethod(java.lang.Object, java.lang.Object, java.lang.Object, long, java.lang.Object)'> (0x000000072a735160) 
thrown [s\open\src\hotspot\share\interpreter\linkResolver.cpp, line 805]
Event: 26.719 Thread 0x00000163a94e38e0 Implicit null exception at 0x000001634d49d6f1 to 0x000001634d49dcb4
Event: 26.829 Thread 0x00000163a94e38e0 Exception <a 'java/lang/NoSuchMethodError'{0x0000000734b4e150}: 'java.lang.Object java.lang.invoke.DirectMethodHandle$Holder.invokeInterface(java.lang.Object, java.lang.Object, java.lang.Object, java.lang.Object)'> (0x0000000734b4e150) 
thrown [s\open\src\hotspot\share\interpreter\linkResolver.cpp, line 805]
Event: 26.832 Thread 0x00000163a94e38e0 Exception <a 'java/lang/NoSuchMethodError'{0x0000000734b8e2d0}: 'java.lang.Object java.lang.invoke.DirectMethodHandle$Holder.invokeInterface(java.lang.Object, java.lang.Object, java.lang.Object, java.lang.Object, java.lang.Object)'> (0x0000000734b8e2d0) 
thrown [s\open\src\hotspot\share\interpreter\linkResolver.cpp, line 805]
Event: 26.849 Thread 0x00000163a94e38e0 Exception <a 'java/lang/NoSuchMethodError'{0x0000000734bfc338}: 'void java.lang.invoke.DirectMethodHandle$Holder.invokeSpecialIFC(java.lang.Object, java.lang.Object, int, java.lang.Object, java.lang.Object, java.lang.Object, java.lang.Object)'> (0x0000000734bfc338) 
thrown [s\open\src\hotspot\share\interpreter\linkResolver.cpp, line 805]
Event: 26.919 Thread 0x00000163a94e38e0 Implicit null exception at 0x000001634d8660c1 to 0x000001634d866220
Event: 26.986 Thread 0x00000163a94e38e0 Exception <a 'java/lang/NoSuchMethodError'{0x00000007324600d8}: 'int java.lang.invoke.DirectMethodHandle$Holder.invokeStatic(java.lang.Object, java.lang.Object, int, int)'> (0x00000007324600d8) 
thrown [s\open\src\hotspot\share\interpreter\linkResolver.cpp, line 805]
Event: 27.009 Thread 0x00000163a94e38e0 Exception <a 'java/lang/NoSuchMethodError'{0x0000000732529108}: 'int java.lang.invoke.Invokers$Holder.invokeExact_MT(java.lang.Object, java.lang.Object, java.lang.Object)'> (0x0000000732529108) 
thrown [s\open\src\hotspot\share\interpreter\linkResolver.cpp, line 805]
Event: 27.032 Thread 0x00000163a94e38e0 Exception <a 'java/lang/IncompatibleClassChangeError'{0x00000007325d7488}: Found class java.lang.Object, but interface was expected> (0x00000007325d7488) 
thrown [s\open\src\hotspot\share\interpreter\linkResolver.cpp, line 872]
Event: 27.066 Thread 0x00000163a94e5620 Implicit null exception at 0x000001634d4aa471 to 0x000001634d4aaa00
Event: 27.089 Thread 0x00000163a94e5620 Exception <a 'java/lang/IncompatibleClassChangeError'{0x00000007323ccad8}: Found class java.lang.Object, but interface was expected> (0x00000007323ccad8) 
thrown [s\open\src\hotspot\share\interpreter\linkResolver.cpp, line 872]
Event: 27.291 Thread 0x00000163a94e5620 Implicit null exception at 0x000001634d4fe755 to 0x000001634d4fea78
Event: 27.590 Thread 0x00000163a94e4030 Exception <a 'java/lang/NoSuchMethodError'{0x000000072abd08e8}: 'java.lang.Object java.lang.invoke.DirectMethodHandle$Holder.invokeStatic(java.lang.Object, int, int)'> (0x000000072abd08e8) 
thrown [s\open\src\hotspot\share\interpreter\linkResolver.cpp, line 805]
Event: 27.591 Thread 0x00000163a94e4780 Exception <a 'java/lang/NoSuchMethodError'{0x000000072abf7490}: 'java.lang.Object java.lang.invoke.DirectMethodHandle$Holder.invokeStatic(java.lang.Object, int, int)'> (0x000000072abf7490) 
thrown [s\open\src\hotspot\share\interpreter\linkResolver.cpp, line 805]
Event: 27.609 Thread 0x00000163a94e4780 Exception <a 'java/io/IOException'{0x000000072a8b6c08}> (0x000000072a8b6c08) 
thrown [s\open\src\hotspot\share\prims\jni.cpp, line 518]
Event: 27.618 Thread 0x00000163a94e4030 Exception <a 'java/io/IOException'{0x000000072a8d3210}> (0x000000072a8d3210) 
thrown [s\open\src\hotspot\share\prims\jni.cpp, line 518]
Event: 40.654 Thread 0x00000163a2eb61e0 Exception <a 'java/io/IOException'{0x0000000734bfcaa8}> (0x0000000734bfcaa8) 
thrown [s\open\src\hotspot\share\prims\jni.cpp, line 518]
Event: 40.658 Thread 0x00000163a94e5d70 Exception <a 'java/io/IOException'{0x0000000732826900}> (0x0000000732826900) 
thrown [s\open\src\hotspot\share\prims\jni.cpp, line 518]

VM Operations (20 events):
Event: 26.652 Executing VM operation: G1CollectForAllocation (G1 Evacuation Pause)
Event: 26.663 Executing VM operation: G1CollectForAllocation (G1 Evacuation Pause) done
Event: 26.688 Executing VM operation: G1PauseRemark
Event: 26.693 Executing VM operation: G1PauseRemark done
Event: 26.703 Executing VM operation: G1PauseCleanup
Event: 26.706 Executing VM operation: G1PauseCleanup done
Event: 26.760 Executing VM operation: HandshakeAllThreads (Deoptimize)
Event: 26.760 Executing VM operation: HandshakeAllThreads (Deoptimize) done
Event: 26.963 Executing VM operation: HandshakeAllThreads (Deoptimize)
Event: 26.963 Executing VM operation: HandshakeAllThreads (Deoptimize) done
Event: 27.042 Executing VM operation: HandshakeAllThreads (Deoptimize)
Event: 27.042 Executing VM operation: HandshakeAllThreads (Deoptimize) done
Event: 27.048 Executing VM operation: HandshakeAllThreads (Deoptimize)
Event: 27.048 Executing VM operation: HandshakeAllThreads (Deoptimize) done
Event: 27.617 Executing VM operation: HandshakeAllThreads (Deoptimize)
Event: 27.617 Executing VM operation: HandshakeAllThreads (Deoptimize) done
Event: 27.639 Executing VM operation: HandshakeAllThreads (Deoptimize)
Event: 27.639 Executing VM operation: HandshakeAllThreads (Deoptimize) done
Event: 29.851 Executing VM operation: G1CollectForAllocation (G1 Evacuation Pause)
Event: 29.871 Executing VM operation: G1CollectForAllocation (G1 Evacuation Pause) done

Memory protections (0 events):
No events

Nmethod flushes (20 events):
Event: 26.693 Thread 0x000001633ab5d7c0 flushing  nmethod 0x0000016345d15a08
Event: 26.693 Thread 0x000001633ab5d7c0 flushing  nmethod 0x0000016345d4ae88
Event: 26.693 Thread 0x000001633ab5d7c0 flushing  nmethod 0x0000016345d4bf88
Event: 26.693 Thread 0x000001633ab5d7c0 flushing  nmethod 0x0000016345d95888
Event: 26.693 Thread 0x000001633ab5d7c0 flushing  nmethod 0x0000016345dc1a88
Event: 26.693 Thread 0x000001633ab5d7c0 flushing  nmethod 0x0000016345dc8708
Event: 26.693 Thread 0x000001633ab5d7c0 flushing  nmethod 0x0000016345dfd488
Event: 26.693 Thread 0x000001633ab5d7c0 flushing  nmethod 0x0000016345e0e988
Event: 26.693 Thread 0x000001633ab5d7c0 flushing  nmethod 0x0000016345e33508
Event: 26.693 Thread 0x000001633ab5d7c0 flushing  nmethod 0x0000016345e92c88
Event: 26.693 Thread 0x000001633ab5d7c0 flushing  nmethod 0x0000016345e93288
Event: 26.693 Thread 0x000001633ab5d7c0 flushing  nmethod 0x0000016345f2b788
Event: 26.693 Thread 0x000001633ab5d7c0 flushing  nmethod 0x0000016345f3ff88
Event: 26.693 Thread 0x000001633ab5d7c0 flushing  nmethod 0x0000016345fb6e08
Event: 26.693 Thread 0x000001633ab5d7c0 flushing  nmethod 0x0000016345fe1088
Event: 26.693 Thread 0x000001633ab5d7c0 flushing  nmethod 0x0000016346002388
Event: 26.693 Thread 0x000001633ab5d7c0 flushing  nmethod 0x0000016346216688
Event: 26.693 Thread 0x000001633ab5d7c0 flushing  nmethod 0x0000016346216d08
Event: 26.693 Thread 0x000001633ab5d7c0 flushing  nmethod 0x000001634622f108
Event: 26.693 Thread 0x000001633ab5d7c0 flushing  nmethod 0x000001634635e088

Events (20 events):
Event: 13.116 Thread 0x00000163a2894610 Thread added: 0x00000163a94e4ed0
Event: 13.116 Thread 0x00000163a2894610 Thread added: 0x00000163a94e5620
Event: 13.117 Thread 0x00000163a2894610 Thread added: 0x00000163a94e64c0
Event: 13.117 Thread 0x00000163a2894610 Thread added: 0x00000163a94e5d70
Event: 13.117 Thread 0x00000163a2894610 Thread added: 0x00000163a2eb61e0
Event: 13.117 Thread 0x00000163a2894610 Thread added: 0x00000163ac5cc7a0
Event: 13.130 Thread 0x00000163a2894610 Thread added: 0x00000163a829bc60
Event: 13.131 Thread 0x00000163a2894610 Thread added: 0x00000163aa6d6280
Event: 13.153 Thread 0x00000163a2894610 Thread added: 0x00000163aa6d69d0
Event: 13.164 Thread 0x00000163a2894610 Thread exited: 0x00000163a2894610
Event: 13.167 Thread 0x00000163a2890e50 Thread exited: 0x00000163a2890e50
Event: 13.167 Thread 0x000001633d1228b0 Thread exited: 0x000001633d1228b0
Event: 13.167 Thread 0x00000163aa6d3df0 Thread added: 0x00000163aa6d3df0
Event: 13.702 Thread 0x00000163abb60d70 Thread exited: 0x00000163abb60d70
Event: 13.702 Thread 0x00000163ad335850 Thread exited: 0x00000163ad335850
Event: 26.775 Thread 0x0000016359589c70 Thread added: 0x00000163a47651d0
Event: 27.037 Thread 0x00000163a47651d0 Thread exited: 0x00000163a47651d0
Event: 27.098 Thread 0x00000163595890f0 Thread added: 0x00000163ad20f8c0
Event: 28.713 Thread 0x00000163ad20f8c0 Thread exited: 0x00000163ad20f8c0
Event: 40.589 Thread 0x0000016359589c70 Thread added: 0x00000163a65e4b40


Dynamic libraries:
0x00007ff748400000 - 0x00007ff748410000 	C:\Program Files\Java\jdk-24\bin\java.exe
0x00007ffc91f00000 - 0x00007ffc92168000 	C:\WINDOWS\SYSTEM32\ntdll.dll
0x00007ffc912a0000 - 0x00007ffc91369000 	C:\WINDOWS\System32\KERNEL32.DLL
0x00007ffc8f190000 - 0x00007ffc8f57d000 	C:\WINDOWS\System32\KERNELBASE.dll
0x00007ffc8f640000 - 0x00007ffc8f78b000 	C:\WINDOWS\System32\ucrtbase.dll
0x00007ffc8b990000 - 0x00007ffc8b9ab000 	C:\Program Files\Java\jdk-24\bin\VCRUNTIME140.dll
0x00007ffc8b9b0000 - 0x00007ffc8b9c6000 	C:\Program Files\Java\jdk-24\bin\jli.dll
0x00007ffc903a0000 - 0x00007ffc9056c000 	C:\WINDOWS\System32\USER32.dll
0x00007ffc8f790000 - 0x00007ffc8f7b7000 	C:\WINDOWS\System32\win32u.dll
0x00007ffc91e20000 - 0x00007ffc91e4b000 	C:\WINDOWS\System32\GDI32.dll
0x00007ffc797d0000 - 0x00007ffc79a6a000 	C:\WINDOWS\WinSxS\amd64_microsoft.windows.common-controls_6595b64144ccf1df_6.0.26100.4484_none_3e0e6d4ce32ef3b3\COMCTL32.dll
0x00007ffc8f050000 - 0x00007ffc8f187000 	C:\WINDOWS\System32\gdi32full.dll
0x00007ffc915e0000 - 0x00007ffc91689000 	C:\WINDOWS\System32\msvcrt.dll
0x00007ffc8f940000 - 0x00007ffc8f9e3000 	C:\WINDOWS\System32\msvcp_win.dll
0x00007ffc91690000 - 0x00007ffc916bf000 	C:\WINDOWS\System32\IMM32.DLL
0x000000005bfe0000 - 0x000000005bfec000 	C:\Program Files (x86)\360\Total Security\safemon\SafeWrapper.dll
0x00007ffc8fcb0000 - 0x00007ffc8fd64000 	C:\WINDOWS\System32\ADVAPI32.dll
0x00007ffc8fd70000 - 0x00007ffc8fe16000 	C:\WINDOWS\System32\sechost.dll
0x00007ffc91170000 - 0x00007ffc91288000 	C:\WINDOWS\System32\RPCRT4.dll
0x00007ffbed540000 - 0x00007ffbed5ec000 	C:\Program Files (x86)\360\Total Security\safemon\libzdtp64.dll
0x00007ffc916d0000 - 0x00007ffc91e1a000 	C:\WINDOWS\System32\SHELL32.dll
0x00007ffc8fa90000 - 0x00007ffc8fc04000 	C:\WINDOWS\System32\wintypes.dll
0x00007ffc90570000 - 0x00007ffc908f6000 	C:\WINDOWS\System32\combase.dll
0x00007ffc91e50000 - 0x00007ffc91eba000 	C:\WINDOWS\System32\SHLWAPI.dll
0x00007ffc72060000 - 0x00007ffc7206b000 	C:\WINDOWS\SYSTEM32\VERSION.dll
0x00007ffc8b980000 - 0x00007ffc8b98c000 	C:\Program Files\Java\jdk-24\bin\vcruntime140_1.dll
0x00007ffc5ab90000 - 0x00007ffc5ac1e000 	C:\Program Files\Java\jdk-24\bin\msvcp140.dll
0x00007ffc19480000 - 0x00007ffc1a222000 	C:\Program Files\Java\jdk-24\bin\server\jvm.dll
0x00007ffc90280000 - 0x00007ffc902f4000 	C:\WINDOWS\System32\WS2_32.dll
0x00007ffc8eea0000 - 0x00007ffc8eefe000 	C:\WINDOWS\SYSTEM32\POWRPROF.dll
0x00007ffc87480000 - 0x00007ffc874b5000 	C:\WINDOWS\SYSTEM32\WINMM.dll
0x00007ffc8ee80000 - 0x00007ffc8ee94000 	C:\WINDOWS\SYSTEM32\UMPDC.dll
0x00007ffc8ddf0000 - 0x00007ffc8de0b000 	C:\WINDOWS\SYSTEM32\kernel.appcore.dll
0x00007ffc8b970000 - 0x00007ffc8b97a000 	C:\Program Files\Java\jdk-24\bin\jimage.dll
0x00007ffc8c750000 - 0x00007ffc8c991000 	C:\WINDOWS\SYSTEM32\DBGHELP.DLL
0x00007ffc8fe20000 - 0x00007ffc8ff00000 	C:\WINDOWS\System32\OLEAUT32.dll
0x00007ffc710e0000 - 0x00007ffc71123000 	C:\WINDOWS\SYSTEM32\dbgcore.DLL
0x00007ffc8f9f0000 - 0x00007ffc8fa89000 	C:\WINDOWS\System32\bcryptPrimitives.dll
0x00007ffc897f0000 - 0x00007ffc8982c000 	C:\Program Files\Java\jdk-24\bin\jdwp.dll
0x00007ffc8b680000 - 0x00007ffc8b68f000 	C:\Program Files\Java\jdk-24\bin\instrument.dll
0x00007ffc72de0000 - 0x00007ffc72dfe000 	C:\Program Files\Java\jdk-24\bin\java.dll
0x00007ffc90a00000 - 0x00007ffc90b9e000 	C:\WINDOWS\System32\ole32.dll
0x00007ffc89ac0000 - 0x00007ffc89ad7000 	C:\Program Files\Java\jdk-24\bin\zip.dll
0x00007ffc8cc60000 - 0x00007ffc8d4bb000 	C:\WINDOWS\SYSTEM32\windows.storage.dll
0x00007ffc8ff20000 - 0x00007ffc90015000 	C:\WINDOWS\System32\SHCORE.dll
0x00007ffc8ef60000 - 0x00007ffc8ef8f000 	C:\WINDOWS\SYSTEM32\profapi.dll
0x00007ffc5aab0000 - 0x00007ffc5ab87000 	C:\Program Files\Java\jdk-24\bin\jsvml.dll
0x00007ffc897e0000 - 0x00007ffc897ec000 	C:\Program Files\Java\jdk-24\bin\dt_socket.dll
0x00007ffc8d830000 - 0x00007ffc8d863000 	C:\WINDOWS\SYSTEM32\IPHLPAPI.DLL
0x00007ffc8e380000 - 0x00007ffc8e3ea000 	C:\WINDOWS\system32\mswsock.dll
0x00007ffc89ab0000 - 0x00007ffc89ac0000 	C:\Program Files\Java\jdk-24\bin\net.dll
0x00007ffc72d80000 - 0x00007ffc72d96000 	C:\Program Files\Java\jdk-24\bin\nio.dll
0x00007ffc897d0000 - 0x00007ffc897da000 	C:\Program Files\Java\jdk-24\bin\management.dll
0x00007ffc897c0000 - 0x00007ffc897cb000 	C:\Program Files\Java\jdk-24\bin\management_ext.dll
0x00007ffc8ff10000 - 0x00007ffc8ff18000 	C:\WINDOWS\System32\PSAPI.DLL
0x00007ffc72dd0000 - 0x00007ffc72dde000 	C:\Program Files\Java\jdk-24\bin\sunmscapi.dll
0x00007ffc8f7c0000 - 0x00007ffc8f937000 	C:\WINDOWS\System32\CRYPT32.dll
0x00007ffc8e850000 - 0x00007ffc8e880000 	C:\WINDOWS\SYSTEM32\ncrypt.dll
0x00007ffc8e800000 - 0x00007ffc8e83f000 	C:\WINDOWS\SYSTEM32\NTASN1.dll
0x00007ffc8e630000 - 0x00007ffc8e64b000 	C:\WINDOWS\SYSTEM32\CRYPTSP.dll
0x00007ffc8dd50000 - 0x00007ffc8dd8b000 	C:\WINDOWS\system32\rsaenh.dll
0x00007ffc8e420000 - 0x00007ffc8e44b000 	C:\WINDOWS\SYSTEM32\USERENV.dll
0x00007ffc8ef30000 - 0x00007ffc8ef56000 	C:\WINDOWS\SYSTEM32\bcrypt.dll
0x00007ffc8e650000 - 0x00007ffc8e65c000 	C:\WINDOWS\SYSTEM32\CRYPTBASE.dll
0x00007ffc8fca0000 - 0x00007ffc8fcaa000 	C:\WINDOWS\System32\NSI.dll
0x00007ffc72d30000 - 0x00007ffc72d40000 	C:\Program Files\Java\jdk-24\bin\verify.dll
0x00007ffc8d8d0000 - 0x00007ffc8d9f6000 	C:\WINDOWS\SYSTEM32\DNSAPI.dll
0x00007ffc85c60000 - 0x00007ffc85c6b000 	C:\Windows\System32\rasadhlp.dll
0x00007ffc88ff0000 - 0x00007ffc89076000 	C:\WINDOWS\System32\fwpuclnt.dll
0x00007ffc72d70000 - 0x00007ffc72d79000 	C:\Program Files\Java\jdk-24\bin\extnet.dll
0x00007ffc5a560000 - 0x00007ffc5a568000 	C:\WINDOWS\system32\wshunix.dll

JVMTI agents:
jdwp path:C:\Program Files\Java\jdk-24\bin\jdwp.dll, loaded, initialized, options:transport=dt_socket,address=127.0.0.1:52480,suspend=y,server=n
C:\Users\saibe\AppData\Local\JetBrains\IdeaIC2024.3\captureAgent\debugger-agent.jar path:C:\Program Files\Java\jdk-24\bin\instrument.dll, loaded, initialized, instrumentlib options:none

dbghelp: loaded successfully - version: 4.0.5 - missing functions: none
symbol engine: initialized successfully - sym options: 0x614 - pdb path: .;C:\Program Files\Java\jdk-24\bin;C:\WINDOWS\SYSTEM32;C:\WINDOWS\WinSxS\amd64_microsoft.windows.common-controls_6595b64144ccf1df_6.0.26100.4484_none_3e0e6d4ce32ef3b3;C:\Program Files (x86)\360\Total Security\safemon;C:\Program Files\Java\jdk-24\bin\server

VM Arguments:
jvm_args: -agentlib:jdwp=transport=dt_socket,address=127.0.0.1:52480,suspend=y,server=n --enable-preview -javaagent:C:\Users\saibe\AppData\Local\JetBrains\IdeaIC2024.3\captureAgent\debugger-agent.jar -Dkotlinx.coroutines.debug.enable.creation.stack.trace=false -Ddebugger.agent.enable.coroutines=true -Dkotlinx.coroutines.debug.enable.flows.stack.trace=true -Dkotlinx.coroutines.debug.enable.mutable.state.flows.stack.trace=true -Dfile.encoding=UTF-8 -Dsun.stdout.encoding=UTF-8 -Dsun.stderr.encoding=UTF-8 
java_command: com.infobyte.task.project.TaskProjectApplication
java_class_path (initial): C:\Users\saibe\Downloads\task project\task-project\target\classes;C:\Users\saibe\.m2\repository\org\springframework\boot\spring-boot-starter-data-jpa\3.5.3\spring-boot-starter-data-jpa-3.5.3.jar;C:\Users\saibe\.m2\repository\org\springframework\boot\spring-boot-starter\3.5.3\spring-boot-starter-3.5.3.jar;C:\Users\saibe\.m2\repository\org\springframework\boot\spring-boot-starter-logging\3.5.3\spring-boot-starter-logging-3.5.3.jar;C:\Users\saibe\.m2\repository\ch\qos\logback\logback-classic\1.5.18\logback-classic-1.5.18.jar;C:\Users\saibe\.m2\repository\ch\qos\logback\logback-core\1.5.18\logback-core-1.5.18.jar;C:\Users\saibe\.m2\repository\org\apache\logging\log4j\log4j-to-slf4j\2.24.3\log4j-to-slf4j-2.24.3.jar;C:\Users\saibe\.m2\repository\org\apache\logging\log4j\log4j-api\2.24.3\log4j-api-2.24.3.jar;C:\Users\saibe\.m2\repository\org\slf4j\jul-to-slf4j\2.0.17\jul-to-slf4j-2.0.17.jar;C:\Users\saibe\.m2\repository\jakarta\annotation\jakarta.annotation-api\2.1.1\jakarta.annotation-api-2.1.1.jar;C:\Users\saibe\.m2\repository\org\yaml\snakeyaml\2.4\snakeyaml-2.4.jar;C:\Users\saibe\.m2\repository\org\springframework\boot\spring-boot-starter-jdbc\3.5.3\spring-boot-starter-jdbc-3.5.3.jar;C:\Users\saibe\.m2\repository\com\zaxxer\HikariCP\6.3.0\HikariCP-6.3.0.jar;C:\Users\saibe\.m2\repository\org\springframework\spring-jdbc\6.2.8\spring-jdbc-6.2.8.jar;C:\Users\saibe\.m2\repository\org\hibernate\orm\hibernate-core\6.6.18.Final\hibernate-core-6.6.18.Final.jar;C:\Users\saibe\.m2\repository\jakarta\persistence\jakarta.persistence-api\3.1.0\jakarta.persistence-api-3.1.0.jar;C:\Users\saibe\.m2\repository\jakarta\transaction\jakarta.transaction-api\2.0.1\jakarta.transaction-api-2.0.1.jar;C:\Users\saibe\.m2\repository\org\jboss\logging\jboss-logging\3.6.1.Final\jboss-logging-3.6.1.Final.jar;C:\Users\saibe\.m2\repository\org\hibernate\common\hibernate-commons-annotations\7.0.3.Final\hibernate-commons-annotations-7.0.3.Final.jar;C:\Users\saibe\.m2\repository\io\smallrye\jandex\3.2.0\jandex-3.2.0.jar;C:\Users\saibe\.m2\repository\com\fasterxml\classmate\1.7.0\classmate-1.7.0.jar;C:\Users\saibe\.m2\repository\net\bytebuddy\byte-buddy\1.17.6\byte-buddy-1.17.6.jar;C:\Users\saibe\.m2\repository\org\glassfish\jaxb\jaxb-runtime\4.0.5\jaxb-runtime-4.0.5.jar;C:\Users\saibe\.m2\repository\org\glassfish\jaxb\jaxb-core\4.0.5\jaxb-core-4.0.5.jar;C:\Users\saibe\.m2\repository\org\glassfish\jaxb\txw2\4.0.5\txw2-4.0.5.jar;C:\Users\saibe\.m2\repository\com\sun\istack\istack-commons-runtime\4.1.2\istack-commons-runtime-4.1.2.jar;C:\Users\saibe\.m2\repository\jakarta\inject\jakarta.inject-api\2.0.1\jakarta.inject-api-2.0.1.jar;C:\Users\saibe\.m2\repository\org\antlr\antlr4-runtime\4.13.0\antlr4-runtime-4.13.0.jar;C:\Users\saibe\.m2\repository\org\springframework\data\spring-data-jpa\3.5.1\spring-data-jpa-3.5.1.jar;C:\Users\saibe\.m2\repository\org\springframework\data\spring-data-commons\3.5.1\spring-data-commons-3.5.1.jar;C:\Users\saibe\.m2\repository\org\springframework\spring-orm\6.2.8\spring-orm-6.2.8.jar;C:\Users\saibe\.m2\repository\org\springframework\spring-context\6.2.8\spring-context-6.2.8.jar;C:\Users\saibe\.m2\repository\org\springframework\spring-tx\6.2.8\spring-tx-6.2.8.jar;C:\Users\saibe\.m2\repository\org\springframework\spring-beans\6.2.8\spring-beans-6.2.8.jar;C:\Users\saibe\.m2\repository\org\springframework\spring-aspects\6.2.8\spring-aspects-6.2.8.jar;C:\Users\saibe\.m2\repository\org\aspectj\aspectjweaver\1.9.24\aspectjweaver-1.9.24.jar;C:\Users\saibe\.m2\repository\org\springframework\boot\spring-boot-starter-thymeleaf\3.5.3\spring-boot-starter-thymeleaf-3.5.3.jar;C:\Users\saibe\.m2\repository\org\thymeleaf\thymeleaf-spring6\3.1.3.RELEASE\thymeleaf-spring6-3.1.3.RELEASE.jar;C:\Users\saibe\.m2\repository\org\thymeleaf\thymeleaf\3.1.3.RELEASE\thymeleaf-3.1.3.RELEASE.jar;C:\Users\saibe\.m2\repository\org\attoparser\attoparser\2.0.7.RELEASE\attoparser-2.0.7.RELEASE.jar;C:\Users\saibe\.m2\repository\org\unbescape\unbescape\1.1.6.RELEASE\unbescape-1.1.6.RELEASE.jar;C:\Users\saibe\.m2\repository\org\springframework\boot\spring-boot-starter-web\3.5.3\spring-boot-starter-web-3.5.3.jar;C:\Users\saibe\.m2\repository\org\springframework\boot\spring-boot-starter-json\3.5.3\spring-boot-starter-json-3.5.3.jar;C:\Users\saibe\.m2\repository\com\fasterxml\jackson\datatype\jackson-datatype-jdk8\2.19.1\jackson-datatype-jdk8-2.19.1.jar;C:\Users\saibe\.m2\repository\com\fasterxml\jackson\datatype\jackson-datatype-jsr310\2.19.1\jackson-datatype-jsr310-2.19.1.jar;C:\Users\saibe\.m2\repository\com\fasterxml\jackson\module\jackson-module-parameter-names\2.19.1\jackson-module-parameter-names-2.19.1.jar;C:\Users\saibe\.m2\repository\org\springframework\boot\spring-boot-starter-tomcat\3.5.3\spring-boot-starter-tomcat-3.5.3.jar;C:\Users\saibe\.m2\repository\org\apache\tomcat\embed\tomcat-embed-core\10.1.42\tomcat-embed-core-10.1.42.jar;C:\Users\saibe\.m2\repository\org\apache\tomcat\embed\tomcat-embed-el\10.1.42\tomcat-embed-el-10.1.42.jar;C:\Users\saibe\.m2\repository\org\apache\tomcat\embed\tomcat-embed-websocket\10.1.42\tomcat-embed-websocket-10.1.42.jar;C:\Users\saibe\.m2\repository\org\springframework\spring-web\6.2.8\spring-web-6.2.8.jar;C:\Users\saibe\.m2\repository\io\micrometer\micrometer-observation\1.15.1\micrometer-observation-1.15.1.jar;C:\Users\saibe\.m2\repository\io\micrometer\micrometer-commons\1.15.1\micrometer-commons-1.15.1.jar;C:\Users\saibe\.m2\repository\org\springframework\spring-webmvc\6.2.8\spring-webmvc-6.2.8.jar;C:\Users\saibe\.m2\repository\org\springframework\spring-expression\6.2.8\spring-expression-6.2.8.jar;C:\Users\saibe\.m2\repository\org\thymeleaf\extras\thymeleaf-extras-springsecurity6\3.1.2.RELEASE\thymeleaf-extras-springsecurity6-3.1.2.RELEASE.jar;C:\Users\saibe\.m2\repository\org\slf4j\slf4j-api\2.0.17\slf4j-api-2.0.17.jar;C:\Users\saibe\.m2\repository\org\springframework\boot\spring-boot-starter-mail\3.5.3\spring-boot-starter-mail-3.5.3.jar;C:\Users\saibe\.m2\repository\org\springframework\spring-context-support\6.2.8\spring-context-support-6.2.8.jar;C:\Users\saibe\.m2\repository\org\eclipse\angus\jakarta.mail\2.0.3\jakarta.mail-2.0.3.jar;C:\Users\saibe\.m2\repository\jakarta\activation\jakarta.activation-api\2.1.3\jakarta.activation-api-2.1.3.jar;C:\Users\saibe\.m2\repository\org\eclipse\angus\angus-activation\2.0.2\angus-activation-2.0.2.jar;C:\Users\saibe\.m2\repository\org\apache\commons\commons-lang3\3.12.0\commons-lang3-3.12.0.jar;C:\Users\saibe\.m2\repository\org\springframework\boot\spring-boot-starter-security\3.5.3\spring-boot-starter-security-3.5.3.jar;C:\Users\saibe\.m2\repository\org\springframework\spring-aop\6.2.8\spring-aop-6.2.8.jar;C:\Users\saibe\.m2\repository\org\springframework\security\spring-security-config\6.5.1\spring-security-config-6.5.1.jar;C:\Users\saibe\.m2\repository\org\springframework\security\spring-security-core\6.5.1\spring-security-core-6.5.1.jar;C:\Users\saibe\.m2\repository\org\springframework\security\spring-security-crypto\6.5.1\spring-security-crypto-6.5.1.jar;C:\Users\saibe\.m2\repository\org\springframework\security\spring-security-web\6.5.1\spring-security-web-6.5.1.jar;C:\Users\saibe\.m2\repository\io\jsonwebtoken\jjwt-api\0.11.5\jjwt-api-0.11.5.jar;C:\Users\saibe\.m2\repository\io\jsonwebtoken\jjwt-impl\0.11.5\jjwt-impl-0.11.5.jar;C:\Users\saibe\.m2\repository\io\jsonwebtoken\jjwt-jackson\0.11.5\jjwt-jackson-0.11.5.jar;C:\Users\saibe\.m2\repository\com\fasterxml\jackson\core\jackson-databind\2.19.1\jackson-databind-2.19.1.jar;C:\Users\saibe\.m2\repository\com\fasterxml\jackson\core\jackson-annotations\2.19.1\jackson-annotations-2.19.1.jar;C:\Users\saibe\.m2\repository\com\fasterxml\jackson\core\jackson-core\2.19.1\jackson-core-2.19.1.jar;C:\Users\saibe\.m2\repository\org\springdoc\springdoc-openapi-starter-webmvc-ui\2.2.0\springdoc-openapi-starter-webmvc-ui-2.2.0.jar;C:\Users\saibe\.m2\repository\org\springdoc\springdoc-openapi-starter-webmvc-api\2.2.0\springdoc-openapi-starter-webmvc-api-2.2.0.jar;C:\Users\saibe\.m2\repository\org\springdoc\springdoc-openapi-starter-common\2.2.0\springdoc-openapi-starter-common-2.2.0.jar;C:\Users\saibe\.m2\repository\io\swagger\core\v3\swagger-core-jakarta\2.2.15\swagger-core-jakarta-2.2.15.jar;C:\Users\saibe\.m2\repository\io\swagger\core\v3\swagger-annotations-jakarta\2.2.15\swagger-annotations-jakarta-2.2.15.jar;C:\Users\saibe\.m2\repository\io\swagger\core\v3\swagger-models-jakarta\2.2.15\swagger-models-jakarta-2.2.15.jar;C:\Users\saibe\.m2\repository\jakarta\validation\jakarta.validation-api\3.0.2\jakarta.validation-api-3.0.2.jar;C:\Users\saibe\.m2\repository\com\fasterxml\jackson\dataformat\jackson-dataformat-yaml\2.19.1\jackson-dataformat-yaml-2.19.1.jar;C:\Users\saibe\.m2\repository\org\webjars\swagger-ui\5.2.0\swagger-ui-5.2.0.jar;C:\Users\saibe\.m2\repository\org\modelmapper\modelmapper\3.1.1\modelmapper-3.1.1.jar;C:\Users\saibe\.m2\repository\org\springframework\boot\spring-boot-devtools\3.5.3\spring-boot-devtools-3.5.3.jar;C:\Users\saibe\.m2\repository\org\springframework\boot\spring-boot\3.5.3\spring-boot-3.5.3.jar;C:\Users\saibe\.m2\repository\org\springframework\boot\spring-boot-autoconfigure\3.5.3\spring-boot-autoconfigure-3.5.3.jar;C:\Users\saibe\.m2\repository\org\postgresql\postgresql\42.7.7\postgresql-42.7.7.jar;C:\Users\saibe\.m2\repository\org\checkerframework\checker-qual\3.49.3\checker-qual-3.49.3.jar;C:\Users\saibe\.m2\repository\org\projectlombok\lombok\1.18.38\lombok-1.18.38.jar;C:\Users\saibe\.m2\repository\jakarta\xml\bind\jakarta.xml.bind-api\4.0.2\jakarta.xml.bind-api-4.0.2.jar;C:\Users\saibe\.m2\repository\org\springframework\spring-core\6.2.8\spring-core-6.2.8.jar;C:\Users\saibe\.m2\repository\org\springframework\spring-jcl\6.2.8\spring-jcl-6.2.8.jar;C:\Program Files\JetBrains\IntelliJ IDEA Community Edition 2024.3.2.2\lib\idea_rt.jar
Launcher Type: SUN_STANDARD

[Global flags]
     intx CICompilerCount                          = 4                                         {product} {ergonomic}
     uint ConcGCThreads                            = 3                                         {product} {ergonomic}
     uint G1ConcRefinementThreads                  = 10                                        {product} {ergonomic}
   size_t G1HeapRegionSize                         = 2097152                                   {product} {ergonomic}
   size_t InitialHeapSize                          = 228589568                                 {product} {ergonomic}
   size_t MarkStackSize                            = 4194304                                   {product} {ergonomic}
   size_t MarkStackSizeMax                         = 536870912                                 {product} {ergonomic}
   size_t MaxHeapSize                              = 3638558720                                {product} {ergonomic}
   size_t MaxNewSize                               = 2183135232                                {product} {ergonomic}
   size_t MinHeapDeltaBytes                        = 2097152                                   {product} {ergonomic}
   size_t MinHeapSize                              = 8388608                                   {product} {ergonomic}
    uintx NonNMethodCodeHeapSize                   = 5832704                                {pd product} {ergonomic}
    uintx NonProfiledCodeHeapSize                  = 122945536                              {pd product} {ergonomic}
    uintx ProfiledCodeHeapSize                     = 122880000                              {pd product} {ergonomic}
    uintx ReservedCodeCacheSize                    = 251658240                              {pd product} {ergonomic}
     bool SegmentedCodeCache                       = true                                      {product} {ergonomic}
   size_t SoftMaxHeapSize                          = 3638558720                             {manageable} {ergonomic}
     bool UseCompressedOops                        = true                           {product lp64_product} {ergonomic}
     bool UseG1GC                                  = true                                      {product} {ergonomic}
     bool UseLargePagesIndividualAllocation        = false                                  {pd product} {ergonomic}

Logging:
Log output configuration:
 #0: stdout all=warning uptime,level,tags foldmultilines=false
 #1: stderr all=off uptime,level,tags foldmultilines=false

Environment Variables:
PATH=C:\Program Files\Common Files\Oracle\Java\javapath;C:\WINDOWS\system32;C:\WINDOWS;C:\WINDOWS\System32\Wbem;C:\WINDOWS\System32\WindowsPowerShell\v1.0\;C:\WINDOWS\System32\OpenSSH\;C:\Program Files\Git\cmd;C:\Users\saibe\AppData\Local\Microsoft\WindowsApps;C:\Users\saibe\AppData\Local\Programs\Microsoft VS Code\bin;
USERNAME=saibe
OS=Windows_NT
PROCESSOR_IDENTIFIER=Intel64 Family 6 Model 186 Stepping 3, GenuineIntel
TMP=C:\Users\saibe\AppData\Local\Temp
TEMP=C:\Users\saibe\AppData\Local\Temp




Periodic native trim disabled

---------------  S Y S T E M  ---------------

OS:
 Windows 11 , 64 bit Build 26100 (10.0.26100.4484)
OS uptime: 0 days 1:36 hours
Hyper-V role detected

CPU: total 12 (initial active 12) (6 cores per cpu, 2 threads per core) family 6 model 186 stepping 3 microcode 0x5105, cx8, cmov, fxsr, ht, mmx, 3dnowpref, sse, sse2, sse3, ssse3, sse4.1, sse4.2, popcnt, lzcnt, tsc, tscinvbit, avx, avx2, aes, erms, clmul, bmi1, bmi2, adx, sha, fma, vzeroupper, clflush, clflushopt, clwb, hv, serialize, rdtscp, rdpid, fsrm, gfni, f16c, cet_ibt, cet_ss
Processor Information for processor 0
  Max Mhz: 1700, Current Mhz: 1700, Mhz Limit: 1700
Processor Information for processor 1
  Max Mhz: 1700, Current Mhz: 1700, Mhz Limit: 1700
Processor Information for processor 2
  Max Mhz: 1700, Current Mhz: 1700, Mhz Limit: 1700
Processor Information for processor 3
  Max Mhz: 1700, Current Mhz: 1457, Mhz Limit: 1700
Processor Information for processor 4
  Max Mhz: 1700, Current Mhz: 1700, Mhz Limit: 1700
Processor Information for processor 5
  Max Mhz: 1700, Current Mhz: 1700, Mhz Limit: 1700
Processor Information for processor 6
  Max Mhz: 1700, Current Mhz: 1700, Mhz Limit: 1700
Processor Information for processor 7
  Max Mhz: 1700, Current Mhz: 1700, Mhz Limit: 1700
Processor Information for processor 8
  Max Mhz: 1700, Current Mhz: 1558, Mhz Limit: 1700
Processor Information for processor 9
  Max Mhz: 1700, Current Mhz: 1700, Mhz Limit: 1700
Processor Information for processor 10
  Max Mhz: 1700, Current Mhz: 1700, Mhz Limit: 1700
Processor Information for processor 11
  Max Mhz: 1700, Current Mhz: 1700, Mhz Limit: 1700

Memory: 4k page, system-wide physical 13879M (3895M free)
TotalPageFile size 13879M (AvailPageFile size 11M)
current process WorkingSet (physical memory assigned to process): 367M, peak: 418M
current process commit charge ("private bytes"): 410M, peak: 479M

vm_info: Java HotSpot(TM) 64-Bit Server VM (24.0.1+9-30) for windows-amd64 JRE (24.0.1+9-30), built on 2025-03-05T07:23:45Z with MS VC++ 17.6 (VS2022)

END.
