#
# There is insufficient memory for the Java Runtime Environment to continue.
# Native memory allocation (malloc) failed to allocate 32744 bytes. Error detail: Chunk::new
# Possible reasons:
#   The system is out of physical RAM or swap space
#   This process is running with CompressedOops enabled, and the Java Heap may be blocking the growth of the native heap
# Possible solutions:
#   Reduce memory load on the system
#   Increase physical memory or swap space
#   Check if swap backing store is full
#   Decrease Java heap size (-Xmx/-Xms)
#   Decrease number of Java threads
#   Decrease Java thread stack sizes (-Xss)
#   Set larger code cache with -XX:ReservedCodeCacheSize=
#   JVM is running with Zero Based Compressed Oops mode in which the Java heap is
#     placed in the first 32GB address space. The Java Heap base address is the
#     maximum limit for the native heap growth. Please use -XX:HeapBaseMinAddress
#     to set the Java Heap base and to place the Java Heap above 32GB virtual address.
# This output file may be truncated or incomplete.
#
#  Out of Memory Error (arena.cpp:162), pid=23476, tid=9256
#
# JRE version: Java(TM) SE Runtime Environment (24.0.1+9) (build 24.0.1+9-30)
# Java VM: Java HotSpot(TM) 64-Bit Server VM (24.0.1+9-30, mixed mode, sharing, tiered, compressed oops, compressed class ptrs, g1 gc, windows-amd64)
# No core dump will be written. Minidumps are not enabled by default on client versions of Windows
#

---------------  S U M M A R Y ------------

Command Line: -agentlib:jdwp=transport=dt_socket,address=127.0.0.1:53445,suspend=y,server=n --enable-preview -javaagent:C:\Users\saibe\AppData\Local\JetBrains\IdeaIC2024.3\captureAgent\debugger-agent.jar -Dkotlinx.coroutines.debug.enable.creation.stack.trace=false -Ddebugger.agent.enable.coroutines=true -Dkotlinx.coroutines.debug.enable.flows.stack.trace=true -Dkotlinx.coroutines.debug.enable.mutable.state.flows.stack.trace=true -Dfile.encoding=UTF-8 -Dsun.stdout.encoding=UTF-8 -Dsun.stderr.encoding=UTF-8 com.infobyte.task.project.TaskProjectApplication

Host: 13th Gen Intel(R) Core(TM) i7-1355U, 12 cores, 13G,  Windows 11 , 64 bit Build 26100 (10.0.26100.4484)
Time: Sun Jul 27 08:44:32 2025 India Standard Time elapsed time: 36.197839 seconds (0d 0h 0m 36s)

---------------  T H R E A D  ---------------

Current thread (0x000001c218ef1d10):  JavaThread "C2 CompilerThread1" daemon [_thread_in_native, id=9256, stack(0x000000c0bb400000,0x000000c0bb500000) (1024K)]


Current CompileTask:
C2:36197 8492       4       org.attoparser.util.TextUtil::compareTo (13 bytes)

Stack: [0x000000c0bb400000,0x000000c0bb500000]
Native frames: (J=compiled Java code, j=interpreted, Vv=VM code, C=native code)
V  [jvm.dll+0x730739]  (no source info available)
V  [jvm.dll+0x8d9b23]  (no source info available)
V  [jvm.dll+0x8dc00d]  (no source info available)
V  [jvm.dll+0x8dc683]  (no source info available)
V  [jvm.dll+0x2aa086]  (no source info available)
V  [jvm.dll+0xcedef]  (no source info available)
V  [jvm.dll+0xcf04f]  (no source info available)
V  [jvm.dll+0x75c09d]  (no source info available)
V  [jvm.dll+0x206185]  (no source info available)
V  [jvm.dll+0x26f7f0]  (no source info available)
V  [jvm.dll+0x26ea3f]  (no source info available)
V  [jvm.dll+0x1e9d60]  (no source info available)
V  [jvm.dll+0x27e1fb]  (no source info available)
V  [jvm.dll+0x27c49a]  (no source info available)
V  [jvm.dll+0x42f456]  (no source info available)
V  [jvm.dll+0x87d76b]  (no source info available)
V  [jvm.dll+0x72ee55]  (no source info available)
C  [ucrtbase.dll+0x37b0]  (no source info available)
C  [KERNEL32.DLL+0x2e8d7]  (no source info available)
C  [ntdll.dll+0x3c34c]  (no source info available)

Lock stack of current Java thread (top to bottom):


---------------  P R O C E S S  ---------------

Threads class SMR info:
_java_thread_list=0x000001c214fb0f00, length=35, elements={
0x000001c2110044b0, 0x000001c211004df0, 0x000001c1c944c0c0, 0x000001c1c944dd00,
0x000001c1c944e830, 0x000001c21100a3e0, 0x000001c21100b240, 0x000001c211014810,
0x000001c211290610, 0x000001c2112636d0, 0x000001c211263e20, 0x000001c2113bc370,
0x000001c21143ad10, 0x000001c2113d8d20, 0x000001c2113d9470, 0x000001c21d788f90,
0x000001c21d786b00, 0x000001c21ec4a620, 0x000001c218a26a00, 0x000001c218a2abd0,
0x000001c218a2b320, 0x000001c218a2ba70, 0x000001c218a2c910, 0x000001c218a2c1c0,
0x000001c218a29d30, 0x000001c218a2a480, 0x000001c21ec4e0a0, 0x000001c21ec4ad70,
0x000001c21ec4bc10, 0x000001c212c3dcc0, 0x000001c212c41740, 0x000001c216ba1390,
0x000001c217e27240, 0x000001c217e27990, 0x000001c218ef1d10
}

Java Threads: ( => current thread )
  0x000001c2110044b0 JavaThread "Reference Handler"          daemon [_thread_blocked, id=21260, stack(0x000000c0bac00000,0x000000c0bad00000) (1024K)]
  0x000001c211004df0 JavaThread "Finalizer"                  daemon [_thread_blocked, id=13952, stack(0x000000c0bad00000,0x000000c0bae00000) (1024K)]
  0x000001c1c944c0c0 JavaThread "Signal Dispatcher"          daemon [_thread_blocked, id=14348, stack(0x000000c0bae00000,0x000000c0baf00000) (1024K)]
  0x000001c1c944dd00 JavaThread "Attach Listener"            daemon [_thread_blocked, id=23400, stack(0x000000c0baf00000,0x000000c0bb000000) (1024K)]
  0x000001c1c944e830 JavaThread "Service Thread"             daemon [_thread_blocked, id=21196, stack(0x000000c0bb000000,0x000000c0bb100000) (1024K)]
  0x000001c21100a3e0 JavaThread "Monitor Deflation Thread"   daemon [_thread_blocked, id=21568, stack(0x000000c0bb100000,0x000000c0bb200000) (1024K)]
  0x000001c21100b240 JavaThread "C2 CompilerThread0"         daemon [_thread_blocked, id=19432, stack(0x000000c0bb200000,0x000000c0bb300000) (1024K)]
  0x000001c211014810 JavaThread "C1 CompilerThread0"         daemon [_thread_in_native, id=12664, stack(0x000000c0bb300000,0x000000c0bb400000) (1024K)]
  0x000001c211290610 JavaThread "JDWP Transport Listener: dt_socket" daemon [_thread_blocked, id=11004, stack(0x000000c0bb500000,0x000000c0bb600000) (1024K)]
  0x000001c2112636d0 JavaThread "JDWP Event Helper Thread"   daemon [_thread_blocked, id=2856, stack(0x000000c0bb600000,0x000000c0bb700000) (1024K)]
  0x000001c211263e20 JavaThread "JDWP Command Reader"        daemon [_thread_in_native, id=23132, stack(0x000000c0bb700000,0x000000c0bb800000) (1024K)]
  0x000001c2113bc370 JavaThread "Notification Thread"        daemon [_thread_blocked, id=7100, stack(0x000000c0bb800000,0x000000c0bb900000) (1024K)]
  0x000001c21143ad10 JavaThread "Common-Cleaner"             daemon [_thread_blocked, id=8288, stack(0x000000c0bb900000,0x000000c0bba00000) (1024K)]
  0x000001c2113d8d20 JavaThread "PostgreSQL-JDBC-Cleaner"    daemon [_thread_blocked, id=2912, stack(0x000000c0bc500000,0x000000c0bc600000) (1024K)]
  0x000001c2113d9470 JavaThread "HikariPool-1:housekeeper"   daemon [_thread_blocked, id=18492, stack(0x000000c0bc900000,0x000000c0bca00000) (1024K)]
  0x000001c21d788f90 JavaThread "Catalina-utility-1"                [_thread_blocked, id=14516, stack(0x000000c0bcc00000,0x000000c0bcd00000) (1024K)]
  0x000001c21d786b00 JavaThread "Catalina-utility-2"                [_thread_blocked, id=20816, stack(0x000000c0bcd00000,0x000000c0bce00000) (1024K)]
  0x000001c21ec4a620 JavaThread "container-0"                       [_thread_blocked, id=21572, stack(0x000000c0bce00000,0x000000c0bcf00000) (1024K)]
  0x000001c218a26a00 JavaThread "File Watcher"               daemon [_thread_blocked, id=3556, stack(0x000000c0bca00000,0x000000c0bcb00000) (1024K)]
  0x000001c218a2abd0 JavaThread "Live Reload Server"         daemon [_thread_in_native, id=21900, stack(0x000000c0bd000000,0x000000c0bd100000) (1024K)]
  0x000001c218a2b320 JavaThread "http-nio-8081-exec-1"       daemon [_thread_in_vm, id=7024, stack(0x000000c0bcf00000,0x000000c0bd000000) (1024K)]
  0x000001c218a2ba70 JavaThread "http-nio-8081-exec-2"       daemon [_thread_blocked, id=19480, stack(0x000000c0bd100000,0x000000c0bd200000) (1024K)]
  0x000001c218a2c910 JavaThread "http-nio-8081-exec-3"       daemon [_thread_blocked, id=1444, stack(0x000000c0bd200000,0x000000c0bd300000) (1024K)]
  0x000001c218a2c1c0 JavaThread "http-nio-8081-exec-4"       daemon [_thread_blocked, id=3604, stack(0x000000c0bd300000,0x000000c0bd400000) (1024K)]
  0x000001c218a29d30 JavaThread "http-nio-8081-exec-5"       daemon [_thread_blocked, id=16372, stack(0x000000c0bd400000,0x000000c0bd500000) (1024K)]
  0x000001c218a2a480 JavaThread "http-nio-8081-exec-6"       daemon [_thread_blocked, id=14316, stack(0x000000c0bd500000,0x000000c0bd600000) (1024K)]
  0x000001c21ec4e0a0 JavaThread "http-nio-8081-exec-7"       daemon [_thread_blocked, id=21524, stack(0x000000c0bd600000,0x000000c0bd700000) (1024K)]
  0x000001c21ec4ad70 JavaThread "http-nio-8081-exec-8"       daemon [_thread_blocked, id=22932, stack(0x000000c0bd700000,0x000000c0bd800000) (1024K)]
  0x000001c21ec4bc10 JavaThread "http-nio-8081-exec-9"       daemon [_thread_blocked, id=5456, stack(0x000000c0bd800000,0x000000c0bd900000) (1024K)]
  0x000001c212c3dcc0 JavaThread "http-nio-8081-exec-10"      daemon [_thread_blocked, id=17300, stack(0x000000c0bd900000,0x000000c0bda00000) (1024K)]
  0x000001c212c41740 JavaThread "http-nio-8081-Poller"       daemon [_thread_in_native, id=1828, stack(0x000000c0bda00000,0x000000c0bdb00000) (1024K)]
  0x000001c216ba1390 JavaThread "http-nio-8081-Acceptor"     daemon [_thread_in_native, id=11352, stack(0x000000c0bdb00000,0x000000c0bdc00000) (1024K)]
  0x000001c217e27240 JavaThread "scheduling-1"                      [_thread_blocked, id=2364, stack(0x000000c0bdc00000,0x000000c0bdd00000) (1024K)]
  0x000001c217e27990 JavaThread "DestroyJavaVM"                     [_thread_blocked, id=1020, stack(0x000000c0ba400000,0x000000c0ba500000) (1024K)]
=>0x000001c218ef1d10 JavaThread "C2 CompilerThread1"         daemon [_thread_in_native, id=9256, stack(0x000000c0bb400000,0x000000c0bb500000) (1024K)]
Total: 35

Other Threads:
  0x000001c1c9440a10 VMThread "VM Thread"                           [id=19088, stack(0x000000c0bab00000,0x000000c0bac00000) (1024K)]
  0x000001c1c930e400 WatcherThread "VM Periodic Task Thread"        [id=4728, stack(0x000000c0baa00000,0x000000c0bab00000) (1024K)]
  0x000001c1aabdb420 WorkerThread "GC Thread#0"                     [id=14084, stack(0x000000c0ba500000,0x000000c0ba600000) (1024K)]
  0x000001c21265a8f0 WorkerThread "GC Thread#1"                     [id=7744, stack(0x000000c0bbc00000,0x000000c0bbd00000) (1024K)]
  0x000001c21265b050 WorkerThread "GC Thread#2"                     [id=7520, stack(0x000000c0bbd00000,0x000000c0bbe00000) (1024K)]
  0x000001c21265b400 WorkerThread "GC Thread#3"                     [id=9836, stack(0x000000c0bbe00000,0x000000c0bbf00000) (1024K)]
  0x000001c212659a30 WorkerThread "GC Thread#4"                     [id=15480, stack(0x000000c0bbf00000,0x000000c0bc000000) (1024K)]
  0x000001c212970db0 WorkerThread "GC Thread#5"                     [id=20012, stack(0x000000c0bc000000,0x000000c0bc100000) (1024K)]
  0x000001c212971510 WorkerThread "GC Thread#6"                     [id=17188, stack(0x000000c0bc100000,0x000000c0bc200000) (1024K)]
  0x000001c212972780 WorkerThread "GC Thread#7"                     [id=12628, stack(0x000000c0bc200000,0x000000c0bc300000) (1024K)]
  0x000001c212972ee0 WorkerThread "GC Thread#8"                     [id=22772, stack(0x000000c0bc300000,0x000000c0bc400000) (1024K)]
  0x000001c2129739f0 WorkerThread "GC Thread#9"                     [id=6332, stack(0x000000c0bc400000,0x000000c0bc500000) (1024K)]
  0x000001c1ad012960 ConcurrentGCThread "G1 Main Marker"            [id=4616, stack(0x000000c0ba600000,0x000000c0ba700000) (1024K)]
  0x000001c1c9271490 WorkerThread "G1 Conc#0"                       [id=10676, stack(0x000000c0ba700000,0x000000c0ba800000) (1024K)]
  0x000001c212973290 WorkerThread "G1 Conc#1"                       [id=3928, stack(0x000000c0bc600000,0x000000c0bc700000) (1024K)]
  0x000001c2129702a0 WorkerThread "G1 Conc#2"                       [id=14868, stack(0x000000c0bc700000,0x000000c0bc800000) (1024K)]
  0x000001c1c92fa4f0 ConcurrentGCThread "G1 Refine#0"               [id=22616, stack(0x000000c0ba800000,0x000000c0ba900000) (1024K)]
  0x000001c1c92faf10 ConcurrentGCThread "G1 Service"                [id=21876, stack(0x000000c0ba900000,0x000000c0baa00000) (1024K)]
Total: 18

Threads with active compile tasks:
C2 CompilerThread0  36337 8525 %     4       org.unbescape.html.HtmlEscapeSymbols::<init> @ 366 (637 bytes)
C2 CompilerThread1  36337 8492       4       org.attoparser.util.TextUtil::compareTo (13 bytes)
Total: 2

VM state: not at safepoint (normal execution)

VM Mutex/Monitor currently owned by a thread: None

OutOfMemory and StackOverflow Exception counts:
StackOverflowErrors=2
LinkageErrors=159

Heap address: 0x0000000727200000, size: 3470 MB, Compressed Oops mode: Zero based, Oop shift amount: 3

CDS archive(s) mapped at: [0x000001c1cc000000-0x000001c1ccd40000-0x000001c1ccd40000), size 13893632, SharedBaseAddress: 0x000001c1cc000000, ArchiveRelocationMode: 1.
Compressed class space mapped at: 0x000001c1cd000000-0x000001c20d000000, reserved size: 1073741824
UseCompressedClassPointers 1, UseCompactObjectHeaders 0
Narrow klass pointer bits 32, Max shift 3
Narrow klass base: 0x000001c1cc000000, Narrow klass shift: 0
Encoding Range: [0x000001c1cc000000 - 0x000001c2cc000000), (4294967296 bytes)
Klass Range:    [0x000001c1cc000000 - 0x000001c20d000000), (1090519040 bytes)
Klass ID Range:  [8 - 1090519033) (1090519025)

GC Precious Log:
 CardTable entry size: 512
 Card Set container configuration: InlinePtr #cards 4 size 8 Array Of Cards #cards 16 size 48 Howl #buckets 8 coarsen threshold 3686 Howl Bitmap #cards 512 size 80 coarsen threshold 460 Card regions per heap region 1 cards per card region 4096
 CPUs: 12 total, 12 available
 Memory: 13879M
 Large Page Support: Disabled
 NUMA Support: Disabled
 Compressed Oops: Enabled (Zero based)
 Heap Region Size: 2M
 Heap Min Capacity: 8M
 Heap Initial Capacity: 218M
 Heap Max Capacity: 3470M
 Pre-touch: Disabled
 Parallel Workers: 10
 Concurrent Workers: 3
 Concurrent Refinement Workers: 10
 Periodic GC: Disabled

Heap:
 garbage-first heap   total reserved 3553280K, committed 83968K, used 43059K [0x0000000727200000, 0x0000000800000000)
  region size 2048K, 4 young (8192K), 3 survivors (6144K)
 Metaspace       used 89707K, committed 90432K, reserved 1179648K
  class space    used 9892K, committed 10240K, reserved 1048576K

Heap Regions: E=young(eden), S=young(survivor), O=old, HS=humongous(starts), HC=humongous(continues), CS=collection set, F=free, TAMS=top-at-mark-start, PB=parsable bottom
|   0|0x0000000727200000, 0x0000000727400000, 0x0000000727400000|100%| O|  |TAMS 0x0000000727200000| PB 0x0000000727200000| Untracked |  0
|   1|0x0000000727400000, 0x0000000727600000, 0x0000000727600000|100%| O|  |TAMS 0x0000000727400000| PB 0x0000000727400000| Untracked |  0
|   2|0x0000000727600000, 0x0000000727800000, 0x0000000727800000|100%| O|  |TAMS 0x0000000727600000| PB 0x0000000727600000| Untracked |  0
|   3|0x0000000727800000, 0x0000000727a00000, 0x0000000727a00000|100%| O|  |TAMS 0x0000000727800000| PB 0x0000000727800000| Untracked |  0
|   4|0x0000000727a00000, 0x0000000727c00000, 0x0000000727c00000|100%| O|  |TAMS 0x0000000727a00000| PB 0x0000000727a00000| Untracked |  0
|   5|0x0000000727c00000, 0x0000000727e00000, 0x0000000727e00000|100%| O|  |TAMS 0x0000000727c00000| PB 0x0000000727c00000| Untracked |  0
|   6|0x0000000727e00000, 0x0000000728000000, 0x0000000728000000|100%| O|  |TAMS 0x0000000727e00000| PB 0x0000000727e00000| Untracked |  0
|   7|0x0000000728000000, 0x0000000728200000, 0x0000000728200000|100%| O|  |TAMS 0x0000000728000000| PB 0x0000000728000000| Untracked |  0
|   8|0x0000000728200000, 0x0000000728400000, 0x0000000728400000|100%| O|  |TAMS 0x0000000728200000| PB 0x0000000728200000| Untracked |  0
|   9|0x0000000728400000, 0x0000000728400000, 0x0000000728600000|  0%| F|  |TAMS 0x0000000728400000| PB 0x0000000728400000| Untracked |  0
|  10|0x0000000728600000, 0x0000000728800000, 0x0000000728800000|100%| O|  |TAMS 0x0000000728600000| PB 0x0000000728600000| Untracked |  0
|  11|0x0000000728800000, 0x0000000728a00000, 0x0000000728a00000|100%| O|  |TAMS 0x0000000728800000| PB 0x0000000728800000| Untracked |  0
|  12|0x0000000728a00000, 0x0000000728c00000, 0x0000000728c00000|100%| O|  |TAMS 0x0000000728a00000| PB 0x0000000728a00000| Untracked |  0
|  13|0x0000000728c00000, 0x0000000728e00000, 0x0000000728e00000|100%| O|  |TAMS 0x0000000728c00000| PB 0x0000000728c00000| Untracked |  0
|  14|0x0000000728e00000, 0x0000000729000000, 0x0000000729000000|100%| O|  |TAMS 0x0000000728e00000| PB 0x0000000728e00000| Untracked |  0
|  15|0x0000000729000000, 0x0000000729200000, 0x0000000729200000|100%| O|  |TAMS 0x0000000729000000| PB 0x0000000729000000| Untracked |  0
|  16|0x0000000729200000, 0x0000000729400000, 0x0000000729400000|100%| O|  |TAMS 0x0000000729200000| PB 0x0000000729200000| Untracked |  0
|  17|0x0000000729400000, 0x0000000729600000, 0x0000000729600000|100%| O|  |TAMS 0x0000000729400000| PB 0x0000000729400000| Untracked |  0
|  18|0x0000000729600000, 0x0000000729800000, 0x0000000729800000|100%| O|  |TAMS 0x0000000729600000| PB 0x0000000729600000| Untracked |  0
|  19|0x0000000729800000, 0x00000007299df2e0, 0x0000000729a00000| 93%| O|  |TAMS 0x0000000729800000| PB 0x0000000729800000| Untracked |  0
|  20|0x0000000729a00000, 0x0000000729a00000, 0x0000000729c00000|  0%| F|  |TAMS 0x0000000729a00000| PB 0x0000000729a00000| Untracked |  0
|  21|0x0000000729c00000, 0x0000000729c2daa0, 0x0000000729e00000|  8%| S|CS|TAMS 0x0000000729c00000| PB 0x0000000729c00000| Complete |  0
|  22|0x0000000729e00000, 0x000000072a000000, 0x000000072a000000|100%| S|CS|TAMS 0x0000000729e00000| PB 0x0000000729e00000| Complete |  0
|  23|0x000000072a000000, 0x000000072a000000, 0x000000072a200000|  0%| F|  |TAMS 0x000000072a000000| PB 0x000000072a000000| Untracked |  0
|  24|0x000000072a200000, 0x000000072a200000, 0x000000072a400000|  0%| F|  |TAMS 0x000000072a200000| PB 0x000000072a200000| Untracked |  0
|  25|0x000000072a400000, 0x000000072a400000, 0x000000072a600000|  0%| F|  |TAMS 0x000000072a400000| PB 0x000000072a400000| Untracked |  0
|  26|0x000000072a600000, 0x000000072a800000, 0x000000072a800000|100%| S|CS|TAMS 0x000000072a600000| PB 0x000000072a600000| Complete |  0
|  27|0x000000072a800000, 0x000000072a800000, 0x000000072aa00000|  0%| F|  |TAMS 0x000000072a800000| PB 0x000000072a800000| Untracked |  0
|  28|0x000000072aa00000, 0x000000072aa00000, 0x000000072ac00000|  0%| F|  |TAMS 0x000000072aa00000| PB 0x000000072aa00000| Untracked |  0
|  29|0x000000072ac00000, 0x000000072ac00000, 0x000000072ae00000|  0%| F|  |TAMS 0x000000072ac00000| PB 0x000000072ac00000| Untracked |  0
|  30|0x000000072ae00000, 0x000000072ae00000, 0x000000072b000000|  0%| F|  |TAMS 0x000000072ae00000| PB 0x000000072ae00000| Untracked |  0
|  31|0x000000072b000000, 0x000000072b000000, 0x000000072b200000|  0%| F|  |TAMS 0x000000072b000000| PB 0x000000072b000000| Untracked |  0
|  32|0x000000072b200000, 0x000000072b200000, 0x000000072b400000|  0%| F|  |TAMS 0x000000072b200000| PB 0x000000072b200000| Untracked |  0
|  33|0x000000072b400000, 0x000000072b400000, 0x000000072b600000|  0%| F|  |TAMS 0x000000072b400000| PB 0x000000072b400000| Untracked |  0
|  87|0x0000000732000000, 0x0000000732000000, 0x0000000732200000|  0%| F|  |TAMS 0x0000000732000000| PB 0x0000000732000000| Untracked |  0
|  88|0x0000000732200000, 0x0000000732200000, 0x0000000732400000|  0%| F|  |TAMS 0x0000000732200000| PB 0x0000000732200000| Untracked |  0
|  89|0x0000000732400000, 0x0000000732400000, 0x0000000732600000|  0%| F|  |TAMS 0x0000000732400000| PB 0x0000000732400000| Untracked |  0
|  90|0x0000000732600000, 0x0000000732600000, 0x0000000732800000|  0%| F|  |TAMS 0x0000000732600000| PB 0x0000000732600000| Untracked |  0
|  91|0x0000000732800000, 0x0000000732800000, 0x0000000732a00000|  0%| F|  |TAMS 0x0000000732800000| PB 0x0000000732800000| Untracked |  0
| 108|0x0000000734a00000, 0x0000000734a00000, 0x0000000734c00000|  0%| F|  |TAMS 0x0000000734a00000| PB 0x0000000734a00000| Untracked |  0
|1734|0x00000007ffe00000, 0x00000007fff7efc8, 0x0000000800000000| 74%| E|  |TAMS 0x00000007ffe00000| PB 0x00000007ffe00000| Complete |  0

Card table byte_map: [0x000001c1c5540000,0x000001c1c5c10000] _byte_map_base: 0x000001c1c1c07000

Marking Bits: (CMBitMap*) 0x000001c1aabdb940
 Bits: [0x000001c1c5c10000, 0x000001c1c9248000)

Polling page: 0x000001c1aad90000

Metaspace:

Usage:
  Non-class:     77.94 MB used.
      Class:      9.66 MB used.
       Both:     87.61 MB used.

Virtual space:
  Non-class space:      128.00 MB reserved,      78.31 MB ( 61%) committed,  2 nodes.
      Class space:        1.00 GB reserved,      10.00 MB ( <1%) committed,  1 nodes.
             Both:        1.12 GB reserved,      88.31 MB (  8%) committed. 

Chunk freelists:
   Non-Class:  992.00 KB
       Class:  5.84 MB
        Both:  6.81 MB

MaxMetaspaceSize: unlimited
CompressedClassSpaceSize: 1.00 GB
Initial GC threshold: 21.00 MB
Current GC threshold: 137.75 MB
CDS: on
 - commit_granule_bytes: 65536.
 - commit_granule_words: 8192.
 - virtual_space_node_default_size: 8388608.
 - enlarge_chunks_in_place: 1.
UseCompressedClassPointers 1, UseCompactObjectHeaders 0
Narrow klass pointer bits 32, Max shift 3
Narrow klass base: 0x000001c1cc000000, Narrow klass shift: 0
Encoding Range: [0x000001c1cc000000 - 0x000001c2cc000000), (4294967296 bytes)
Klass Range:    [0x000001c1cc000000 - 0x000001c20d000000), (1090519040 bytes)
Klass ID Range:  [8 - 1090519033) (1090519025)


Internal statistics:

num_allocs_failed_limit: 11.
num_arena_births: 936.
num_arena_deaths: 0.
num_vsnodes_births: 3.
num_vsnodes_deaths: 0.
num_space_committed: 1413.
num_space_uncommitted: 0.
num_chunks_returned_to_freelist: 11.
num_chunks_taken_from_freelist: 3975.
num_chunk_merges: 8.
num_chunk_splits: 2934.
num_chunks_enlarged: 2417.
num_inconsistent_stats: 0.

CodeHeap 'non-profiled nmethods': size=120064Kb used=4481Kb max_used=4481Kb free=115582Kb
 bounds [0x000001c1bd2d0000, 0x000001c1bd740000, 0x000001c1c4810000]
CodeHeap 'profiled nmethods': size=120000Kb used=11639Kb max_used=11639Kb free=108360Kb
 bounds [0x000001c1b5810000, 0x000001c1b6370000, 0x000001c1bcd40000]
CodeHeap 'non-nmethods': size=5696Kb used=1655Kb max_used=1824Kb free=4040Kb
 bounds [0x000001c1bcd40000, 0x000001c1bcfb0000, 0x000001c1bd2d0000]
CodeCache: size=245760Kb, used=17775Kb, max_used=17944Kb, free=227982Kb
 total_blobs=7963, nmethods=7214, adapters=653, full_count=0
Compilation: enabled, stopped_count=0, restarted_count=0

Compilation events (20 events):
Event: 33.144 Thread 0x000001c211014810 nmethod 8489 0x000001c1b6359088 code [0x000001c1b63591a0, 0x000001c1b6359340]
Event: 33.145 Thread 0x000001c211014810 8490       3       java.util.TimSort::mergeForceCollapse (50 bytes)
Event: 33.145 Thread 0x000001c211014810 nmethod 8490 0x000001c1b6359388 code [0x000001c1b63594c0, 0x000001c1b6359768]
Event: 33.146 Thread 0x000001c211014810 8491       3       java.util.TimSort::mergeAt (358 bytes)
Event: 33.147 Thread 0x000001c211014810 nmethod 8491 0x000001c1b6359788 code [0x000001c1b6359920, 0x000001c1b6359f30]
Event: 33.149 Thread 0x000001c211014810 8495       3       java.util.TimSort::mergeHi (732 bytes)
Event: 33.151 Thread 0x000001c211014810 nmethod 8495 0x000001c1b6359f88 code [0x000001c1b635a280, 0x000001c1b635c7f0]
Event: 33.152 Thread 0x000001c211014810 8497       3       java.lang.String::toUpperCase (8 bytes)
Event: 33.152 Thread 0x000001c211014810 nmethod 8497 0x000001c1b635c888 code [0x000001c1b635c9e0, 0x000001c1b635ce78]
Event: 33.157 Thread 0x000001c211014810 8498       3       org.thymeleaf.processor.element.MatchingAttributeName::matches (135 bytes)
Event: 33.158 Thread 0x000001c211014810 nmethod 8498 0x000001c1b635cf08 code [0x000001c1b635d0e0, 0x000001c1b635dcc0]
Event: 33.171 Thread 0x000001c218ef1d10 8494       4       org.attoparser.util.TextUtil::compareTo (162 bytes)
Event: 33.178 Thread 0x000001c218ef1d10 nmethod 8494 0x000001c1bd607c88 code [0x000001c1bd607de0, 0x000001c1bd608518]
Event: 33.178 Thread 0x000001c218ef1d10 8496       4       java.util.Locale::getDefault (4 bytes)
Event: 33.178 Thread 0x000001c218ef1d10 nmethod 8496 0x000001c1bd607988 code [0x000001c1bd607a80, 0x000001c1bd607b00]
Event: 33.178 Thread 0x000001c218ef1d10 8492       4       org.attoparser.util.TextUtil::compareTo (13 bytes)
Event: 33.179 Thread 0x000001c211014810 8500       3       org.attoparser.ParsingLocatorUtil::countChar (26 bytes)
Event: 33.180 Thread 0x000001c211014810 nmethod 8500 0x000001c1b635dd88 code [0x000001c1b635dea0, 0x000001c1b635e060]
Event: 33.302 Thread 0x000001c211014810 8501       3       java.util.AbstractCollection::containsAll (38 bytes)
Event: 36.193 Thread 0x000001c211014810 nmethod 8501 0x000001c1b635e088 code [0x000001c1b635e200, 0x000001c1b635e738]

GC Heap History (20 events):
Event: 8.006 GC heap before
{Heap before GC invocations=10 (full 0):
 garbage-first heap   total reserved 3553280K, committed 69632K, used 52122K [0x0000000727200000, 0x0000000800000000)
  region size 2048K, 17 young (34816K), 3 survivors (6144K)
 Metaspace       used 54807K, committed 55232K, reserved 1114112K
  class space    used 5371K, committed 5568K, reserved 1048576K
}
Event: 8.012 GC heap after
{Heap after GC invocations=11 (full 0):
 garbage-first heap   total reserved 3553280K, committed 69632K, used 27606K [0x0000000727200000, 0x0000000800000000)
  region size 2048K, 2 young (4096K), 2 survivors (4096K)
 Metaspace       used 54807K, committed 55232K, reserved 1114112K
  class space    used 5371K, committed 5568K, reserved 1048576K
}
Event: 8.429 GC heap before
{Heap before GC invocations=11 (full 0):
 garbage-first heap   total reserved 3553280K, committed 69632K, used 41942K [0x0000000727200000, 0x0000000800000000)
  region size 2048K, 11 young (22528K), 2 survivors (4096K)
 Metaspace       used 59871K, committed 60288K, reserved 1114112K
  class space    used 6007K, committed 6208K, reserved 1048576K
}
Event: 8.433 GC heap after
{Heap after GC invocations=12 (full 0):
 garbage-first heap   total reserved 3553280K, committed 69632K, used 28037K [0x0000000727200000, 0x0000000800000000)
  region size 2048K, 2 young (4096K), 2 survivors (4096K)
 Metaspace       used 59871K, committed 60288K, reserved 1114112K
  class space    used 6007K, committed 6208K, reserved 1048576K
}
Event: 9.523 GC heap before
{Heap before GC invocations=13 (full 0):
 garbage-first heap   total reserved 3553280K, committed 69632K, used 56709K [0x0000000727200000, 0x0000000800000000)
  region size 2048K, 16 young (32768K), 2 survivors (4096K)
 Metaspace       used 64401K, committed 64896K, reserved 1114112K
  class space    used 6555K, committed 6784K, reserved 1048576K
}
Event: 9.531 GC heap after
{Heap after GC invocations=14 (full 0):
 garbage-first heap   total reserved 3553280K, committed 69632K, used 29170K [0x0000000727200000, 0x0000000800000000)
  region size 2048K, 1 young (2048K), 1 survivors (2048K)
 Metaspace       used 64401K, committed 64896K, reserved 1114112K
  class space    used 6555K, committed 6784K, reserved 1048576K
}
Event: 10.369 GC heap before
{Heap before GC invocations=14 (full 0):
 garbage-first heap   total reserved 3553280K, committed 69632K, used 59890K [0x0000000727200000, 0x0000000800000000)
  region size 2048K, 16 young (32768K), 1 survivors (2048K)
 Metaspace       used 68868K, committed 69376K, reserved 1114112K
  class space    used 7037K, committed 7232K, reserved 1048576K
}
Event: 10.382 GC heap after
{Heap after GC invocations=15 (full 0):
 garbage-first heap   total reserved 3553280K, committed 69632K, used 30991K [0x0000000727200000, 0x0000000800000000)
  region size 2048K, 2 young (4096K), 2 survivors (4096K)
 Metaspace       used 68868K, committed 69376K, reserved 1114112K
  class space    used 7037K, committed 7232K, reserved 1048576K
}
Event: 10.973 GC heap before
{Heap before GC invocations=15 (full 0):
 garbage-first heap   total reserved 3553280K, committed 69632K, used 57615K [0x0000000727200000, 0x0000000800000000)
  region size 2048K, 15 young (30720K), 2 survivors (4096K)
 Metaspace       used 71644K, committed 72128K, reserved 1114112K
  class space    used 7542K, committed 7744K, reserved 1048576K
}
Event: 10.981 GC heap after
{Heap after GC invocations=16 (full 0):
 garbage-first heap   total reserved 3553280K, committed 69632K, used 33906K [0x0000000727200000, 0x0000000800000000)
  region size 2048K, 2 young (4096K), 2 survivors (4096K)
 Metaspace       used 71644K, committed 72128K, reserved 1114112K
  class space    used 7542K, committed 7744K, reserved 1048576K
}
Event: 11.287 GC heap before
{Heap before GC invocations=16 (full 0):
 garbage-first heap   total reserved 3553280K, committed 69632K, used 54386K [0x0000000727200000, 0x0000000800000000)
  region size 2048K, 13 young (26624K), 2 survivors (4096K)
 Metaspace       used 73471K, committed 73984K, reserved 1179648K
  class space    used 7926K, committed 8128K, reserved 1048576K
}
Event: 11.293 GC heap after
{Heap after GC invocations=17 (full 0):
 garbage-first heap   total reserved 3553280K, committed 83968K, used 35993K [0x0000000727200000, 0x0000000800000000)
  region size 2048K, 2 young (4096K), 2 survivors (4096K)
 Metaspace       used 73471K, committed 73984K, reserved 1179648K
  class space    used 7926K, committed 8128K, reserved 1048576K
}
Event: 11.395 GC heap before
{Heap before GC invocations=18 (full 0):
 garbage-first heap   total reserved 3553280K, committed 83968K, used 68761K [0x0000000727200000, 0x0000000800000000)
  region size 2048K, 19 young (38912K), 2 survivors (4096K)
 Metaspace       used 73471K, committed 73984K, reserved 1179648K
  class space    used 7926K, committed 8128K, reserved 1048576K
}
Event: 11.398 GC heap after
{Heap after GC invocations=19 (full 0):
 garbage-first heap   total reserved 3553280K, committed 83968K, used 35097K [0x0000000727200000, 0x0000000800000000)
  region size 2048K, 2 young (4096K), 2 survivors (4096K)
 Metaspace       used 73471K, committed 73984K, reserved 1179648K
  class space    used 7926K, committed 8128K, reserved 1048576K
}
Event: 12.289 GC heap before
{Heap before GC invocations=19 (full 0):
 garbage-first heap   total reserved 3553280K, committed 83968K, used 69913K [0x0000000727200000, 0x0000000800000000)
  region size 2048K, 19 young (38912K), 2 survivors (4096K)
 Metaspace       used 79829K, committed 80448K, reserved 1179648K
  class space    used 8749K, committed 9024K, reserved 1048576K
}
Event: 12.294 GC heap after
{Heap after GC invocations=20 (full 0):
 garbage-first heap   total reserved 3553280K, committed 83968K, used 36468K [0x0000000727200000, 0x0000000800000000)
  region size 2048K, 2 young (4096K), 2 survivors (4096K)
 Metaspace       used 79829K, committed 80448K, reserved 1179648K
  class space    used 8749K, committed 9024K, reserved 1048576K
}
Event: 13.320 GC heap before
{Heap before GC invocations=20 (full 0):
 garbage-first heap   total reserved 3553280K, committed 83968K, used 73332K [0x0000000727200000, 0x0000000800000000)
  region size 2048K, 20 young (40960K), 2 survivors (4096K)
 Metaspace       used 83970K, committed 84608K, reserved 1179648K
  class space    used 9253K, committed 9536K, reserved 1048576K
}
Event: 13.329 GC heap after
{Heap after GC invocations=21 (full 0):
 garbage-first heap   total reserved 3553280K, committed 83968K, used 39593K [0x0000000727200000, 0x0000000800000000)
  region size 2048K, 3 young (6144K), 3 survivors (6144K)
 Metaspace       used 83970K, committed 84608K, reserved 1179648K
  class space    used 9253K, committed 9536K, reserved 1048576K
}
Event: 25.752 GC heap before
{Heap before GC invocations=22 (full 0):
 garbage-first heap   total reserved 3553280K, committed 83968K, used 70313K [0x0000000727200000, 0x0000000800000000)
  region size 2048K, 18 young (36864K), 3 survivors (6144K)
 Metaspace       used 86829K, committed 87488K, reserved 1179648K
  class space    used 9588K, committed 9856K, reserved 1048576K
}
Event: 25.763 GC heap after
{Heap after GC invocations=23 (full 0):
 garbage-first heap   total reserved 3553280K, committed 83968K, used 41189K [0x0000000727200000, 0x0000000800000000)
  region size 2048K, 3 young (6144K), 3 survivors (6144K)
 Metaspace       used 86829K, committed 87488K, reserved 1179648K
  class space    used 9588K, committed 9856K, reserved 1048576K
}

Dll operation events (13 events):
Event: 0.039 Loaded shared library C:\Program Files\Java\jdk-24\bin\java.dll
Event: 0.041 Loaded shared library C:\Program Files\Java\jdk-24\bin\zip.dll
Event: 0.086 Loaded shared library C:\Program Files\Java\jdk-24\bin\jsvml.dll
Event: 0.298 Loaded shared library C:\Program Files\Java\jdk-24\bin\instrument.dll
Event: 0.361 Loaded shared library C:\Program Files\Java\jdk-24\bin\net.dll
Event: 0.363 Loaded shared library C:\Program Files\Java\jdk-24\bin\nio.dll
Event: 0.369 Loaded shared library C:\Program Files\Java\jdk-24\bin\zip.dll
Event: 0.542 Loaded shared library C:\Program Files\Java\jdk-24\bin\jimage.dll
Event: 0.972 Loaded shared library C:\Program Files\Java\jdk-24\bin\management.dll
Event: 0.974 Loaded shared library C:\Program Files\Java\jdk-24\bin\management_ext.dll
Event: 2.355 Loaded shared library C:\Program Files\Java\jdk-24\bin\sunmscapi.dll
Event: 6.434 Loaded shared library C:\Program Files\Java\jdk-24\bin\verify.dll
Event: 6.875 Loaded shared library C:\Program Files\Java\jdk-24\bin\extnet.dll

Deoptimization events (20 events):
Event: 31.040 Thread 0x000001c218a2b320 Uncommon trap: trap_request=0xffffff4d fr.pc=0x000001c1bd6093bc relative=0x000000000000017c
Event: 31.040 Thread 0x000001c218a2b320 Uncommon trap: reason=unstable_if action=reinterpret pc=0x000001c1bd6093bc method=org.thymeleaf.engine.AttributeName.equals(Ljava/lang/Object;)Z @ 2 c2
Event: 31.040 Thread 0x000001c218a2b320 DEOPT PACKING pc=0x000001c1bd6093bc sp=0x000000c0bcffb0c0
Event: 31.040 Thread 0x000001c218a2b320 DEOPT UNPACKING pc=0x000001c1bce68182 sp=0x000000c0bcffaff0 mode 2
Event: 31.041 Thread 0x000001c218a2b320 Uncommon trap: trap_request=0xffffff4d fr.pc=0x000001c1bd608fc0 relative=0x00000000000000a0
Event: 31.041 Thread 0x000001c218a2b320 Uncommon trap: reason=unstable_if action=reinterpret pc=0x000001c1bd608fc0 method=org.thymeleaf.engine.AttributeName.equals(Ljava/lang/Object;)Z @ 2 c2
Event: 31.041 Thread 0x000001c218a2b320 DEOPT PACKING pc=0x000001c1bd608fc0 sp=0x000000c0bcffb050
Event: 31.041 Thread 0x000001c218a2b320 DEOPT UNPACKING pc=0x000001c1bce68182 sp=0x000000c0bcffaff0 mode 2
Event: 31.047 Thread 0x000001c218a2b320 Uncommon trap: trap_request=0xfffffff4 fr.pc=0x000001c1bd37010c relative=0x000000000000036c
Event: 31.047 Thread 0x000001c218a2b320 Uncommon trap: reason=null_check action=make_not_entrant pc=0x000001c1bd37010c method=java.util.Arrays.fill([Ljava/lang/Object;Ljava/lang/Object;)V @ 13 c2
Event: 31.047 Thread 0x000001c218a2b320 DEOPT PACKING pc=0x000001c1bd37010c sp=0x000000c0bcffb4e0
Event: 31.047 Thread 0x000001c218a2b320 DEOPT UNPACKING pc=0x000001c1bce68182 sp=0x000000c0bcffb480 mode 2
Event: 31.068 Thread 0x000001c218a2b320 Uncommon trap: trap_request=0xffffff6e fr.pc=0x000001c1bd5b162c relative=0x000000000000058c
Event: 31.068 Thread 0x000001c218a2b320 Uncommon trap: reason=loop_limit_check action=maybe_recompile pc=0x000001c1bd5b162c method=java.util.regex.Pattern$Start.match(Ljava/util/regex/Matcher;ILjava/lang/CharSequence;)Z @ 34 c2
Event: 31.068 Thread 0x000001c218a2b320 DEOPT PACKING pc=0x000001c1bd5b162c sp=0x000000c0bcffb3f0
Event: 31.068 Thread 0x000001c218a2b320 DEOPT UNPACKING pc=0x000001c1bce68182 sp=0x000000c0bcffb3c0 mode 2
Event: 33.178 Thread 0x000001c218a2b320 Uncommon trap: trap_request=0xffffff6e fr.pc=0x000001c1bd608148 relative=0x0000000000000368
Event: 33.178 Thread 0x000001c218a2b320 Uncommon trap: reason=loop_limit_check action=maybe_recompile pc=0x000001c1bd608148 method=org.attoparser.util.TextUtil.compareTo(Z[CII[CII)I @ 65 c2
Event: 33.178 Thread 0x000001c218a2b320 DEOPT PACKING pc=0x000001c1bd608148 sp=0x000000c0bcffacc0
Event: 33.178 Thread 0x000001c218a2b320 DEOPT UNPACKING pc=0x000001c1bce68182 sp=0x000000c0bcffac70 mode 2

Classes loaded (20 events):
Event: 33.162 Loading class org/thymeleaf/engine/ElementProcessorIterator
Event: 33.162 Loading class org/thymeleaf/engine/ElementProcessorIterator done
Event: 33.162 Loading class org/thymeleaf/util/EscapedAttributeUtils
Event: 33.162 Loading class org/thymeleaf/util/EscapedAttributeUtils done
Event: 33.163 Loading class org/thymeleaf/util/EscapedAttributeUtils$1
Event: 33.163 Loading class org/thymeleaf/util/EscapedAttributeUtils$1 done
Event: 33.163 Loading class org/unbescape/html/HtmlEscape
Event: 33.163 Loading class org/unbescape/html/HtmlEscape done
Event: 33.171 Loading class org/unbescape/html/HtmlEscape$InternalStringReader
Event: 33.171 Loading class org/unbescape/html/HtmlEscape$InternalStringReader done
Event: 33.176 Loading class org/thymeleaf/engine/Attribute$1
Event: 33.176 Loading class org/thymeleaf/engine/Attribute$1 done
Event: 33.177 Loading class org/thymeleaf/inline/NoOpInliner
Event: 33.177 Loading class org/thymeleaf/inline/NoOpInliner done
Event: 33.178 Loading class org/thymeleaf/engine/CloseElementTag
Event: 33.178 Loading class org/thymeleaf/engine/CloseElementTag done
Event: 33.180 Loading class org/thymeleaf/standard/expression/StandardExpressions
Event: 33.180 Loading class org/thymeleaf/standard/expression/StandardExpressions done
Event: 33.181 Loading class org/thymeleaf/standard/expression/StandardExpressionPreprocessor
Event: 33.181 Loading class org/thymeleaf/standard/expression/StandardExpressionPreprocessor done

Classes unloaded (0 events):
No events

Classes redefined (1 events):
Event: 0.332 Thread 0x000001c1c9440a10 redefined class name=java.lang.Throwable, count=1

Internal exceptions (20 events):
Event: 12.685 Thread 0x000001c2125512f0 Exception <a 'java/lang/IncompatibleClassChangeError'{0x000000072b521430}: Found class java.lang.Object, but interface was expected> (0x000000072b521430) 
thrown [s\open\src\hotspot\share\interpreter\linkResolver.cpp, line 872]
Event: 13.219 Thread 0x000001c2125512f0 Exception <a 'java/lang/NoSuchMethodError'{0x000000072a31e638}: 'int java.lang.invoke.DirectMethodHandle$Holder.invokeStaticInit(java.lang.Object, java.lang.Object, java.lang.Object, java.lang.Object)'> (0x000000072a31e638) 
thrown [s\open\src\hotspot\share\interpreter\linkResolver.cpp, line 805]
Event: 13.412 Thread 0x000001c2125512f0 Exception <a 'java/lang/NoSuchMethodError'{0x00000007fff00ef8}: 'java.lang.Object java.lang.invoke.DirectMethodHandle$Holder.invokeVirtual(java.lang.Object, java.lang.Object, java.lang.Object, java.lang.Object, java.lang.Object, java.lang.Object, java.lang.Object, java.lang.Object, java.lang.Object)'> (0x00000007fff00ef8) 
thrown [s\open\src\hotspot\share\interpreter\linkResolver.cpp, line 805]
Event: 13.467 Thread 0x000001c2125512f0 Exception <a 'java/lang/NoSuchMethodError'{0x0000000734ad35f8}: 'java.lang.Object java.lang.invoke.DirectMethodHandle$Holder.invokeVirtual(java.lang.Object, java.lang.Object, java.lang.Object, java.lang.Object, java.lang.Object, java.lang.Object, java.lang.Object, java.lang.Object, java.lang.Object, java.lang.Object)'> (0x0000000734ad35f8) 
thrown [s\open\src\hotspot\share\interpreter\linkResolver.cpp, line 805]
Event: 13.512 Thread 0x000001c2125512f0 Exception <a 'java/lang/NoSuchMethodError'{0x00000007328f4f60}: 'java.lang.Object java.lang.invoke.DirectMethodHandle$Holder.invokeStatic(java.lang.Object, java.lang.Object, java.lang.Object, java.lang.Object, java.lang.Object, java.lang.Object, java.lang.Object, java.lang.Object, java.lang.Object, java.lang.Object, java.lang.Object)'> (0x00000007328f4f60) 
thrown [s\open\src\hotspot\share\interpreter\linkResolver.cpp, line 805]
Event: 13.514 Thread 0x000001c2125512f0 Exception <a 'java/lang/NoSuchMethodError'{0x0000000732929380}: 'java.lang.Object java.lang.invoke.DirectMethodHandle$Holder.invokeStatic(java.lang.Object, java.lang.Object, java.lang.Object, java.lang.Object, java.lang.Object, java.lang.Object, java.lang.Object, java.lang.Object, java.lang.Object, java.lang.Object, java.lang.Object, java.lang.Object)'> (0x0000000732929380) 
thrown [s\open\src\hotspot\share\interpreter\linkResolver.cpp, line 805]
Event: 13.539 Thread 0x000001c2125512f0 Exception <a 'java/lang/IncompatibleClassChangeError'{0x00000007329cc558}: Found class java.lang.Object, but interface was expected> (0x00000007329cc558) 
thrown [s\open\src\hotspot\share\interpreter\linkResolver.cpp, line 872]
Event: 13.743 Thread 0x000001c2125512f0 Exception <a 'java/lang/NoSuchMethodError'{0x000000072b457710}: 'java.lang.Object java.lang.invoke.DirectMethodHandle$Holder.newInvokeSpecial(java.lang.Object, java.lang.Object, int, java.lang.Object, java.lang.Object)'> (0x000000072b457710) 
thrown [s\open\src\hotspot\share\interpreter\linkResolver.cpp, line 805]
Event: 25.557 Thread 0x000001c216ba1390 Exception <a 'java/lang/NoSuchMethodError'{0x000000072ac541e8}: 'java.lang.Object java.lang.invoke.DirectMethodHandle$Holder.invokeStatic(java.lang.Object, java.lang.Object, java.lang.Object, int, int)'> (0x000000072ac541e8) 
thrown [s\open\src\hotspot\share\interpreter\linkResolver.cpp, line 805]
Event: 25.558 Thread 0x000001c216ba1390 Exception <a 'java/lang/NoSuchMethodError'{0x000000072ac5c220}: 'java.lang.Object java.lang.invoke.DirectMethodHandle$Holder.invokeStaticInit(java.lang.Object, java.lang.Object, java.lang.Object, int, int)'> (0x000000072ac5c220) 
thrown [s\open\src\hotspot\share\interpreter\linkResolver.cpp, line 805]
Event: 25.606 Thread 0x000001c218a2ba70 Exception <a 'java/lang/NoSuchMethodError'{0x000000072ad5d2b0}: 'java.lang.Object java.lang.invoke.DirectMethodHandle$Holder.invokeSpecial(java.lang.Object, java.lang.Object, java.lang.Object, java.lang.Object, java.lang.Object, long)'> (0x000000072ad5d2b0) 
thrown [s\open\src\hotspot\share\interpreter\linkResolver.cpp, line 805]
Event: 25.607 Thread 0x000001c218a2ba70 Exception <a 'java/lang/NoSuchMethodError'{0x000000072ad65b50}: 'java.lang.Object java.lang.invoke.DirectMethodHandle$Holder.invokeSpecial(java.lang.Object, java.lang.Object, java.lang.Object, java.lang.Object, java.lang.Object, java.lang.Object, long)'> (0x000000072ad65b50) 
thrown [s\open\src\hotspot\share\interpreter\linkResolver.cpp, line 805]
Event: 25.607 Thread 0x000001c218a2ba70 Exception <a 'java/lang/NoSuchMethodError'{0x000000072ad6ded8}: 'java.lang.Object java.lang.invoke.DelegatingMethodHandle$Holder.reinvoke_L(java.lang.Object, java.lang.Object, java.lang.Object, java.lang.Object, java.lang.Object, long)'> (0x000000072ad6ded8) 
thrown [s\open\src\hotspot\share\interpreter\linkResolver.cpp, line 805]
Event: 25.608 Thread 0x000001c218a2ba70 Exception <a 'java/lang/NoSuchMethodError'{0x000000072ad7e1f8}: 'java.lang.Object java.lang.invoke.Invokers$Holder.linkToTargetMethod(java.lang.Object, java.lang.Object, java.lang.Object, long, java.lang.Object)'> (0x000000072ad7e1f8) 
thrown [s\open\src\hotspot\share\interpreter\linkResolver.cpp, line 805]
Event: 25.723 Thread 0x000001c218a2ba70 StackOverflowError at 0x000001c1b5d750a0
Event: 25.723 Thread 0x000001c218a2ba70 Exception <a 'java/lang/StackOverflowError'{0x000000072abec1c8}> (0x000000072abec1c8) 
thrown [s\open\src\hotspot\share\runtime\sharedRuntime.cpp, line 678]
Event: 25.724 Thread 0x000001c218a2ba70 StackOverflowError at 0x000001c1bd31cf30
Event: 25.724 Thread 0x000001c218a2ba70 Exception <a 'java/lang/StackOverflowError'{0x000000072abf6e38}> (0x000000072abf6e38) 
thrown [s\open\src\hotspot\share\runtime\sharedRuntime.cpp, line 678]
Event: 25.853 Thread 0x000001c218a2ba70 Implicit null exception at 0x000001c1bd31eff1 to 0x000001c1bd31f5b4
Event: 31.047 Thread 0x000001c218a2b320 Implicit null exception at 0x000001c1bd36fdd5 to 0x000001c1bd3700f8

VM Operations (20 events):
Event: 29.190 Executing VM operation: ChangeSingleStep
Event: 29.190 Executing VM operation: ChangeSingleStep done
Event: 29.190 Executing VM operation: ChangeSingleStep
Event: 29.190 Executing VM operation: ChangeSingleStep done
Event: 29.190 Executing VM operation: ChangeSingleStep
Event: 29.190 Executing VM operation: ChangeSingleStep done
Event: 29.191 Executing VM operation: ChangeSingleStep
Event: 29.191 Executing VM operation: ChangeSingleStep done
Event: 29.192 Executing VM operation: ChangeSingleStep
Event: 29.192 Executing VM operation: ChangeSingleStep done
Event: 29.201 Executing VM operation: get/set locals
Event: 29.201 Executing VM operation: get/set locals done
Event: 29.213 Executing VM operation: get/set locals
Event: 29.213 Executing VM operation: get/set locals done
Event: 30.794 Executing VM operation: HandshakeAllThreads (Deoptimize)
Event: 30.795 Executing VM operation: HandshakeAllThreads (Deoptimize) done
Event: 30.831 Executing VM operation: HandshakeAllThreads (Deoptimize)
Event: 30.831 Executing VM operation: HandshakeAllThreads (Deoptimize) done
Event: 30.958 Executing VM operation: HandshakeAllThreads (Deoptimize)
Event: 30.959 Executing VM operation: HandshakeAllThreads (Deoptimize) done

Memory protections (0 events):
No events

Nmethod flushes (20 events):
Event: 13.359 Thread 0x000001c1c9440a10 flushing  nmethod 0x000001c1b624e108
Event: 13.359 Thread 0x000001c1c9440a10 flushing  nmethod 0x000001c1b624f408
Event: 13.359 Thread 0x000001c1c9440a10 flushing  nmethod 0x000001c1b6252188
Event: 13.359 Thread 0x000001c1c9440a10 flushing  nmethod 0x000001c1b6253c08
Event: 13.359 Thread 0x000001c1c9440a10 flushing  nmethod 0x000001c1b6254508
Event: 13.359 Thread 0x000001c1c9440a10 flushing  nmethod 0x000001c1b6254908
Event: 13.359 Thread 0x000001c1c9440a10 flushing  nmethod 0x000001c1b6254d88
Event: 13.359 Thread 0x000001c1c9440a10 flushing  nmethod 0x000001c1b6255188
Event: 13.359 Thread 0x000001c1c9440a10 flushing  nmethod 0x000001c1b6279b88
Event: 13.359 Thread 0x000001c1c9440a10 flushing  nmethod 0x000001c1b627a088
Event: 13.359 Thread 0x000001c1c9440a10 flushing  nmethod 0x000001c1b627a608
Event: 13.359 Thread 0x000001c1c9440a10 flushing  nmethod 0x000001c1b627a988
Event: 13.359 Thread 0x000001c1c9440a10 flushing  nmethod 0x000001c1b627af08
Event: 13.359 Thread 0x000001c1c9440a10 flushing  nmethod 0x000001c1b627c988
Event: 13.359 Thread 0x000001c1c9440a10 flushing  nmethod 0x000001c1b627d888
Event: 13.359 Thread 0x000001c1c9440a10 flushing  nmethod 0x000001c1b627de08
Event: 13.359 Thread 0x000001c1c9440a10 flushing  nmethod 0x000001c1b627e688
Event: 13.359 Thread 0x000001c1c9440a10 flushing  nmethod 0x000001c1b627e988
Event: 13.359 Thread 0x000001c1c9440a10 flushing  nmethod 0x000001c1b6281608
Event: 13.359 Thread 0x000001c1c9440a10 flushing  nmethod 0x000001c1b6297608

Events (20 events):
Event: 13.756 Thread 0x000001c2125512f0 Thread added: 0x000001c218a2b320
Event: 13.756 Thread 0x000001c2125512f0 Thread added: 0x000001c218a2ba70
Event: 13.756 Thread 0x000001c2125512f0 Thread added: 0x000001c218a2c910
Event: 13.756 Thread 0x000001c2125512f0 Thread added: 0x000001c218a2c1c0
Event: 13.756 Thread 0x000001c2125512f0 Thread added: 0x000001c218a29d30
Event: 13.756 Thread 0x000001c2125512f0 Thread added: 0x000001c218a2a480
Event: 13.756 Thread 0x000001c2125512f0 Thread added: 0x000001c21ec4e0a0
Event: 13.756 Thread 0x000001c2125512f0 Thread added: 0x000001c21ec4ad70
Event: 13.756 Thread 0x000001c2125512f0 Thread added: 0x000001c21ec4bc10
Event: 13.756 Thread 0x000001c2125512f0 Thread added: 0x000001c212c3dcc0
Event: 13.778 Thread 0x000001c2125512f0 Thread added: 0x000001c212c41740
Event: 13.781 Thread 0x000001c2125512f0 Thread added: 0x000001c216ba1390
Event: 13.806 Thread 0x000001c2125512f0 Thread added: 0x000001c217e27240
Event: 13.820 Thread 0x000001c2125512f0 Thread exited: 0x000001c2125512f0
Event: 13.824 Thread 0x000001c2124cc020 Thread exited: 0x000001c2124cc020
Event: 13.825 Thread 0x000001c1acfa53d0 Thread exited: 0x000001c1acfa53d0
Event: 13.825 Thread 0x000001c217e27990 Thread added: 0x000001c217e27990
Event: 14.740 Thread 0x000001c214fc0000 Thread exited: 0x000001c214fc0000
Event: 15.382 Thread 0x000001c21b878da0 Thread exited: 0x000001c21b878da0
Event: 33.153 Thread 0x000001c211014810 Thread added: 0x000001c218ef1d10


Dynamic libraries:
0x00007ff748400000 - 0x00007ff748410000 	C:\Program Files\Java\jdk-24\bin\java.exe
0x00007ffc91f00000 - 0x00007ffc92168000 	C:\WINDOWS\SYSTEM32\ntdll.dll
0x00007ffc912a0000 - 0x00007ffc91369000 	C:\WINDOWS\System32\KERNEL32.DLL
0x00007ffc8f190000 - 0x00007ffc8f57d000 	C:\WINDOWS\System32\KERNELBASE.dll
0x00007ffc8f640000 - 0x00007ffc8f78b000 	C:\WINDOWS\System32\ucrtbase.dll
0x00007ffc8b9b0000 - 0x00007ffc8b9c6000 	C:\Program Files\Java\jdk-24\bin\jli.dll
0x00007ffc8b990000 - 0x00007ffc8b9ab000 	C:\Program Files\Java\jdk-24\bin\VCRUNTIME140.dll
0x00007ffc903a0000 - 0x00007ffc9056c000 	C:\WINDOWS\System32\USER32.dll
0x00007ffc8f790000 - 0x00007ffc8f7b7000 	C:\WINDOWS\System32\win32u.dll
0x00007ffc91e20000 - 0x00007ffc91e4b000 	C:\WINDOWS\System32\GDI32.dll
0x00007ffc8f050000 - 0x00007ffc8f187000 	C:\WINDOWS\System32\gdi32full.dll
0x00007ffc8f940000 - 0x00007ffc8f9e3000 	C:\WINDOWS\System32\msvcp_win.dll
0x00007ffc797d0000 - 0x00007ffc79a6a000 	C:\WINDOWS\WinSxS\amd64_microsoft.windows.common-controls_6595b64144ccf1df_6.0.26100.4484_none_3e0e6d4ce32ef3b3\COMCTL32.dll
0x00007ffc915e0000 - 0x00007ffc91689000 	C:\WINDOWS\System32\msvcrt.dll
0x00007ffc91690000 - 0x00007ffc916bf000 	C:\WINDOWS\System32\IMM32.DLL
0x000000005bfe0000 - 0x000000005bfec000 	C:\Program Files (x86)\360\Total Security\safemon\SafeWrapper.dll
0x00007ffc8fcb0000 - 0x00007ffc8fd64000 	C:\WINDOWS\System32\ADVAPI32.dll
0x00007ffc8fd70000 - 0x00007ffc8fe16000 	C:\WINDOWS\System32\sechost.dll
0x00007ffc91170000 - 0x00007ffc91288000 	C:\WINDOWS\System32\RPCRT4.dll
0x00007ffbed540000 - 0x00007ffbed5ec000 	C:\Program Files (x86)\360\Total Security\safemon\libzdtp64.dll
0x00007ffc916d0000 - 0x00007ffc91e1a000 	C:\WINDOWS\System32\SHELL32.dll
0x00007ffc8fa90000 - 0x00007ffc8fc04000 	C:\WINDOWS\System32\wintypes.dll
0x00007ffc90570000 - 0x00007ffc908f6000 	C:\WINDOWS\System32\combase.dll
0x00007ffc91e50000 - 0x00007ffc91eba000 	C:\WINDOWS\System32\SHLWAPI.dll
0x00007ffc72060000 - 0x00007ffc7206b000 	C:\WINDOWS\SYSTEM32\VERSION.dll
0x00007ffc8b980000 - 0x00007ffc8b98c000 	C:\Program Files\Java\jdk-24\bin\vcruntime140_1.dll
0x00007ffc5ab90000 - 0x00007ffc5ac1e000 	C:\Program Files\Java\jdk-24\bin\msvcp140.dll
0x00007ffc19480000 - 0x00007ffc1a222000 	C:\Program Files\Java\jdk-24\bin\server\jvm.dll
0x00007ffc90280000 - 0x00007ffc902f4000 	C:\WINDOWS\System32\WS2_32.dll
0x00007ffc87480000 - 0x00007ffc874b5000 	C:\WINDOWS\SYSTEM32\WINMM.dll
0x00007ffc8eea0000 - 0x00007ffc8eefe000 	C:\WINDOWS\SYSTEM32\POWRPROF.dll
0x00007ffc8ee80000 - 0x00007ffc8ee94000 	C:\WINDOWS\SYSTEM32\UMPDC.dll
0x00007ffc8ddf0000 - 0x00007ffc8de0b000 	C:\WINDOWS\SYSTEM32\kernel.appcore.dll
0x00007ffc8b970000 - 0x00007ffc8b97a000 	C:\Program Files\Java\jdk-24\bin\jimage.dll
0x00007ffc8c750000 - 0x00007ffc8c991000 	C:\WINDOWS\SYSTEM32\DBGHELP.DLL
0x00007ffc8fe20000 - 0x00007ffc8ff00000 	C:\WINDOWS\System32\OLEAUT32.dll
0x00007ffc710e0000 - 0x00007ffc71123000 	C:\WINDOWS\SYSTEM32\dbgcore.DLL
0x00007ffc8f9f0000 - 0x00007ffc8fa89000 	C:\WINDOWS\System32\bcryptPrimitives.dll
0x00007ffc897f0000 - 0x00007ffc8982c000 	C:\Program Files\Java\jdk-24\bin\jdwp.dll
0x00007ffc8b680000 - 0x00007ffc8b68f000 	C:\Program Files\Java\jdk-24\bin\instrument.dll
0x00007ffc72de0000 - 0x00007ffc72dfe000 	C:\Program Files\Java\jdk-24\bin\java.dll
0x00007ffc90a00000 - 0x00007ffc90b9e000 	C:\WINDOWS\System32\ole32.dll
0x00007ffc89ac0000 - 0x00007ffc89ad7000 	C:\Program Files\Java\jdk-24\bin\zip.dll
0x00007ffc8cc60000 - 0x00007ffc8d4bb000 	C:\WINDOWS\SYSTEM32\windows.storage.dll
0x00007ffc8ff20000 - 0x00007ffc90015000 	C:\WINDOWS\System32\SHCORE.dll
0x00007ffc8ef60000 - 0x00007ffc8ef8f000 	C:\WINDOWS\SYSTEM32\profapi.dll
0x00007ffc5aab0000 - 0x00007ffc5ab87000 	C:\Program Files\Java\jdk-24\bin\jsvml.dll
0x00007ffc897e0000 - 0x00007ffc897ec000 	C:\Program Files\Java\jdk-24\bin\dt_socket.dll
0x00007ffc8d830000 - 0x00007ffc8d863000 	C:\WINDOWS\SYSTEM32\IPHLPAPI.DLL
0x00007ffc8e380000 - 0x00007ffc8e3ea000 	C:\WINDOWS\system32\mswsock.dll
0x00007ffc89ab0000 - 0x00007ffc89ac0000 	C:\Program Files\Java\jdk-24\bin\net.dll
0x00007ffc72d80000 - 0x00007ffc72d96000 	C:\Program Files\Java\jdk-24\bin\nio.dll
0x00007ffc897d0000 - 0x00007ffc897da000 	C:\Program Files\Java\jdk-24\bin\management.dll
0x00007ffc897c0000 - 0x00007ffc897cb000 	C:\Program Files\Java\jdk-24\bin\management_ext.dll
0x00007ffc8ff10000 - 0x00007ffc8ff18000 	C:\WINDOWS\System32\PSAPI.DLL
0x00007ffc72dd0000 - 0x00007ffc72dde000 	C:\Program Files\Java\jdk-24\bin\sunmscapi.dll
0x00007ffc8f7c0000 - 0x00007ffc8f937000 	C:\WINDOWS\System32\CRYPT32.dll
0x00007ffc8e850000 - 0x00007ffc8e880000 	C:\WINDOWS\SYSTEM32\ncrypt.dll
0x00007ffc8e800000 - 0x00007ffc8e83f000 	C:\WINDOWS\SYSTEM32\NTASN1.dll
0x00007ffc8e630000 - 0x00007ffc8e64b000 	C:\WINDOWS\SYSTEM32\CRYPTSP.dll
0x00007ffc8dd50000 - 0x00007ffc8dd8b000 	C:\WINDOWS\system32\rsaenh.dll
0x00007ffc8e420000 - 0x00007ffc8e44b000 	C:\WINDOWS\SYSTEM32\USERENV.dll
0x00007ffc8ef30000 - 0x00007ffc8ef56000 	C:\WINDOWS\SYSTEM32\bcrypt.dll
0x00007ffc8e650000 - 0x00007ffc8e65c000 	C:\WINDOWS\SYSTEM32\CRYPTBASE.dll
0x00007ffc8fca0000 - 0x00007ffc8fcaa000 	C:\WINDOWS\System32\NSI.dll
0x00007ffc72d30000 - 0x00007ffc72d40000 	C:\Program Files\Java\jdk-24\bin\verify.dll
0x00007ffc8d8d0000 - 0x00007ffc8d9f6000 	C:\WINDOWS\SYSTEM32\DNSAPI.dll
0x00007ffc85c60000 - 0x00007ffc85c6b000 	C:\Windows\System32\rasadhlp.dll
0x00007ffc88ff0000 - 0x00007ffc89076000 	C:\WINDOWS\System32\fwpuclnt.dll
0x00007ffc72d70000 - 0x00007ffc72d79000 	C:\Program Files\Java\jdk-24\bin\extnet.dll
0x00007ffc5a560000 - 0x00007ffc5a568000 	C:\WINDOWS\system32\wshunix.dll

JVMTI agents:
jdwp path:C:\Program Files\Java\jdk-24\bin\jdwp.dll, loaded, initialized, options:transport=dt_socket,address=127.0.0.1:53445,suspend=y,server=n
C:\Users\saibe\AppData\Local\JetBrains\IdeaIC2024.3\captureAgent\debugger-agent.jar path:C:\Program Files\Java\jdk-24\bin\instrument.dll, loaded, initialized, instrumentlib options:none

dbghelp: loaded successfully - version: 4.0.5 - missing functions: none
symbol engine: initialized successfully - sym options: 0x614 - pdb path: .;C:\Program Files\Java\jdk-24\bin;C:\WINDOWS\SYSTEM32;C:\WINDOWS\WinSxS\amd64_microsoft.windows.common-controls_6595b64144ccf1df_6.0.26100.4484_none_3e0e6d4ce32ef3b3;C:\Program Files (x86)\360\Total Security\safemon;C:\Program Files\Java\jdk-24\bin\server

VM Arguments:
jvm_args: -agentlib:jdwp=transport=dt_socket,address=127.0.0.1:53445,suspend=y,server=n --enable-preview -javaagent:C:\Users\saibe\AppData\Local\JetBrains\IdeaIC2024.3\captureAgent\debugger-agent.jar -Dkotlinx.coroutines.debug.enable.creation.stack.trace=false -Ddebugger.agent.enable.coroutines=true -Dkotlinx.coroutines.debug.enable.flows.stack.trace=true -Dkotlinx.coroutines.debug.enable.mutable.state.flows.stack.trace=true -Dfile.encoding=UTF-8 -Dsun.stdout.encoding=UTF-8 -Dsun.stderr.encoding=UTF-8 
java_command: com.infobyte.task.project.TaskProjectApplication
java_class_path (initial): C:\Users\saibe\Downloads\task project\task-project\target\classes;C:\Users\saibe\.m2\repository\org\springframework\boot\spring-boot-starter-data-jpa\3.5.3\spring-boot-starter-data-jpa-3.5.3.jar;C:\Users\saibe\.m2\repository\org\springframework\boot\spring-boot-starter\3.5.3\spring-boot-starter-3.5.3.jar;C:\Users\saibe\.m2\repository\org\springframework\boot\spring-boot-starter-logging\3.5.3\spring-boot-starter-logging-3.5.3.jar;C:\Users\saibe\.m2\repository\ch\qos\logback\logback-classic\1.5.18\logback-classic-1.5.18.jar;C:\Users\saibe\.m2\repository\ch\qos\logback\logback-core\1.5.18\logback-core-1.5.18.jar;C:\Users\saibe\.m2\repository\org\apache\logging\log4j\log4j-to-slf4j\2.24.3\log4j-to-slf4j-2.24.3.jar;C:\Users\saibe\.m2\repository\org\apache\logging\log4j\log4j-api\2.24.3\log4j-api-2.24.3.jar;C:\Users\saibe\.m2\repository\org\slf4j\jul-to-slf4j\2.0.17\jul-to-slf4j-2.0.17.jar;C:\Users\saibe\.m2\repository\jakarta\annotation\jakarta.annotation-api\2.1.1\jakarta.annotation-api-2.1.1.jar;C:\Users\saibe\.m2\repository\org\yaml\snakeyaml\2.4\snakeyaml-2.4.jar;C:\Users\saibe\.m2\repository\org\springframework\boot\spring-boot-starter-jdbc\3.5.3\spring-boot-starter-jdbc-3.5.3.jar;C:\Users\saibe\.m2\repository\com\zaxxer\HikariCP\6.3.0\HikariCP-6.3.0.jar;C:\Users\saibe\.m2\repository\org\springframework\spring-jdbc\6.2.8\spring-jdbc-6.2.8.jar;C:\Users\saibe\.m2\repository\org\hibernate\orm\hibernate-core\6.6.18.Final\hibernate-core-6.6.18.Final.jar;C:\Users\saibe\.m2\repository\jakarta\persistence\jakarta.persistence-api\3.1.0\jakarta.persistence-api-3.1.0.jar;C:\Users\saibe\.m2\repository\jakarta\transaction\jakarta.transaction-api\2.0.1\jakarta.transaction-api-2.0.1.jar;C:\Users\saibe\.m2\repository\org\jboss\logging\jboss-logging\3.6.1.Final\jboss-logging-3.6.1.Final.jar;C:\Users\saibe\.m2\repository\org\hibernate\common\hibernate-commons-annotations\7.0.3.Final\hibernate-commons-annotations-7.0.3.Final.jar;C:\Users\saibe\.m2\repository\io\smallrye\jandex\3.2.0\jandex-3.2.0.jar;C:\Users\saibe\.m2\repository\com\fasterxml\classmate\1.7.0\classmate-1.7.0.jar;C:\Users\saibe\.m2\repository\net\bytebuddy\byte-buddy\1.17.6\byte-buddy-1.17.6.jar;C:\Users\saibe\.m2\repository\org\glassfish\jaxb\jaxb-runtime\4.0.5\jaxb-runtime-4.0.5.jar;C:\Users\saibe\.m2\repository\org\glassfish\jaxb\jaxb-core\4.0.5\jaxb-core-4.0.5.jar;C:\Users\saibe\.m2\repository\org\glassfish\jaxb\txw2\4.0.5\txw2-4.0.5.jar;C:\Users\saibe\.m2\repository\com\sun\istack\istack-commons-runtime\4.1.2\istack-commons-runtime-4.1.2.jar;C:\Users\saibe\.m2\repository\jakarta\inject\jakarta.inject-api\2.0.1\jakarta.inject-api-2.0.1.jar;C:\Users\saibe\.m2\repository\org\antlr\antlr4-runtime\4.13.0\antlr4-runtime-4.13.0.jar;C:\Users\saibe\.m2\repository\org\springframework\data\spring-data-jpa\3.5.1\spring-data-jpa-3.5.1.jar;C:\Users\saibe\.m2\repository\org\springframework\data\spring-data-commons\3.5.1\spring-data-commons-3.5.1.jar;C:\Users\saibe\.m2\repository\org\springframework\spring-orm\6.2.8\spring-orm-6.2.8.jar;C:\Users\saibe\.m2\repository\org\springframework\spring-context\6.2.8\spring-context-6.2.8.jar;C:\Users\saibe\.m2\repository\org\springframework\spring-tx\6.2.8\spring-tx-6.2.8.jar;C:\Users\saibe\.m2\repository\org\springframework\spring-beans\6.2.8\spring-beans-6.2.8.jar;C:\Users\saibe\.m2\repository\org\springframework\spring-aspects\6.2.8\spring-aspects-6.2.8.jar;C:\Users\saibe\.m2\repository\org\aspectj\aspectjweaver\1.9.24\aspectjweaver-1.9.24.jar;C:\Users\saibe\.m2\repository\org\springframework\boot\spring-boot-starter-thymeleaf\3.5.3\spring-boot-starter-thymeleaf-3.5.3.jar;C:\Users\saibe\.m2\repository\org\thymeleaf\thymeleaf-spring6\3.1.3.RELEASE\thymeleaf-spring6-3.1.3.RELEASE.jar;C:\Users\saibe\.m2\repository\org\thymeleaf\thymeleaf\3.1.3.RELEASE\thymeleaf-3.1.3.RELEASE.jar;C:\Users\saibe\.m2\repository\org\attoparser\attoparser\2.0.7.RELEASE\attoparser-2.0.7.RELEASE.jar;C:\Users\saibe\.m2\repository\org\unbescape\unbescape\1.1.6.RELEASE\unbescape-1.1.6.RELEASE.jar;C:\Users\saibe\.m2\repository\org\springframework\boot\spring-boot-starter-web\3.5.3\spring-boot-starter-web-3.5.3.jar;C:\Users\saibe\.m2\repository\org\springframework\boot\spring-boot-starter-json\3.5.3\spring-boot-starter-json-3.5.3.jar;C:\Users\saibe\.m2\repository\com\fasterxml\jackson\datatype\jackson-datatype-jdk8\2.19.1\jackson-datatype-jdk8-2.19.1.jar;C:\Users\saibe\.m2\repository\com\fasterxml\jackson\datatype\jackson-datatype-jsr310\2.19.1\jackson-datatype-jsr310-2.19.1.jar;C:\Users\saibe\.m2\repository\com\fasterxml\jackson\module\jackson-module-parameter-names\2.19.1\jackson-module-parameter-names-2.19.1.jar;C:\Users\saibe\.m2\repository\org\springframework\boot\spring-boot-starter-tomcat\3.5.3\spring-boot-starter-tomcat-3.5.3.jar;C:\Users\saibe\.m2\repository\org\apache\tomcat\embed\tomcat-embed-core\10.1.42\tomcat-embed-core-10.1.42.jar;C:\Users\saibe\.m2\repository\org\apache\tomcat\embed\tomcat-embed-el\10.1.42\tomcat-embed-el-10.1.42.jar;C:\Users\saibe\.m2\repository\org\apache\tomcat\embed\tomcat-embed-websocket\10.1.42\tomcat-embed-websocket-10.1.42.jar;C:\Users\saibe\.m2\repository\org\springframework\spring-web\6.2.8\spring-web-6.2.8.jar;C:\Users\saibe\.m2\repository\io\micrometer\micrometer-observation\1.15.1\micrometer-observation-1.15.1.jar;C:\Users\saibe\.m2\repository\io\micrometer\micrometer-commons\1.15.1\micrometer-commons-1.15.1.jar;C:\Users\saibe\.m2\repository\org\springframework\spring-webmvc\6.2.8\spring-webmvc-6.2.8.jar;C:\Users\saibe\.m2\repository\org\springframework\spring-expression\6.2.8\spring-expression-6.2.8.jar;C:\Users\saibe\.m2\repository\org\thymeleaf\extras\thymeleaf-extras-springsecurity6\3.1.2.RELEASE\thymeleaf-extras-springsecurity6-3.1.2.RELEASE.jar;C:\Users\saibe\.m2\repository\org\slf4j\slf4j-api\2.0.17\slf4j-api-2.0.17.jar;C:\Users\saibe\.m2\repository\org\springframework\boot\spring-boot-starter-mail\3.5.3\spring-boot-starter-mail-3.5.3.jar;C:\Users\saibe\.m2\repository\org\springframework\spring-context-support\6.2.8\spring-context-support-6.2.8.jar;C:\Users\saibe\.m2\repository\org\eclipse\angus\jakarta.mail\2.0.3\jakarta.mail-2.0.3.jar;C:\Users\saibe\.m2\repository\jakarta\activation\jakarta.activation-api\2.1.3\jakarta.activation-api-2.1.3.jar;C:\Users\saibe\.m2\repository\org\eclipse\angus\angus-activation\2.0.2\angus-activation-2.0.2.jar;C:\Users\saibe\.m2\repository\org\apache\commons\commons-lang3\3.12.0\commons-lang3-3.12.0.jar;C:\Users\saibe\.m2\repository\org\springframework\boot\spring-boot-starter-security\3.5.3\spring-boot-starter-security-3.5.3.jar;C:\Users\saibe\.m2\repository\org\springframework\spring-aop\6.2.8\spring-aop-6.2.8.jar;C:\Users\saibe\.m2\repository\org\springframework\security\spring-security-config\6.5.1\spring-security-config-6.5.1.jar;C:\Users\saibe\.m2\repository\org\springframework\security\spring-security-core\6.5.1\spring-security-core-6.5.1.jar;C:\Users\saibe\.m2\repository\org\springframework\security\spring-security-crypto\6.5.1\spring-security-crypto-6.5.1.jar;C:\Users\saibe\.m2\repository\org\springframework\security\spring-security-web\6.5.1\spring-security-web-6.5.1.jar;C:\Users\saibe\.m2\repository\io\jsonwebtoken\jjwt-api\0.11.5\jjwt-api-0.11.5.jar;C:\Users\saibe\.m2\repository\io\jsonwebtoken\jjwt-impl\0.11.5\jjwt-impl-0.11.5.jar;C:\Users\saibe\.m2\repository\io\jsonwebtoken\jjwt-jackson\0.11.5\jjwt-jackson-0.11.5.jar;C:\Users\saibe\.m2\repository\com\fasterxml\jackson\core\jackson-databind\2.19.1\jackson-databind-2.19.1.jar;C:\Users\saibe\.m2\repository\com\fasterxml\jackson\core\jackson-annotations\2.19.1\jackson-annotations-2.19.1.jar;C:\Users\saibe\.m2\repository\com\fasterxml\jackson\core\jackson-core\2.19.1\jackson-core-2.19.1.jar;C:\Users\saibe\.m2\repository\org\springdoc\springdoc-openapi-starter-webmvc-ui\2.2.0\springdoc-openapi-starter-webmvc-ui-2.2.0.jar;C:\Users\saibe\.m2\repository\org\springdoc\springdoc-openapi-starter-webmvc-api\2.2.0\springdoc-openapi-starter-webmvc-api-2.2.0.jar;C:\Users\saibe\.m2\repository\org\springdoc\springdoc-openapi-starter-common\2.2.0\springdoc-openapi-starter-common-2.2.0.jar;C:\Users\saibe\.m2\repository\io\swagger\core\v3\swagger-core-jakarta\2.2.15\swagger-core-jakarta-2.2.15.jar;C:\Users\saibe\.m2\repository\io\swagger\core\v3\swagger-annotations-jakarta\2.2.15\swagger-annotations-jakarta-2.2.15.jar;C:\Users\saibe\.m2\repository\io\swagger\core\v3\swagger-models-jakarta\2.2.15\swagger-models-jakarta-2.2.15.jar;C:\Users\saibe\.m2\repository\jakarta\validation\jakarta.validation-api\3.0.2\jakarta.validation-api-3.0.2.jar;C:\Users\saibe\.m2\repository\com\fasterxml\jackson\dataformat\jackson-dataformat-yaml\2.19.1\jackson-dataformat-yaml-2.19.1.jar;C:\Users\saibe\.m2\repository\org\webjars\swagger-ui\5.2.0\swagger-ui-5.2.0.jar;C:\Users\saibe\.m2\repository\org\modelmapper\modelmapper\3.1.1\modelmapper-3.1.1.jar;C:\Users\saibe\.m2\repository\org\springframework\boot\spring-boot-devtools\3.5.3\spring-boot-devtools-3.5.3.jar;C:\Users\saibe\.m2\repository\org\springframework\boot\spring-boot\3.5.3\spring-boot-3.5.3.jar;C:\Users\saibe\.m2\repository\org\springframework\boot\spring-boot-autoconfigure\3.5.3\spring-boot-autoconfigure-3.5.3.jar;C:\Users\saibe\.m2\repository\org\postgresql\postgresql\42.7.7\postgresql-42.7.7.jar;C:\Users\saibe\.m2\repository\org\checkerframework\checker-qual\3.49.3\checker-qual-3.49.3.jar;C:\Users\saibe\.m2\repository\org\projectlombok\lombok\1.18.38\lombok-1.18.38.jar;C:\Users\saibe\.m2\repository\jakarta\xml\bind\jakarta.xml.bind-api\4.0.2\jakarta.xml.bind-api-4.0.2.jar;C:\Users\saibe\.m2\repository\org\springframework\spring-core\6.2.8\spring-core-6.2.8.jar;C:\Users\saibe\.m2\repository\org\springframework\spring-jcl\6.2.8\spring-jcl-6.2.8.jar;C:\Program Files\JetBrains\IntelliJ IDEA Community Edition 2024.3.2.2\lib\idea_rt.jar
Launcher Type: SUN_STANDARD

[Global flags]
     intx CICompilerCount                          = 4                                         {product} {ergonomic}
     uint ConcGCThreads                            = 3                                         {product} {ergonomic}
     uint G1ConcRefinementThreads                  = 10                                        {product} {ergonomic}
   size_t G1HeapRegionSize                         = 2097152                                   {product} {ergonomic}
   size_t InitialHeapSize                          = 228589568                                 {product} {ergonomic}
   size_t MarkStackSize                            = 4194304                                   {product} {ergonomic}
   size_t MarkStackSizeMax                         = 536870912                                 {product} {ergonomic}
   size_t MaxHeapSize                              = 3638558720                                {product} {ergonomic}
   size_t MaxNewSize                               = 2183135232                                {product} {ergonomic}
   size_t MinHeapDeltaBytes                        = 2097152                                   {product} {ergonomic}
   size_t MinHeapSize                              = 8388608                                   {product} {ergonomic}
    uintx NonNMethodCodeHeapSize                   = 5832704                                {pd product} {ergonomic}
    uintx NonProfiledCodeHeapSize                  = 122945536                              {pd product} {ergonomic}
    uintx ProfiledCodeHeapSize                     = 122880000                              {pd product} {ergonomic}
    uintx ReservedCodeCacheSize                    = 251658240                              {pd product} {ergonomic}
     bool SegmentedCodeCache                       = true                                      {product} {ergonomic}
   size_t SoftMaxHeapSize                          = 3638558720                             {manageable} {ergonomic}
     bool UseCompressedOops                        = true                           {product lp64_product} {ergonomic}
     bool UseG1GC                                  = true                                      {product} {ergonomic}
     bool UseLargePagesIndividualAllocation        = false                                  {pd product} {ergonomic}

Logging:
Log output configuration:
 #0: stdout all=warning uptime,level,tags foldmultilines=false
 #1: stderr all=off uptime,level,tags foldmultilines=false

Environment Variables:
PATH=C:\Program Files\Common Files\Oracle\Java\javapath;C:\WINDOWS\system32;C:\WINDOWS;C:\WINDOWS\System32\Wbem;C:\WINDOWS\System32\WindowsPowerShell\v1.0\;C:\WINDOWS\System32\OpenSSH\;C:\Program Files\Git\cmd;C:\Users\saibe\AppData\Local\Microsoft\WindowsApps;C:\Users\saibe\AppData\Local\Programs\Microsoft VS Code\bin;
USERNAME=saibe
OS=Windows_NT
PROCESSOR_IDENTIFIER=Intel64 Family 6 Model 186 Stepping 3, GenuineIntel
TMP=C:\Users\saibe\AppData\Local\Temp
TEMP=C:\Users\saibe\AppData\Local\Temp




Periodic native trim disabled

---------------  S Y S T E M  ---------------

OS:
 Windows 11 , 64 bit Build 26100 (10.0.26100.4484)
OS uptime: 0 days 2:00 hours
Hyper-V role detected

CPU: total 12 (initial active 12) (6 cores per cpu, 2 threads per core) family 6 model 186 stepping 3 microcode 0x5105, cx8, cmov, fxsr, ht, mmx, 3dnowpref, sse, sse2, sse3, ssse3, sse4.1, sse4.2, popcnt, lzcnt, tsc, tscinvbit, avx, avx2, aes, erms, clmul, bmi1, bmi2, adx, sha, fma, vzeroupper, clflush, clflushopt, clwb, hv, serialize, rdtscp, rdpid, fsrm, gfni, f16c, cet_ibt, cet_ss
Processor Information for processor 0
  Max Mhz: 1700, Current Mhz: 1700, Mhz Limit: 1700
Processor Information for processor 1
  Max Mhz: 1700, Current Mhz: 1457, Mhz Limit: 1700
Processor Information for processor 2
  Max Mhz: 1700, Current Mhz: 1700, Mhz Limit: 1700
Processor Information for processor 3
  Max Mhz: 1700, Current Mhz: 1700, Mhz Limit: 1700
Processor Information for processor 4
  Max Mhz: 1700, Current Mhz: 1700, Mhz Limit: 1700
Processor Information for processor 5
  Max Mhz: 1700, Current Mhz: 1700, Mhz Limit: 1700
Processor Information for processor 6
  Max Mhz: 1700, Current Mhz: 1558, Mhz Limit: 1700
Processor Information for processor 7
  Max Mhz: 1700, Current Mhz: 1700, Mhz Limit: 1700
Processor Information for processor 8
  Max Mhz: 1700, Current Mhz: 1700, Mhz Limit: 1700
Processor Information for processor 9
  Max Mhz: 1700, Current Mhz: 1700, Mhz Limit: 1700
Processor Information for processor 10
  Max Mhz: 1700, Current Mhz: 1700, Mhz Limit: 1700
Processor Information for processor 11
  Max Mhz: 1700, Current Mhz: 1700, Mhz Limit: 1700

Memory: 4k page, system-wide physical 13879M (3700M free)
TotalPageFile size 13879M (AvailPageFile size 25M)
current process WorkingSet (physical memory assigned to process): 369M, peak: 435M
current process commit charge ("private bytes"): 420M, peak: 483M

vm_info: Java HotSpot(TM) 64-Bit Server VM (24.0.1+9-30) for windows-amd64 JRE (24.0.1+9-30), built on 2025-03-05T07:23:45Z with MS VC++ 17.6 (VS2022)

END.
